2010.08.22 15:48 B C:\user\nick\Website\Class1966\photogallery\photo6540\_vti_cnf\cls09_01.jpg --> ftp.nickfeng.com /fxl/photogallery/photo6540/_vti_cnf cls09_01.jpg
2010.08.22 15:48 B C:\user\nick\Website\Class1966\photogallery\photo6540\_vti_cnf\cls09_02.jpg --> ftp.nickfeng.com /fxl/photogallery/photo6540/_vti_cnf cls09_02.jpg
2010.08.22 15:48 B C:\user\nick\Website\Class1966\photogallery\photo6540\_vti_cnf\cls09_03.jpg --> ftp.nickfeng.com /fxl/photogallery/photo6540/_vti_cnf cls09_03.jpg
2010.08.22 15:48 B C:\user\nick\Website\Class1966\photogallery\photo6540\_vti_cnf\cls09_04.jpg --> ftp.nickfeng.com /fxl/photogallery/photo6540/_vti_cnf cls09_04.jpg
2010.08.22 15:48 B C:\user\nick\Website\Class1966\photogallery\photo6540\_vti_cnf\next.gif --> ftp.nickfeng.com /fxl/photogallery/photo6540/_vti_cnf next.gif
2010.08.22 15:48 B C:\user\nick\Website\Class1966\photogallery\photo6540\_vti_cnf\nextdis.gif --> ftp.nickfeng.com /fxl/photogallery/photo6540/_vti_cnf nextdis.gif
2010.08.22 15:48 B C:\user\nick\Website\Class1966\photogallery\photo6540\_vti_cnf\prev.gif --> ftp.nickfeng.com /fxl/photogallery/photo6540/_vti_cnf prev.gif
2010.08.22 15:48 B C:\user\nick\Website\Class1966\photogallery\photo6540\_vti_cnf\prevdis.gif --> ftp.nickfeng.com /fxl/photogallery/photo6540/_vti_cnf prevdis.gif
2010.08.22 15:48 B C:\user\nick\Website\Class1966\photogallery\photo6540\_vti_cnf\real.htm --> ftp.nickfeng.com /fxl/photogallery/photo6540/_vti_cnf real.htm
2010.08.22 15:48 B C:\user\nick\Website\Class1966\photogallery\photo6540\_vti_cnf\real_p.htm --> ftp.nickfeng.com /fxl/photogallery/photo6540/_vti_cnf real_p.htm
2010.08.22 15:48 B C:\user\nick\Website\Class1966\photogallery\photo6540\_vti_cnf\real_x.htm --> ftp.nickfeng.com /fxl/photogallery/photo6540/_vti_cnf real_x.htm
2010.08.22 15:48 B C:\user\nick\Website\Class1966\photogallery\photo6540\_vti_cnf\sldshow.js --> ftp.nickfeng.com /fxl/photogallery/photo6540/_vti_cnf sldshow.js
2012.10.18 10:22 B C:\Website\fxl\photogallery\photo6540\_vti_cnf\cls09_01.jpg --> 68516.42la.com.cn /68516/photogallery/photo6540/_vti_cnf cls09_01.jpg
2012.10.18 10:22 B C:\Website\fxl\photogallery\photo6540\_vti_cnf\cls09_02.jpg --> 68516.42la.com.cn /68516/photogallery/photo6540/_vti_cnf cls09_02.jpg
2012.10.18 10:22 B C:\Website\fxl\photogallery\photo6540\_vti_cnf\cls09_03.jpg --> 68516.42la.com.cn /68516/photogallery/photo6540/_vti_cnf cls09_03.jpg
2012.10.18 10:22 B C:\Website\fxl\photogallery\photo6540\_vti_cnf\cls09_04.jpg --> 68516.42la.com.cn /68516/photogallery/photo6540/_vti_cnf cls09_04.jpg
2012.10.18 10:22 B C:\Website\fxl\photogallery\photo6540\_vti_cnf\next.gif --> 68516.42la.com.cn /68516/photogallery/photo6540/_vti_cnf next.gif
2012.10.18 10:22 B C:\Website\fxl\photogallery\photo6540\_vti_cnf\nextdis.gif --> 68516.42la.com.cn /68516/photogallery/photo6540/_vti_cnf nextdis.gif
2012.10.18 10:22 B C:\Website\fxl\photogallery\photo6540\_vti_cnf\prev.gif --> 68516.42la.com.cn /68516/photogallery/photo6540/_vti_cnf prev.gif
2012.10.18 10:22 B C:\Website\fxl\photogallery\photo6540\_vti_cnf\prevdis.gif --> 68516.42la.com.cn /68516/photogallery/photo6540/_vti_cnf prevdis.gif
2012.10.18 10:22 B C:\Website\fxl\photogallery\photo6540\_vti_cnf\real.htm --> 68516.42la.com.cn /68516/photogallery/photo6540/_vti_cnf real.htm
2012.10.18 10:22 B C:\Website\fxl\photogallery\photo6540\_vti_cnf\real_p.htm --> 68516.42la.com.cn /68516/photogallery/photo6540/_vti_cnf real_p.htm
2012.10.18 10:22 B C:\Website\fxl\photogallery\photo6540\_vti_cnf\real_x.htm --> 68516.42la.com.cn /68516/photogallery/photo6540/_vti_cnf real_x.htm
2012.10.18 10:22 B C:\Website\fxl\photogallery\photo6540\_vti_cnf\sldshow.js --> 68516.42la.com.cn /68516/photogallery/photo6540/_vti_cnf sldshow.js
2012.10.18 10:22 B C:\Website\fxl\photogallery\photo6540\_vti_cnf\WS_FTP.LOG --> 68516.42la.com.cn /68516/photogallery/photo6540/_vti_cnf WS_FTP.LOG
2013.09.01 16:52 B C:\Website\fxl\photogallery\photo6540\_vti_cnf\cls09_01.jpg --> 68516.42la.com.cn /68516/photogallery/photo6540/_vti_cnf cls09_01.jpg
2013.09.01 16:52 B C:\Website\fxl\photogallery\photo6540\_vti_cnf\cls09_02.jpg --> 68516.42la.com.cn /68516/photogallery/photo6540/_vti_cnf cls09_02.jpg
2013.09.01 16:52 B C:\Website\fxl\photogallery\photo6540\_vti_cnf\cls09_03.jpg --> 68516.42la.com.cn /68516/photogallery/photo6540/_vti_cnf cls09_03.jpg
2013.09.01 16:52 B C:\Website\fxl\photogallery\photo6540\_vti_cnf\cls09_04.jpg --> 68516.42la.com.cn /68516/photogallery/photo6540/_vti_cnf cls09_04.jpg
2013.09.01 16:52 B C:\Website\fxl\photogallery\photo6540\_vti_cnf\next.gif --> 68516.42la.com.cn /68516/photogallery/photo6540/_vti_cnf next.gif
2013.09.01 16:52 B C:\Website\fxl\photogallery\photo6540\_vti_cnf\nextdis.gif --> 68516.42la.com.cn /68516/photogallery/photo6540/_vti_cnf nextdis.gif
2013.09.01 16:52 B C:\Website\fxl\photogallery\photo6540\_vti_cnf\prev.gif --> 68516.42la.com.cn /68516/photogallery/photo6540/_vti_cnf prev.gif
2013.09.01 16:52 B C:\Website\fxl\photogallery\photo6540\_vti_cnf\prevdis.gif --> 68516.42la.com.cn /68516/photogallery/photo6540/_vti_cnf prevdis.gif
2013.09.01 16:52 B C:\Website\fxl\photogallery\photo6540\_vti_cnf\real.htm --> 68516.42la.com.cn /68516/photogallery/photo6540/_vti_cnf real.htm
2013.09.01 16:52 B C:\Website\fxl\photogallery\photo6540\_vti_cnf\real_p.htm --> 68516.42la.com.cn /68516/photogallery/photo6540/_vti_cnf real_p.htm
2013.09.01 16:52 B C:\Website\fxl\photogallery\photo6540\_vti_cnf\real_x.htm --> 68516.42la.com.cn /68516/photogallery/photo6540/_vti_cnf real_x.htm
2013.09.01 16:52 B C:\Website\fxl\photogallery\photo6540\_vti_cnf\sldshow.js --> 68516.42la.com.cn /68516/photogallery/photo6540/_vti_cnf sldshow.js
2013.09.01 16:52 B C:\Website\fxl\photogallery\photo6540\_vti_cnf\WS_FTP.LOG --> 68516.42la.com.cn /68516/photogallery/photo6540/_vti_cnf WS_FTP.LOG
