2007.05.21 07:52 B c:\webpage\class1966\photogallery\photo4169\next.gif --> ftp.AnitasOcarinas.com /public_html/class1966/photogallery/photo4169 next.gif
2007.05.21 07:52 B c:\webpage\class1966\photogallery\photo4169\nextdis.gif --> ftp.AnitasOcarinas.com /public_html/class1966/photogallery/photo4169 nextdis.gif
2007.05.21 07:52 B c:\webpage\class1966\photogallery\photo4169\prev.gif --> ftp.AnitasOcarinas.com /public_html/class1966/photogallery/photo4169 prev.gif
2007.05.21 07:52 B c:\webpage\class1966\photogallery\photo4169\prevdis.gif --> ftp.AnitasOcarinas.com /public_html/class1966/photogallery/photo4169 prevdis.gif
2007.05.21 07:52 B c:\webpage\class1966\photogallery\photo4169\Rstrant07_03.jpg --> ftp.AnitasOcarinas.com /public_html/class1966/photogallery/photo4169 Rstrant07_03.jpg
2007.05.21 07:52 B c:\webpage\class1966\photogallery\photo4169\Rstrant07_04.jpg --> ftp.AnitasOcarinas.com /public_html/class1966/photogallery/photo4169 Rstrant07_04.jpg
2007.05.21 07:52 B c:\webpage\class1966\photogallery\photo4169\sldshow.js --> ftp.AnitasOcarinas.com /public_html/class1966/photogallery/photo4169 sldshow.js
2007.05.21 07:52 B c:\webpage\class1966\photogallery\photo4169\Rstrant07_05.jpg --> ftp.AnitasOcarinas.com /public_html/class1966/photogallery/photo4169 Rstrant07_05.jpg
2007.05.21 07:52 B c:\webpage\class1966\photogallery\photo4169\Rstrant07_06.jpg --> ftp.AnitasOcarinas.com /public_html/class1966/photogallery/photo4169 Rstrant07_06.jpg
2007.05.21 07:52 B c:\webpage\class1966\photogallery\photo4169\Rstrant07_07.jpg --> ftp.AnitasOcarinas.com /public_html/class1966/photogallery/photo4169 Rstrant07_07.jpg
2007.05.21 07:52 B c:\webpage\class1966\photogallery\photo4169\Rstrant07_08.jpg --> ftp.AnitasOcarinas.com /public_html/class1966/photogallery/photo4169 Rstrant07_08.jpg
2007.05.21 07:52 B c:\webpage\class1966\photogallery\photo4169\real.htm --> ftp.AnitasOcarinas.com /public_html/class1966/photogallery/photo4169 real.htm
2007.05.21 07:52 B c:\webpage\class1966\photogallery\photo4169\real_p.htm --> ftp.AnitasOcarinas.com /public_html/class1966/photogallery/photo4169 real_p.htm
2007.05.21 07:52 B c:\webpage\class1966\photogallery\photo4169\real_x.htm --> ftp.AnitasOcarinas.com /public_html/class1966/photogallery/photo4169 real_x.htm
2007.05.21 08:13 B c:\webpage\class1966\photogallery\photo4169\next.gif --> ftp.AnitasOcarinas.com /public_html/class1966/photogallery/photo4169 next.gif
2007.05.21 08:13 B c:\webpage\class1966\photogallery\photo4169\nextdis.gif --> ftp.AnitasOcarinas.com /public_html/class1966/photogallery/photo4169 nextdis.gif
2007.05.21 08:13 B c:\webpage\class1966\photogallery\photo4169\prev.gif --> ftp.AnitasOcarinas.com /public_html/class1966/photogallery/photo4169 prev.gif
2007.05.21 08:13 B c:\webpage\class1966\photogallery\photo4169\prevdis.gif --> ftp.AnitasOcarinas.com /public_html/class1966/photogallery/photo4169 prevdis.gif
2007.05.21 08:14 B c:\webpage\class1966\photogallery\photo4169\real.htm --> ftp.AnitasOcarinas.com /public_html/class1966/photogallery/photo4169 real.htm
2007.05.21 08:14 B c:\webpage\class1966\photogallery\photo4169\real_p.htm --> ftp.AnitasOcarinas.com /public_html/class1966/photogallery/photo4169 real_p.htm
2007.05.21 08:14 B c:\webpage\class1966\photogallery\photo4169\real_x.htm --> ftp.AnitasOcarinas.com /public_html/class1966/photogallery/photo4169 real_x.htm
2007.05.21 08:14 B c:\webpage\class1966\photogallery\photo4169\Rstrant07_03.jpg --> ftp.AnitasOcarinas.com /public_html/class1966/photogallery/photo4169 Rstrant07_03.jpg
2007.05.21 08:14 B c:\webpage\class1966\photogallery\photo4169\Rstrant07_04.jpg --> ftp.AnitasOcarinas.com /public_html/class1966/photogallery/photo4169 Rstrant07_04.jpg
2007.05.21 08:14 B c:\webpage\class1966\photogallery\photo4169\Rstrant07_05.jpg --> ftp.AnitasOcarinas.com /public_html/class1966/photogallery/photo4169 Rstrant07_05.jpg
2007.05.21 08:14 B c:\webpage\class1966\photogallery\photo4169\Rstrant07_06.jpg --> ftp.AnitasOcarinas.com /public_html/class1966/photogallery/photo4169 Rstrant07_06.jpg
2007.05.21 08:14 B c:\webpage\class1966\photogallery\photo4169\Rstrant07_07.jpg --> ftp.AnitasOcarinas.com /public_html/class1966/photogallery/photo4169 Rstrant07_07.jpg
2007.05.21 08:14 B c:\webpage\class1966\photogallery\photo4169\Rstrant07_08.jpg --> ftp.AnitasOcarinas.com /public_html/class1966/photogallery/photo4169 Rstrant07_08.jpg
2007.05.21 08:18 B c:\webpage\class1966\photogallery\photo4169\next.gif --> ftp.AnitasOcarinas.com /public_html/class1966/photogallery/photo4169 next.gif
2007.05.21 08:18 B c:\webpage\class1966\photogallery\photo4169\nextdis.gif --> ftp.AnitasOcarinas.com /public_html/class1966/photogallery/photo4169 nextdis.gif
2007.05.21 08:18 B c:\webpage\class1966\photogallery\photo4169\prev.gif --> ftp.AnitasOcarinas.com /public_html/class1966/photogallery/photo4169 prev.gif
2007.05.21 08:18 B c:\webpage\class1966\photogallery\photo4169\prevdis.gif --> ftp.AnitasOcarinas.com /public_html/class1966/photogallery/photo4169 prevdis.gif
2007.05.21 08:18 B c:\webpage\class1966\photogallery\photo4169\real.htm --> ftp.AnitasOcarinas.com /public_html/class1966/photogallery/photo4169 real.htm
2007.05.21 08:18 B c:\webpage\class1966\photogallery\photo4169\real_p.htm --> ftp.AnitasOcarinas.com /public_html/class1966/photogallery/photo4169 real_p.htm
2007.05.21 08:18 B c:\webpage\class1966\photogallery\photo4169\real_x.htm --> ftp.AnitasOcarinas.com /public_html/class1966/photogallery/photo4169 real_x.htm
2007.05.21 08:18 B c:\webpage\class1966\photogallery\photo4169\Rstrant07_03.jpg --> ftp.AnitasOcarinas.com /public_html/class1966/photogallery/photo4169 Rstrant07_03.jpg
2007.05.21 08:18 B c:\webpage\class1966\photogallery\photo4169\Rstrant07_04.jpg --> ftp.AnitasOcarinas.com /public_html/class1966/photogallery/photo4169 Rstrant07_04.jpg
2007.05.21 08:18 B c:\webpage\class1966\photogallery\photo4169\Rstrant07_05.jpg --> ftp.AnitasOcarinas.com /public_html/class1966/photogallery/photo4169 Rstrant07_05.jpg
2007.05.21 08:18 B c:\webpage\class1966\photogallery\photo4169\Rstrant07_06.jpg --> ftp.AnitasOcarinas.com /public_html/class1966/photogallery/photo4169 Rstrant07_06.jpg
2007.05.21 08:18 B c:\webpage\class1966\photogallery\photo4169\Rstrant07_07.jpg --> ftp.AnitasOcarinas.com /public_html/class1966/photogallery/photo4169 Rstrant07_07.jpg
2007.05.21 08:18 B c:\webpage\class1966\photogallery\photo4169\Rstrant07_08.jpg --> ftp.AnitasOcarinas.com /public_html/class1966/photogallery/photo4169 Rstrant07_08.jpg
2007.05.21 08:19 B c:\webpage\class1966\photogallery\photo4169\sldshow.js --> ftp.AnitasOcarinas.com /public_html/class1966/photogallery/photo4169 sldshow.js
2007.05.21 18:43 B c:\webpage\class1966\photogallery\photo4169\real.htm --> ftp.AnitasOcarinas.com /public_html/class1966/photogallery/photo4169 real.htm
2007.05.21 18:43 B c:\webpage\class1966\photogallery\photo4169\real_p.htm --> ftp.AnitasOcarinas.com /public_html/class1966/photogallery/photo4169 real_p.htm
2007.05.21 18:43 B c:\webpage\class1966\photogallery\photo4169\real_x.htm --> ftp.AnitasOcarinas.com /public_html/class1966/photogallery/photo4169 real_x.htm
2007.05.21 18:43 B c:\webpage\class1966\photogallery\photo4169\Rstrant07_05.jpg --> ftp.AnitasOcarinas.com /public_html/class1966/photogallery/photo4169 Rstrant07_05.jpg
2007.05.21 18:43 B c:\webpage\class1966\photogallery\photo4169\Rstrant07_06.jpg --> ftp.AnitasOcarinas.com /public_html/class1966/photogallery/photo4169 Rstrant07_06.jpg
2007.05.21 18:43 B c:\webpage\class1966\photogallery\photo4169\Rstrant07_07.jpg --> ftp.AnitasOcarinas.com /public_html/class1966/photogallery/photo4169 Rstrant07_07.jpg
2007.05.21 18:43 B c:\webpage\class1966\photogallery\photo4169\Rstrant07_08.jpg --> ftp.AnitasOcarinas.com /public_html/class1966/photogallery/photo4169 Rstrant07_08.jpg
2010.08.22 15:47 B C:\user\nick\Website\Class1966\photogallery\photo4169\next.gif --> ftp.nickfeng.com /fxl/photogallery/photo4169 next.gif
2010.08.22 15:47 B C:\user\nick\Website\Class1966\photogallery\photo4169\nextdis.gif --> ftp.nickfeng.com /fxl/photogallery/photo4169 nextdis.gif
2010.08.22 15:47 B C:\user\nick\Website\Class1966\photogallery\photo4169\prev.gif --> ftp.nickfeng.com /fxl/photogallery/photo4169 prev.gif
2010.08.22 15:47 B C:\user\nick\Website\Class1966\photogallery\photo4169\prevdis.gif --> ftp.nickfeng.com /fxl/photogallery/photo4169 prevdis.gif
2010.08.22 15:48 B C:\user\nick\Website\Class1966\photogallery\photo4169\real.htm --> ftp.nickfeng.com /fxl/photogallery/photo4169 real.htm
2010.08.22 15:48 B C:\user\nick\Website\Class1966\photogallery\photo4169\real_p.htm --> ftp.nickfeng.com /fxl/photogallery/photo4169 real_p.htm
2010.08.22 15:48 B C:\user\nick\Website\Class1966\photogallery\photo4169\real_x.htm --> ftp.nickfeng.com /fxl/photogallery/photo4169 real_x.htm
2010.08.22 15:48 B C:\user\nick\Website\Class1966\photogallery\photo4169\Rstrant07_03.jpg --> ftp.nickfeng.com /fxl/photogallery/photo4169 Rstrant07_03.jpg
2010.08.22 15:48 B C:\user\nick\Website\Class1966\photogallery\photo4169\Rstrant07_04.jpg --> ftp.nickfeng.com /fxl/photogallery/photo4169 Rstrant07_04.jpg
2010.08.22 15:48 B C:\user\nick\Website\Class1966\photogallery\photo4169\Rstrant07_05.jpg --> ftp.nickfeng.com /fxl/photogallery/photo4169 Rstrant07_05.jpg
2010.08.22 15:48 B C:\user\nick\Website\Class1966\photogallery\photo4169\Rstrant07_06.jpg --> ftp.nickfeng.com /fxl/photogallery/photo4169 Rstrant07_06.jpg
2010.08.22 15:48 B C:\user\nick\Website\Class1966\photogallery\photo4169\Rstrant07_07.jpg --> ftp.nickfeng.com /fxl/photogallery/photo4169 Rstrant07_07.jpg
2010.08.22 15:48 B C:\user\nick\Website\Class1966\photogallery\photo4169\Rstrant07_08.jpg --> ftp.nickfeng.com /fxl/photogallery/photo4169 Rstrant07_08.jpg
2010.08.22 15:48 B C:\user\nick\Website\Class1966\photogallery\photo4169\sldshow.js --> ftp.nickfeng.com /fxl/photogallery/photo4169 sldshow.js
2010.08.22 15:48 B C:\user\nick\Website\Class1966\photogallery\photo4169\WS_FTP.LOG --> ftp.nickfeng.com /fxl/photogallery/photo4169 WS_FTP.LOG
2012.10.18 10:22 B C:\Website\fxl\photogallery\photo4169\next.gif --> 68516.42la.com.cn /68516/photogallery/photo4169 next.gif
2012.10.18 10:22 B C:\Website\fxl\photogallery\photo4169\nextdis.gif --> 68516.42la.com.cn /68516/photogallery/photo4169 nextdis.gif
2012.10.18 10:22 B C:\Website\fxl\photogallery\photo4169\prev.gif --> 68516.42la.com.cn /68516/photogallery/photo4169 prev.gif
2012.10.18 10:22 B C:\Website\fxl\photogallery\photo4169\prevdis.gif --> 68516.42la.com.cn /68516/photogallery/photo4169 prevdis.gif
2012.10.18 10:22 B C:\Website\fxl\photogallery\photo4169\real.htm --> 68516.42la.com.cn /68516/photogallery/photo4169 real.htm
2012.10.18 10:22 B C:\Website\fxl\photogallery\photo4169\real_p.htm --> 68516.42la.com.cn /68516/photogallery/photo4169 real_p.htm
2012.10.18 10:22 B C:\Website\fxl\photogallery\photo4169\real_x.htm --> 68516.42la.com.cn /68516/photogallery/photo4169 real_x.htm
2012.10.18 10:22 B C:\Website\fxl\photogallery\photo4169\Rstrant07_03.jpg --> 68516.42la.com.cn /68516/photogallery/photo4169 Rstrant07_03.jpg
2012.10.18 10:22 B C:\Website\fxl\photogallery\photo4169\Rstrant07_04.jpg --> 68516.42la.com.cn /68516/photogallery/photo4169 Rstrant07_04.jpg
2012.10.18 10:22 B C:\Website\fxl\photogallery\photo4169\Rstrant07_05.jpg --> 68516.42la.com.cn /68516/photogallery/photo4169 Rstrant07_05.jpg
2012.10.18 10:22 B C:\Website\fxl\photogallery\photo4169\Rstrant07_06.jpg --> 68516.42la.com.cn /68516/photogallery/photo4169 Rstrant07_06.jpg
2012.10.18 10:22 B C:\Website\fxl\photogallery\photo4169\Rstrant07_07.jpg --> 68516.42la.com.cn /68516/photogallery/photo4169 Rstrant07_07.jpg
2012.10.18 10:22 B C:\Website\fxl\photogallery\photo4169\Rstrant07_08.jpg --> 68516.42la.com.cn /68516/photogallery/photo4169 Rstrant07_08.jpg
2012.10.18 10:22 B C:\Website\fxl\photogallery\photo4169\sldshow.js --> 68516.42la.com.cn /68516/photogallery/photo4169 sldshow.js
2012.10.18 10:22 B C:\Website\fxl\photogallery\photo4169\WS_FTP.LOG --> 68516.42la.com.cn /68516/photogallery/photo4169 WS_FTP.LOG
2013.09.01 16:52 B C:\Website\fxl\photogallery\photo4169\next.gif --> 68516.42la.com.cn /68516/photogallery/photo4169 next.gif
2013.09.01 16:52 B C:\Website\fxl\photogallery\photo4169\nextdis.gif --> 68516.42la.com.cn /68516/photogallery/photo4169 nextdis.gif
2013.09.01 16:52 B C:\Website\fxl\photogallery\photo4169\prev.gif --> 68516.42la.com.cn /68516/photogallery/photo4169 prev.gif
2013.09.01 16:52 B C:\Website\fxl\photogallery\photo4169\prevdis.gif --> 68516.42la.com.cn /68516/photogallery/photo4169 prevdis.gif
2013.09.01 16:52 B C:\Website\fxl\photogallery\photo4169\real.htm --> 68516.42la.com.cn /68516/photogallery/photo4169 real.htm
2013.09.01 16:52 B C:\Website\fxl\photogallery\photo4169\real_p.htm --> 68516.42la.com.cn /68516/photogallery/photo4169 real_p.htm
2013.09.01 16:52 B C:\Website\fxl\photogallery\photo4169\real_x.htm --> 68516.42la.com.cn /68516/photogallery/photo4169 real_x.htm
2013.09.01 16:52 B C:\Website\fxl\photogallery\photo4169\Rstrant07_03.jpg --> 68516.42la.com.cn /68516/photogallery/photo4169 Rstrant07_03.jpg
2013.09.01 16:52 B C:\Website\fxl\photogallery\photo4169\Rstrant07_04.jpg --> 68516.42la.com.cn /68516/photogallery/photo4169 Rstrant07_04.jpg
2013.09.01 16:52 B C:\Website\fxl\photogallery\photo4169\Rstrant07_05.jpg --> 68516.42la.com.cn /68516/photogallery/photo4169 Rstrant07_05.jpg
2013.09.01 16:52 B C:\Website\fxl\photogallery\photo4169\Rstrant07_06.jpg --> 68516.42la.com.cn /68516/photogallery/photo4169 Rstrant07_06.jpg
2013.09.01 16:52 B C:\Website\fxl\photogallery\photo4169\Rstrant07_07.jpg --> 68516.42la.com.cn /68516/photogallery/photo4169 Rstrant07_07.jpg
2013.09.01 16:52 B C:\Website\fxl\photogallery\photo4169\Rstrant07_08.jpg --> 68516.42la.com.cn /68516/photogallery/photo4169 Rstrant07_08.jpg
2013.09.01 16:52 B C:\Website\fxl\photogallery\photo4169\sldshow.js --> 68516.42la.com.cn /68516/photogallery/photo4169 sldshow.js
2013.09.01 16:52 B C:\Website\fxl\photogallery\photo4169\WS_FTP.LOG --> 68516.42la.com.cn /68516/photogallery/photo4169 WS_FTP.LOG
