2010.08.22 15:45 B C:\user\nick\Website\Class1966\photogallery\photo10982\2008ByTheLake01_sm.jpg --> ftp.nickfeng.com /fxl/photogallery/photo10982 2008ByTheLake01_sm.jpg
2010.08.22 15:45 B C:\user\nick\Website\Class1966\photogallery\photo10982\2008ByTheLake02_sm.jpg --> ftp.nickfeng.com /fxl/photogallery/photo10982 2008ByTheLake02_sm.jpg
2010.08.22 15:45 B C:\user\nick\Website\Class1966\photogallery\photo10982\2008ByTheLake05_sm.jpg --> ftp.nickfeng.com /fxl/photogallery/photo10982 2008ByTheLake05_sm.jpg
2010.08.22 15:45 B C:\user\nick\Website\Class1966\photogallery\photo10982\2008FemaleAudience_sm.jpg --> ftp.nickfeng.com /fxl/photogallery/photo10982 2008FemaleAudience_sm.jpg
2010.08.22 15:45 B C:\user\nick\Website\Class1966\photogallery\photo10982\2008ListenToDrSun_sm.jpg --> ftp.nickfeng.com /fxl/photogallery/photo10982 2008ListenToDrSun_sm.jpg
2010.08.22 15:45 B C:\user\nick\Website\Class1966\photogallery\photo10982\2008NewBook_sm.jpg --> ftp.nickfeng.com /fxl/photogallery/photo10982 2008NewBook_sm.jpg
2010.08.22 15:45 B C:\user\nick\Website\Class1966\photogallery\photo10982\2008Restrant01_sm.jpg --> ftp.nickfeng.com /fxl/photogallery/photo10982 2008Restrant01_sm.jpg
2010.08.22 15:45 B C:\user\nick\Website\Class1966\photogallery\photo10982\2008Restrant10.jpg --> ftp.nickfeng.com /fxl/photogallery/photo10982 2008Restrant10.jpg
2010.08.22 15:45 B C:\user\nick\Website\Class1966\photogallery\photo10982\2008Restrant13.jpg --> ftp.nickfeng.com /fxl/photogallery/photo10982 2008Restrant13.jpg
2010.08.22 15:45 B C:\user\nick\Website\Class1966\photogallery\photo10982\2008Restrant15.jpg --> ftp.nickfeng.com /fxl/photogallery/photo10982 2008Restrant15.jpg
2010.08.22 15:45 B C:\user\nick\Website\Class1966\photogallery\photo10982\2008Restrant16.jpg --> ftp.nickfeng.com /fxl/photogallery/photo10982 2008Restrant16.jpg
2010.08.22 15:45 B C:\user\nick\Website\Class1966\photogallery\photo10982\2008TheBook_sm.jpg --> ftp.nickfeng.com /fxl/photogallery/photo10982 2008TheBook_sm.jpg
2010.08.22 15:45 B C:\user\nick\Website\Class1966\photogallery\photo10982\2008WeHaveQuestion_sm.jpg --> ftp.nickfeng.com /fxl/photogallery/photo10982 2008WeHaveQuestion_sm.jpg
2010.08.22 15:46 B C:\user\nick\Website\Class1966\photogallery\photo10982\next.gif --> ftp.nickfeng.com /fxl/photogallery/photo10982 next.gif
2010.08.22 15:46 B C:\user\nick\Website\Class1966\photogallery\photo10982\nextdis.gif --> ftp.nickfeng.com /fxl/photogallery/photo10982 nextdis.gif
2010.08.22 15:46 B C:\user\nick\Website\Class1966\photogallery\photo10982\prev.gif --> ftp.nickfeng.com /fxl/photogallery/photo10982 prev.gif
2010.08.22 15:46 B C:\user\nick\Website\Class1966\photogallery\photo10982\prevdis.gif --> ftp.nickfeng.com /fxl/photogallery/photo10982 prevdis.gif
2010.08.22 15:46 B C:\user\nick\Website\Class1966\photogallery\photo10982\real.htm --> ftp.nickfeng.com /fxl/photogallery/photo10982 real.htm
2010.08.22 15:46 B C:\user\nick\Website\Class1966\photogallery\photo10982\real_p.htm --> ftp.nickfeng.com /fxl/photogallery/photo10982 real_p.htm
2010.08.22 15:46 B C:\user\nick\Website\Class1966\photogallery\photo10982\real_x.htm --> ftp.nickfeng.com /fxl/photogallery/photo10982 real_x.htm
2010.08.22 15:46 B C:\user\nick\Website\Class1966\photogallery\photo10982\sldshow.js --> ftp.nickfeng.com /fxl/photogallery/photo10982 sldshow.js
2012.10.18 10:18 B C:\Website\fxl\photogallery\photo10982\2008ByTheLake01_sm.jpg --> 68516.42la.com.cn /68516/photogallery/photo10982 2008ByTheLake01_sm.jpg
2012.10.18 10:18 B C:\Website\fxl\photogallery\photo10982\2008ByTheLake02_sm.jpg --> 68516.42la.com.cn /68516/photogallery/photo10982 2008ByTheLake02_sm.jpg
2012.10.18 10:18 B C:\Website\fxl\photogallery\photo10982\2008ByTheLake05_sm.jpg --> 68516.42la.com.cn /68516/photogallery/photo10982 2008ByTheLake05_sm.jpg
2012.10.18 10:18 B C:\Website\fxl\photogallery\photo10982\2008FemaleAudience_sm.jpg --> 68516.42la.com.cn /68516/photogallery/photo10982 2008FemaleAudience_sm.jpg
2012.10.18 10:18 B C:\Website\fxl\photogallery\photo10982\2008ListenToDrSun_sm.jpg --> 68516.42la.com.cn /68516/photogallery/photo10982 2008ListenToDrSun_sm.jpg
2012.10.18 10:18 B C:\Website\fxl\photogallery\photo10982\2008NewBook_sm.jpg --> 68516.42la.com.cn /68516/photogallery/photo10982 2008NewBook_sm.jpg
2012.10.18 10:18 B C:\Website\fxl\photogallery\photo10982\2008Restrant01_sm.jpg --> 68516.42la.com.cn /68516/photogallery/photo10982 2008Restrant01_sm.jpg
2012.10.18 10:18 B C:\Website\fxl\photogallery\photo10982\2008Restrant10.jpg --> 68516.42la.com.cn /68516/photogallery/photo10982 2008Restrant10.jpg
2012.10.18 10:18 B C:\Website\fxl\photogallery\photo10982\2008Restrant13.jpg --> 68516.42la.com.cn /68516/photogallery/photo10982 2008Restrant13.jpg
2012.10.18 10:18 B C:\Website\fxl\photogallery\photo10982\2008Restrant15.jpg --> 68516.42la.com.cn /68516/photogallery/photo10982 2008Restrant15.jpg
2012.10.18 10:18 B C:\Website\fxl\photogallery\photo10982\2008Restrant16.jpg --> 68516.42la.com.cn /68516/photogallery/photo10982 2008Restrant16.jpg
2012.10.18 10:18 B C:\Website\fxl\photogallery\photo10982\2008TheBook_sm.jpg --> 68516.42la.com.cn /68516/photogallery/photo10982 2008TheBook_sm.jpg
2012.10.18 10:18 B C:\Website\fxl\photogallery\photo10982\2008WeHaveQuestion_sm.jpg --> 68516.42la.com.cn /68516/photogallery/photo10982 2008WeHaveQuestion_sm.jpg
2012.10.18 10:18 B C:\Website\fxl\photogallery\photo10982\next.gif --> 68516.42la.com.cn /68516/photogallery/photo10982 next.gif
2012.10.18 10:18 B C:\Website\fxl\photogallery\photo10982\nextdis.gif --> 68516.42la.com.cn /68516/photogallery/photo10982 nextdis.gif
2012.10.18 10:18 B C:\Website\fxl\photogallery\photo10982\prev.gif --> 68516.42la.com.cn /68516/photogallery/photo10982 prev.gif
2012.10.18 10:18 B C:\Website\fxl\photogallery\photo10982\prevdis.gif --> 68516.42la.com.cn /68516/photogallery/photo10982 prevdis.gif
2012.10.18 10:18 B C:\Website\fxl\photogallery\photo10982\real.htm --> 68516.42la.com.cn /68516/photogallery/photo10982 real.htm
2012.10.18 10:18 B C:\Website\fxl\photogallery\photo10982\real_p.htm --> 68516.42la.com.cn /68516/photogallery/photo10982 real_p.htm
2012.10.18 10:18 B C:\Website\fxl\photogallery\photo10982\real_x.htm --> 68516.42la.com.cn /68516/photogallery/photo10982 real_x.htm
2012.10.18 10:18 B C:\Website\fxl\photogallery\photo10982\sldshow.js --> 68516.42la.com.cn /68516/photogallery/photo10982 sldshow.js
2012.10.18 10:18 B C:\Website\fxl\photogallery\photo10982\WS_FTP.LOG --> 68516.42la.com.cn /68516/photogallery/photo10982 WS_FTP.LOG
2013.09.01 16:46 B C:\Website\fxl\photogallery\photo10982\2008ByTheLake01_sm.jpg --> 68516.42la.com.cn /68516/photogallery/photo10982 2008ByTheLake01_sm.jpg
2013.09.01 16:46 B C:\Website\fxl\photogallery\photo10982\2008ByTheLake02_sm.jpg --> 68516.42la.com.cn /68516/photogallery/photo10982 2008ByTheLake02_sm.jpg
2013.09.01 16:46 B C:\Website\fxl\photogallery\photo10982\2008ByTheLake05_sm.jpg --> 68516.42la.com.cn /68516/photogallery/photo10982 2008ByTheLake05_sm.jpg
2013.09.01 16:46 B C:\Website\fxl\photogallery\photo10982\2008FemaleAudience_sm.jpg --> 68516.42la.com.cn /68516/photogallery/photo10982 2008FemaleAudience_sm.jpg
2013.09.01 16:46 B C:\Website\fxl\photogallery\photo10982\2008ListenToDrSun_sm.jpg --> 68516.42la.com.cn /68516/photogallery/photo10982 2008ListenToDrSun_sm.jpg
2013.09.01 16:46 B C:\Website\fxl\photogallery\photo10982\2008NewBook_sm.jpg --> 68516.42la.com.cn /68516/photogallery/photo10982 2008NewBook_sm.jpg
2013.09.01 16:46 B C:\Website\fxl\photogallery\photo10982\2008Restrant01_sm.jpg --> 68516.42la.com.cn /68516/photogallery/photo10982 2008Restrant01_sm.jpg
2013.09.01 16:46 B C:\Website\fxl\photogallery\photo10982\2008Restrant10.jpg --> 68516.42la.com.cn /68516/photogallery/photo10982 2008Restrant10.jpg
2013.09.01 16:46 B C:\Website\fxl\photogallery\photo10982\2008Restrant13.jpg --> 68516.42la.com.cn /68516/photogallery/photo10982 2008Restrant13.jpg
2013.09.01 16:46 B C:\Website\fxl\photogallery\photo10982\2008Restrant15.jpg --> 68516.42la.com.cn /68516/photogallery/photo10982 2008Restrant15.jpg
2013.09.01 16:47 B C:\Website\fxl\photogallery\photo10982\2008Restrant16.jpg --> 68516.42la.com.cn /68516/photogallery/photo10982 2008Restrant16.jpg
2013.09.01 16:47 B C:\Website\fxl\photogallery\photo10982\2008TheBook_sm.jpg --> 68516.42la.com.cn /68516/photogallery/photo10982 2008TheBook_sm.jpg
2013.09.01 16:47 B C:\Website\fxl\photogallery\photo10982\2008WeHaveQuestion_sm.jpg --> 68516.42la.com.cn /68516/photogallery/photo10982 2008WeHaveQuestion_sm.jpg
2013.09.01 16:47 B C:\Website\fxl\photogallery\photo10982\next.gif --> 68516.42la.com.cn /68516/photogallery/photo10982 next.gif
2013.09.01 16:47 B C:\Website\fxl\photogallery\photo10982\nextdis.gif --> 68516.42la.com.cn /68516/photogallery/photo10982 nextdis.gif
2013.09.01 16:47 B C:\Website\fxl\photogallery\photo10982\prev.gif --> 68516.42la.com.cn /68516/photogallery/photo10982 prev.gif
2013.09.01 16:47 B C:\Website\fxl\photogallery\photo10982\prevdis.gif --> 68516.42la.com.cn /68516/photogallery/photo10982 prevdis.gif
2013.09.01 16:47 B C:\Website\fxl\photogallery\photo10982\real.htm --> 68516.42la.com.cn /68516/photogallery/photo10982 real.htm
2013.09.01 16:47 B C:\Website\fxl\photogallery\photo10982\real_p.htm --> 68516.42la.com.cn /68516/photogallery/photo10982 real_p.htm
2013.09.01 16:47 B C:\Website\fxl\photogallery\photo10982\real_x.htm --> 68516.42la.com.cn /68516/photogallery/photo10982 real_x.htm
2013.09.01 16:47 B C:\Website\fxl\photogallery\photo10982\sldshow.js --> 68516.42la.com.cn /68516/photogallery/photo10982 sldshow.js
2013.09.01 16:47 B C:\Website\fxl\photogallery\photo10982\WS_FTP.LOG --> 68516.42la.com.cn /68516/photogallery/photo10982 WS_FTP.LOG
