2010.08.22 15:29 B C:\user\nick\Website\Class1966\images\GradeSchool\_vti_cnf\ChenRongGuang1966_sm.jpg --> ftp.nickfeng.com /fxl/images/GradeSchool/_vti_cnf ChenRongGuang1966_sm.jpg
2010.08.22 15:29 B C:\user\nick\Website\Class1966\images\GradeSchool\_vti_cnf\ChenYunFang1966_sm.jpg --> ftp.nickfeng.com /fxl/images/GradeSchool/_vti_cnf ChenYunFang1966_sm.jpg
2010.08.22 15:29 B C:\user\nick\Website\Class1966\images\GradeSchool\_vti_cnf\GuanJinHua1966_sm.jpg --> ftp.nickfeng.com /fxl/images/GradeSchool/_vti_cnf GuanJinHua1966_sm.jpg
2010.08.22 15:29 B C:\user\nick\Website\Class1966\images\GradeSchool\_vti_cnf\HeMeiGradeSchool_sm.jpg --> ftp.nickfeng.com /fxl/images/GradeSchool/_vti_cnf HeMeiGradeSchool_sm.jpg
2010.08.22 15:29 B C:\user\nick\Website\Class1966\images\GradeSchool\_vti_cnf\LianXiaoAn1966_sm.jpg --> ftp.nickfeng.com /fxl/images/GradeSchool/_vti_cnf LianXiaoAn1966_sm.jpg
2010.08.22 15:29 B C:\user\nick\Website\Class1966\images\GradeSchool\_vti_cnf\LiBaoShu1966_sm.jpg --> ftp.nickfeng.com /fxl/images/GradeSchool/_vti_cnf LiBaoShu1966_sm.jpg
2010.08.22 15:29 B C:\user\nick\Website\Class1966\images\GradeSchool\_vti_cnf\LiuWei1966_sm.jpg --> ftp.nickfeng.com /fxl/images/GradeSchool/_vti_cnf LiuWei1966_sm.jpg
2010.08.22 15:29 B C:\user\nick\Website\Class1966\images\GradeSchool\_vti_cnf\MinQi1969_sm.jpg --> ftp.nickfeng.com /fxl/images/GradeSchool/_vti_cnf MinQi1969_sm.jpg
2010.08.22 15:29 B C:\user\nick\Website\Class1966\images\GradeSchool\_vti_cnf\ShuiZhiYi1966_sm.jpg --> ftp.nickfeng.com /fxl/images/GradeSchool/_vti_cnf ShuiZhiYi1966_sm.jpg
2010.08.22 15:29 B C:\user\nick\Website\Class1966\images\GradeSchool\_vti_cnf\SongXiaoPing1969_sm.jpg --> ftp.nickfeng.com /fxl/images/GradeSchool/_vti_cnf SongXiaoPing1969_sm.jpg
2010.08.22 15:29 B C:\user\nick\Website\Class1966\images\GradeSchool\_vti_cnf\SunNingLing1969_sm.jpg --> ftp.nickfeng.com /fxl/images/GradeSchool/_vti_cnf SunNingLing1969_sm.jpg
2010.08.22 15:29 B C:\user\nick\Website\Class1966\images\GradeSchool\_vti_cnf\YaoXingWei66_sm.jpg --> ftp.nickfeng.com /fxl/images/GradeSchool/_vti_cnf YaoXingWei66_sm.jpg
2010.08.22 15:29 B C:\user\nick\Website\Class1966\images\GradeSchool\_vti_cnf\YingXuYan1969_sm.jpg --> ftp.nickfeng.com /fxl/images/GradeSchool/_vti_cnf YingXuYan1969_sm.jpg
2010.08.22 15:29 B C:\user\nick\Website\Class1966\images\GradeSchool\_vti_cnf\ZhangXuePing1966_sm.jpg --> ftp.nickfeng.com /fxl/images/GradeSchool/_vti_cnf ZhangXuePing1966_sm.jpg
2012.10.18 10:06 B C:\Website\fxl\images\GradeSchool\_vti_cnf\ChenRongGuang1966_sm.jpg --> 68516.42la.com.cn /68516/images/GradeSchool/_vti_cnf ChenRongGuang1966_sm.jpg
2012.10.18 10:06 B C:\Website\fxl\images\GradeSchool\_vti_cnf\ChenYunFang1966_sm.jpg --> 68516.42la.com.cn /68516/images/GradeSchool/_vti_cnf ChenYunFang1966_sm.jpg
2012.10.18 10:06 B C:\Website\fxl\images\GradeSchool\_vti_cnf\GuanJinHua1966_sm.jpg --> 68516.42la.com.cn /68516/images/GradeSchool/_vti_cnf GuanJinHua1966_sm.jpg
2012.10.18 10:06 B C:\Website\fxl\images\GradeSchool\_vti_cnf\HeMeiGradeSchool_sm.jpg --> 68516.42la.com.cn /68516/images/GradeSchool/_vti_cnf HeMeiGradeSchool_sm.jpg
2012.10.18 10:06 B C:\Website\fxl\images\GradeSchool\_vti_cnf\LianXiaoAn1966_sm.jpg --> 68516.42la.com.cn /68516/images/GradeSchool/_vti_cnf LianXiaoAn1966_sm.jpg
2012.10.18 10:06 B C:\Website\fxl\images\GradeSchool\_vti_cnf\LiBaoShu1966_sm.jpg --> 68516.42la.com.cn /68516/images/GradeSchool/_vti_cnf LiBaoShu1966_sm.jpg
2012.10.18 10:06 B C:\Website\fxl\images\GradeSchool\_vti_cnf\LiuWei1966_sm.jpg --> 68516.42la.com.cn /68516/images/GradeSchool/_vti_cnf LiuWei1966_sm.jpg
2012.10.18 10:06 B C:\Website\fxl\images\GradeSchool\_vti_cnf\MinQi1969_sm.jpg --> 68516.42la.com.cn /68516/images/GradeSchool/_vti_cnf MinQi1969_sm.jpg
2012.10.18 10:06 B C:\Website\fxl\images\GradeSchool\_vti_cnf\ShuiZhiYi1966_sm.jpg --> 68516.42la.com.cn /68516/images/GradeSchool/_vti_cnf ShuiZhiYi1966_sm.jpg
2012.10.18 10:06 B C:\Website\fxl\images\GradeSchool\_vti_cnf\SongXiaoPing1969_sm.jpg --> 68516.42la.com.cn /68516/images/GradeSchool/_vti_cnf SongXiaoPing1969_sm.jpg
2012.10.18 10:06 B C:\Website\fxl\images\GradeSchool\_vti_cnf\SunNingLing1969_sm.jpg --> 68516.42la.com.cn /68516/images/GradeSchool/_vti_cnf SunNingLing1969_sm.jpg
2012.10.18 10:06 B C:\Website\fxl\images\GradeSchool\_vti_cnf\WS_FTP.LOG --> 68516.42la.com.cn /68516/images/GradeSchool/_vti_cnf WS_FTP.LOG
2012.10.18 10:06 B C:\Website\fxl\images\GradeSchool\_vti_cnf\YaoXingWei66_sm.jpg --> 68516.42la.com.cn /68516/images/GradeSchool/_vti_cnf YaoXingWei66_sm.jpg
2012.10.18 10:06 B C:\Website\fxl\images\GradeSchool\_vti_cnf\YingXuYan1969_sm.jpg --> 68516.42la.com.cn /68516/images/GradeSchool/_vti_cnf YingXuYan1969_sm.jpg
2012.10.18 10:06 B C:\Website\fxl\images\GradeSchool\_vti_cnf\ZhangXuePing1966_sm.jpg --> 68516.42la.com.cn /68516/images/GradeSchool/_vti_cnf ZhangXuePing1966_sm.jpg
2013.09.01 16:33 B C:\Website\fxl\images\GradeSchool\_vti_cnf\ChenRongGuang1966_sm.jpg --> 68516.42la.com.cn /68516/images/GradeSchool/_vti_cnf ChenRongGuang1966_sm.jpg
2013.09.01 16:33 B C:\Website\fxl\images\GradeSchool\_vti_cnf\ChenYunFang1966_sm.jpg --> 68516.42la.com.cn /68516/images/GradeSchool/_vti_cnf ChenYunFang1966_sm.jpg
2013.09.01 16:33 B C:\Website\fxl\images\GradeSchool\_vti_cnf\GuanJinHua1966_sm.jpg --> 68516.42la.com.cn /68516/images/GradeSchool/_vti_cnf GuanJinHua1966_sm.jpg
2013.09.01 16:33 B C:\Website\fxl\images\GradeSchool\_vti_cnf\HeMeiGradeSchool_sm.jpg --> 68516.42la.com.cn /68516/images/GradeSchool/_vti_cnf HeMeiGradeSchool_sm.jpg
2013.09.01 16:33 B C:\Website\fxl\images\GradeSchool\_vti_cnf\LianXiaoAn1966_sm.jpg --> 68516.42la.com.cn /68516/images/GradeSchool/_vti_cnf LianXiaoAn1966_sm.jpg
2013.09.01 16:33 B C:\Website\fxl\images\GradeSchool\_vti_cnf\LiBaoShu1966_sm.jpg --> 68516.42la.com.cn /68516/images/GradeSchool/_vti_cnf LiBaoShu1966_sm.jpg
2013.09.01 16:33 B C:\Website\fxl\images\GradeSchool\_vti_cnf\LiuWei1966_sm.jpg --> 68516.42la.com.cn /68516/images/GradeSchool/_vti_cnf LiuWei1966_sm.jpg
2013.09.01 16:33 B C:\Website\fxl\images\GradeSchool\_vti_cnf\MinQi1969_sm.jpg --> 68516.42la.com.cn /68516/images/GradeSchool/_vti_cnf MinQi1969_sm.jpg
2013.09.01 16:33 B C:\Website\fxl\images\GradeSchool\_vti_cnf\ShuiZhiYi1966_sm.jpg --> 68516.42la.com.cn /68516/images/GradeSchool/_vti_cnf ShuiZhiYi1966_sm.jpg
2013.09.01 16:33 B C:\Website\fxl\images\GradeSchool\_vti_cnf\SongXiaoPing1969_sm.jpg --> 68516.42la.com.cn /68516/images/GradeSchool/_vti_cnf SongXiaoPing1969_sm.jpg
2013.09.01 16:33 B C:\Website\fxl\images\GradeSchool\_vti_cnf\SunNingLing1969_sm.jpg --> 68516.42la.com.cn /68516/images/GradeSchool/_vti_cnf SunNingLing1969_sm.jpg
2013.09.01 16:33 B C:\Website\fxl\images\GradeSchool\_vti_cnf\WS_FTP.LOG --> 68516.42la.com.cn /68516/images/GradeSchool/_vti_cnf WS_FTP.LOG
2013.09.01 16:33 B C:\Website\fxl\images\GradeSchool\_vti_cnf\YaoXingWei66_sm.jpg --> 68516.42la.com.cn /68516/images/GradeSchool/_vti_cnf YaoXingWei66_sm.jpg
2013.09.01 16:33 B C:\Website\fxl\images\GradeSchool\_vti_cnf\YingXuYan1969_sm.jpg --> 68516.42la.com.cn /68516/images/GradeSchool/_vti_cnf YingXuYan1969_sm.jpg
2013.09.01 16:33 B C:\Website\fxl\images\GradeSchool\_vti_cnf\ZhangXuePing1966_sm.jpg --> 68516.42la.com.cn /68516/images/GradeSchool/_vti_cnf ZhangXuePing1966_sm.jpg
