2010.08.22 15:51 B C:\user\nick\Website\Class1966\photogallery\photo778\_vti_cnf\FiveGirls1969.jpg --> ftp.nickfeng.com /fxl/photogallery/photo778/_vti_cnf FiveGirls1969.jpg
2010.08.22 15:51 B C:\user\nick\Website\Class1966\photogallery\photo778\_vti_cnf\GangOf3_sm.jpg --> ftp.nickfeng.com /fxl/photogallery/photo778/_vti_cnf GangOf3_sm.jpg
2010.08.22 15:51 B C:\user\nick\Website\Class1966\photogallery\photo778\_vti_cnf\GirlsMetAgain.jpg --> ftp.nickfeng.com /fxl/photogallery/photo778/_vti_cnf GirlsMetAgain.jpg
2010.08.22 15:51 B C:\user\nick\Website\Class1966\photogallery\photo778\_vti_cnf\GirlsMetAgain2.jpg --> ftp.nickfeng.com /fxl/photogallery/photo778/_vti_cnf GirlsMetAgain2.jpg
2010.08.22 15:51 B C:\user\nick\Website\Class1966\photogallery\photo778\_vti_cnf\HeMei01_sm.jpg --> ftp.nickfeng.com /fxl/photogallery/photo778/_vti_cnf HeMei01_sm.jpg
2010.08.22 15:51 B C:\user\nick\Website\Class1966\photogallery\photo778\_vti_cnf\next.gif --> ftp.nickfeng.com /fxl/photogallery/photo778/_vti_cnf next.gif
2010.08.22 15:51 B C:\user\nick\Website\Class1966\photogallery\photo778\_vti_cnf\nextdis.gif --> ftp.nickfeng.com /fxl/photogallery/photo778/_vti_cnf nextdis.gif
2010.08.22 15:51 B C:\user\nick\Website\Class1966\photogallery\photo778\_vti_cnf\prev.gif --> ftp.nickfeng.com /fxl/photogallery/photo778/_vti_cnf prev.gif
2010.08.22 15:51 B C:\user\nick\Website\Class1966\photogallery\photo778\_vti_cnf\prevdis.gif --> ftp.nickfeng.com /fxl/photogallery/photo778/_vti_cnf prevdis.gif
2010.08.22 15:51 B C:\user\nick\Website\Class1966\photogallery\photo778\_vti_cnf\real.htm --> ftp.nickfeng.com /fxl/photogallery/photo778/_vti_cnf real.htm
2010.08.22 15:51 B C:\user\nick\Website\Class1966\photogallery\photo778\_vti_cnf\real_p.htm --> ftp.nickfeng.com /fxl/photogallery/photo778/_vti_cnf real_p.htm
2010.08.22 15:51 B C:\user\nick\Website\Class1966\photogallery\photo778\_vti_cnf\real_x.htm --> ftp.nickfeng.com /fxl/photogallery/photo778/_vti_cnf real_x.htm
2010.08.22 15:51 B C:\user\nick\Website\Class1966\photogallery\photo778\_vti_cnf\sldshow.js --> ftp.nickfeng.com /fxl/photogallery/photo778/_vti_cnf sldshow.js
2012.10.18 10:23 B C:\Website\fxl\photogallery\photo778\_vti_cnf\FiveGirls1969.jpg --> 68516.42la.com.cn /68516/photogallery/photo778/_vti_cnf FiveGirls1969.jpg
2012.10.18 10:23 B C:\Website\fxl\photogallery\photo778\_vti_cnf\GangOf3_sm.jpg --> 68516.42la.com.cn /68516/photogallery/photo778/_vti_cnf GangOf3_sm.jpg
2012.10.18 10:23 B C:\Website\fxl\photogallery\photo778\_vti_cnf\GirlsMetAgain.jpg --> 68516.42la.com.cn /68516/photogallery/photo778/_vti_cnf GirlsMetAgain.jpg
2012.10.18 10:23 B C:\Website\fxl\photogallery\photo778\_vti_cnf\GirlsMetAgain2.jpg --> 68516.42la.com.cn /68516/photogallery/photo778/_vti_cnf GirlsMetAgain2.jpg
2012.10.18 10:23 B C:\Website\fxl\photogallery\photo778\_vti_cnf\HeMei01_sm.jpg --> 68516.42la.com.cn /68516/photogallery/photo778/_vti_cnf HeMei01_sm.jpg
2012.10.18 10:23 B C:\Website\fxl\photogallery\photo778\_vti_cnf\next.gif --> 68516.42la.com.cn /68516/photogallery/photo778/_vti_cnf next.gif
2012.10.18 10:23 B C:\Website\fxl\photogallery\photo778\_vti_cnf\nextdis.gif --> 68516.42la.com.cn /68516/photogallery/photo778/_vti_cnf nextdis.gif
2012.10.18 10:23 B C:\Website\fxl\photogallery\photo778\_vti_cnf\prev.gif --> 68516.42la.com.cn /68516/photogallery/photo778/_vti_cnf prev.gif
2012.10.18 10:23 B C:\Website\fxl\photogallery\photo778\_vti_cnf\prevdis.gif --> 68516.42la.com.cn /68516/photogallery/photo778/_vti_cnf prevdis.gif
2012.10.18 10:23 B C:\Website\fxl\photogallery\photo778\_vti_cnf\real.htm --> 68516.42la.com.cn /68516/photogallery/photo778/_vti_cnf real.htm
2012.10.18 10:23 B C:\Website\fxl\photogallery\photo778\_vti_cnf\real_p.htm --> 68516.42la.com.cn /68516/photogallery/photo778/_vti_cnf real_p.htm
2012.10.18 10:23 B C:\Website\fxl\photogallery\photo778\_vti_cnf\real_x.htm --> 68516.42la.com.cn /68516/photogallery/photo778/_vti_cnf real_x.htm
2012.10.18 10:23 B C:\Website\fxl\photogallery\photo778\_vti_cnf\sldshow.js --> 68516.42la.com.cn /68516/photogallery/photo778/_vti_cnf sldshow.js
2012.10.18 10:23 B C:\Website\fxl\photogallery\photo778\_vti_cnf\WS_FTP.LOG --> 68516.42la.com.cn /68516/photogallery/photo778/_vti_cnf WS_FTP.LOG
2013.09.01 16:53 B C:\Website\fxl\photogallery\photo778\_vti_cnf\FiveGirls1969.jpg --> 68516.42la.com.cn /68516/photogallery/photo778/_vti_cnf FiveGirls1969.jpg
2013.09.01 16:53 B C:\Website\fxl\photogallery\photo778\_vti_cnf\GangOf3_sm.jpg --> 68516.42la.com.cn /68516/photogallery/photo778/_vti_cnf GangOf3_sm.jpg
2013.09.01 16:53 B C:\Website\fxl\photogallery\photo778\_vti_cnf\GirlsMetAgain.jpg --> 68516.42la.com.cn /68516/photogallery/photo778/_vti_cnf GirlsMetAgain.jpg
2013.09.01 16:53 B C:\Website\fxl\photogallery\photo778\_vti_cnf\GirlsMetAgain2.jpg --> 68516.42la.com.cn /68516/photogallery/photo778/_vti_cnf GirlsMetAgain2.jpg
2013.09.01 16:53 B C:\Website\fxl\photogallery\photo778\_vti_cnf\HeMei01_sm.jpg --> 68516.42la.com.cn /68516/photogallery/photo778/_vti_cnf HeMei01_sm.jpg
2013.09.01 16:53 B C:\Website\fxl\photogallery\photo778\_vti_cnf\next.gif --> 68516.42la.com.cn /68516/photogallery/photo778/_vti_cnf next.gif
2013.09.01 16:53 B C:\Website\fxl\photogallery\photo778\_vti_cnf\nextdis.gif --> 68516.42la.com.cn /68516/photogallery/photo778/_vti_cnf nextdis.gif
2013.09.01 16:53 B C:\Website\fxl\photogallery\photo778\_vti_cnf\prev.gif --> 68516.42la.com.cn /68516/photogallery/photo778/_vti_cnf prev.gif
2013.09.01 16:53 B C:\Website\fxl\photogallery\photo778\_vti_cnf\prevdis.gif --> 68516.42la.com.cn /68516/photogallery/photo778/_vti_cnf prevdis.gif
2013.09.01 16:53 B C:\Website\fxl\photogallery\photo778\_vti_cnf\real.htm --> 68516.42la.com.cn /68516/photogallery/photo778/_vti_cnf real.htm
2013.09.01 16:53 B C:\Website\fxl\photogallery\photo778\_vti_cnf\real_p.htm --> 68516.42la.com.cn /68516/photogallery/photo778/_vti_cnf real_p.htm
2013.09.01 16:53 B C:\Website\fxl\photogallery\photo778\_vti_cnf\real_x.htm --> 68516.42la.com.cn /68516/photogallery/photo778/_vti_cnf real_x.htm
2013.09.01 16:53 B C:\Website\fxl\photogallery\photo778\_vti_cnf\sldshow.js --> 68516.42la.com.cn /68516/photogallery/photo778/_vti_cnf sldshow.js
2013.09.01 16:53 B C:\Website\fxl\photogallery\photo778\_vti_cnf\WS_FTP.LOG --> 68516.42la.com.cn /68516/photogallery/photo778/_vti_cnf WS_FTP.LOG
