vti_encoding:SR|utf8-nl
vti_timelastmodified:TR|22 Aug 2010 22:47:02 -0000
vti_extenderversion:SR|5.0.2.6790
vti_author:SR|Laptop\\Nick
vti_modifiedby:SR|Laptop\\Nick
vti_timecreated:TR|22 Aug 2010 22:47:02 -0000
2012.10.18 10:18 B C:\Website\fxl\photogallery\photo11359\_vti_cnf\AuthenticPeasantDinner.jpg --> 68516.42la.com.cn /68516/photogallery/photo11359/_vti_cnf AuthenticPeasantDinner.jpg
2012.10.18 10:18 B C:\Website\fxl\photogallery\photo11359\_vti_cnf\BareBackChickens.jpg --> 68516.42la.com.cn /68516/photogallery/photo11359/_vti_cnf BareBackChickens.jpg
2012.10.18 10:18 B C:\Website\fxl\photogallery\photo11359\_vti_cnf\Bargain.jpg --> 68516.42la.com.cn /68516/photogallery/photo11359/_vti_cnf Bargain.jpg
2012.10.18 10:18 B C:\Website\fxl\photogallery\photo11359\_vti_cnf\BeachRoad.jpg --> 68516.42la.com.cn /68516/photogallery/photo11359/_vti_cnf BeachRoad.jpg
2012.10.18 10:18 B C:\Website\fxl\photogallery\photo11359\_vti_cnf\BetweenPilors.jpg --> 68516.42la.com.cn /68516/photogallery/photo11359/_vti_cnf BetweenPilors.jpg
2012.10.18 10:18 B C:\Website\fxl\photogallery\photo11359\_vti_cnf\BottomsUp.jpg --> 68516.42la.com.cn /68516/photogallery/photo11359/_vti_cnf BottomsUp.jpg
2012.10.18 10:18 B C:\Website\fxl\photogallery\photo11359\_vti_cnf\CherryPicking.jpg --> 68516.42la.com.cn /68516/photogallery/photo11359/_vti_cnf CherryPicking.jpg
2012.10.18 10:18 B C:\Website\fxl\photogallery\photo11359\_vti_cnf\CherryPickingMore.jpg --> 68516.42la.com.cn /68516/photogallery/photo11359/_vti_cnf CherryPickingMore.jpg
2012.10.18 10:18 B C:\Website\fxl\photogallery\photo11359\_vti_cnf\Climbing.jpg --> 68516.42la.com.cn /68516/photogallery/photo11359/_vti_cnf Climbing.jpg
2012.10.18 10:18 B C:\Website\fxl\photogallery\photo11359\_vti_cnf\ClimbMore.jpg --> 68516.42la.com.cn /68516/photogallery/photo11359/_vti_cnf ClimbMore.jpg
2012.10.18 10:18 B C:\Website\fxl\photogallery\photo11359\_vti_cnf\CocoonDish.jpg --> 68516.42la.com.cn /68516/photogallery/photo11359/_vti_cnf CocoonDish.jpg
2012.10.18 10:18 B C:\Website\fxl\photogallery\photo11359\_vti_cnf\CountryGirlsOnMotorBikes.jpg --> 68516.42la.com.cn /68516/photogallery/photo11359/_vti_cnf CountryGirlsOnMotorBikes.jpg
2012.10.18 10:18 B C:\Website\fxl\photogallery\photo11359\_vti_cnf\CultureRevolutionRestaurant.jpg --> 68516.42la.com.cn /68516/photogallery/photo11359/_vti_cnf CultureRevolutionRestaurant.jpg
2012.10.18 10:18 B C:\Website\fxl\photogallery\photo11359\_vti_cnf\DidntTheyCountedWrong.jpg --> 68516.42la.com.cn /68516/photogallery/photo11359/_vti_cnf DidntTheyCountedWrong.jpg
2012.10.18 10:18 B C:\Website\fxl\photogallery\photo11359\_vti_cnf\FishAndSteamedBread.jpg --> 68516.42la.com.cn /68516/photogallery/photo11359/_vti_cnf FishAndSteamedBread.jpg
2012.10.18 10:18 B C:\Website\fxl\photogallery\photo11359\_vti_cnf\FreeMarket.jpg --> 68516.42la.com.cn /68516/photogallery/photo11359/_vti_cnf FreeMarket.jpg
2012.10.18 10:18 B C:\Website\fxl\photogallery\photo11359\_vti_cnf\GroupHorse.jpg --> 68516.42la.com.cn /68516/photogallery/photo11359/_vti_cnf GroupHorse.jpg
2012.10.18 10:18 B C:\Website\fxl\photogallery\photo11359\_vti_cnf\GroupOnWindmilHill.jpg --> 68516.42la.com.cn /68516/photogallery/photo11359/_vti_cnf GroupOnWindmilHill.jpg
2012.10.18 10:18 B C:\Website\fxl\photogallery\photo11359\_vti_cnf\Lakeside.jpg --> 68516.42la.com.cn /68516/photogallery/photo11359/_vti_cnf Lakeside.jpg
2012.10.18 10:18 B C:\Website\fxl\photogallery\photo11359\_vti_cnf\MountainReflections.jpg --> 68516.42la.com.cn /68516/photogallery/photo11359/_vti_cnf MountainReflections.jpg
2012.10.18 10:18 B C:\Website\fxl\photogallery\photo11359\_vti_cnf\NewDishReaction.jpg --> 68516.42la.com.cn /68516/photogallery/photo11359/_vti_cnf NewDishReaction.jpg
2012.10.18 10:18 B C:\Website\fxl\photogallery\photo11359\_vti_cnf\next.gif --> 68516.42la.com.cn /68516/photogallery/photo11359/_vti_cnf next.gif
2012.10.18 10:18 B C:\Website\fxl\photogallery\photo11359\_vti_cnf\nextdis.gif --> 68516.42la.com.cn /68516/photogallery/photo11359/_vti_cnf nextdis.gif
2012.10.18 10:18 B C:\Website\fxl\photogallery\photo11359\_vti_cnf\OnFarmersRoof.jpg --> 68516.42la.com.cn /68516/photogallery/photo11359/_vti_cnf OnFarmersRoof.jpg
2012.10.18 10:18 B C:\Website\fxl\photogallery\photo11359\_vti_cnf\Pavilion.jpg --> 68516.42la.com.cn /68516/photogallery/photo11359/_vti_cnf Pavilion.jpg
2012.10.18 10:18 B C:\Website\fxl\photogallery\photo11359\_vti_cnf\Photogragher.jpg --> 68516.42la.com.cn /68516/photogallery/photo11359/_vti_cnf Photogragher.jpg
2012.10.18 10:18 B C:\Website\fxl\photogallery\photo11359\_vti_cnf\prev.gif --> 68516.42la.com.cn /68516/photogallery/photo11359/_vti_cnf prev.gif
2012.10.18 10:18 B C:\Website\fxl\photogallery\photo11359\_vti_cnf\prevdis.gif --> 68516.42la.com.cn /68516/photogallery/photo11359/_vti_cnf prevdis.gif
2012.10.18 10:19 B C:\Website\fxl\photogallery\photo11359\_vti_cnf\QingEmperorStatue.jpg --> 68516.42la.com.cn /68516/photogallery/photo11359/_vti_cnf QingEmperorStatue.jpg
2012.10.18 10:19 B C:\Website\fxl\photogallery\photo11359\_vti_cnf\QinRenHouse.jpg --> 68516.42la.com.cn /68516/photogallery/photo11359/_vti_cnf QinRenHouse.jpg
2012.10.18 10:19 B C:\Website\fxl\photogallery\photo11359\_vti_cnf\real.htm --> 68516.42la.com.cn /68516/photogallery/photo11359/_vti_cnf real.htm
2012.10.18 10:19 B C:\Website\fxl\photogallery\photo11359\_vti_cnf\real_p.htm --> 68516.42la.com.cn /68516/photogallery/photo11359/_vti_cnf real_p.htm
2012.10.18 10:19 B C:\Website\fxl\photogallery\photo11359\_vti_cnf\real_x.htm --> 68516.42la.com.cn /68516/photogallery/photo11359/_vti_cnf real_x.htm
2012.10.18 10:19 B C:\Website\fxl\photogallery\photo11359\_vti_cnf\RedGuardWaitress.jpg --> 68516.42la.com.cn /68516/photogallery/photo11359/_vti_cnf RedGuardWaitress.jpg
2012.10.18 10:19 B C:\Website\fxl\photogallery\photo11359\_vti_cnf\RevolutionaryRestaurant.jpg --> 68516.42la.com.cn /68516/photogallery/photo11359/_vti_cnf RevolutionaryRestaurant.jpg
2012.10.18 10:19 B C:\Website\fxl\photogallery\photo11359\_vti_cnf\RootingIntoTheCountryDinner.jpg --> 68516.42la.com.cn /68516/photogallery/photo11359/_vti_cnf RootingIntoTheCountryDinner.jpg
2012.10.18 10:19 B C:\Website\fxl\photogallery\photo11359\_vti_cnf\SaunterContryRoad.jpg --> 68516.42la.com.cn /68516/photogallery/photo11359/_vti_cnf SaunterContryRoad.jpg
2012.10.18 10:19 B C:\Website\fxl\photogallery\photo11359\_vti_cnf\SaunterInCountryRoad.jpg --> 68516.42la.com.cn /68516/photogallery/photo11359/_vti_cnf SaunterInCountryRoad.jpg
2012.10.18 10:19 B C:\Website\fxl\photogallery\photo11359\_vti_cnf\SeafoodDinner.jpg --> 68516.42la.com.cn /68516/photogallery/photo11359/_vti_cnf SeafoodDinner.jpg
2012.10.18 10:19 B C:\Website\fxl\photogallery\photo11359\_vti_cnf\SeasideBeauties.jpg --> 68516.42la.com.cn /68516/photogallery/photo11359/_vti_cnf SeasideBeauties.jpg
2012.10.18 10:19 B C:\Website\fxl\photogallery\photo11359\_vti_cnf\SitInARow.jpg --> 68516.42la.com.cn /68516/photogallery/photo11359/_vti_cnf SitInARow.jpg
2012.10.18 10:19 B C:\Website\fxl\photogallery\photo11359\_vti_cnf\sldshow.js --> 68516.42la.com.cn /68516/photogallery/photo11359/_vti_cnf sldshow.js
2012.10.18 10:19 B C:\Website\fxl\photogallery\photo11359\_vti_cnf\StoneForest.jpg --> 68516.42la.com.cn /68516/photogallery/photo11359/_vti_cnf StoneForest.jpg
2012.10.18 10:19 B C:\Website\fxl\photogallery\photo11359\_vti_cnf\StoryTellerChen.jpg --> 68516.42la.com.cn /68516/photogallery/photo11359/_vti_cnf StoryTellerChen.jpg
2012.10.18 10:19 B C:\Website\fxl\photogallery\photo11359\_vti_cnf\TownSquare.jpg --> 68516.42la.com.cn /68516/photogallery/photo11359/_vti_cnf TownSquare.jpg
2012.10.18 10:19 B C:\Website\fxl\photogallery\photo11359\_vti_cnf\WhyMotherLandLastForever.jpg --> 68516.42la.com.cn /68516/photogallery/photo11359/_vti_cnf WhyMotherLandLastForever.jpg
2012.10.18 10:19 B C:\Website\fxl\photogallery\photo11359\_vti_cnf\WS_FTP.LOG --> 68516.42la.com.cn /68516/photogallery/photo11359/_vti_cnf WS_FTP.LOG
2013.09.01 16:47 B C:\Website\fxl\photogallery\photo11359\_vti_cnf\AuthenticPeasantDinner.jpg --> 68516.42la.com.cn /68516/photogallery/photo11359/_vti_cnf AuthenticPeasantDinner.jpg
2013.09.01 16:47 B C:\Website\fxl\photogallery\photo11359\_vti_cnf\BareBackChickens.jpg --> 68516.42la.com.cn /68516/photogallery/photo11359/_vti_cnf BareBackChickens.jpg
2013.09.01 16:47 B C:\Website\fxl\photogallery\photo11359\_vti_cnf\Bargain.jpg --> 68516.42la.com.cn /68516/photogallery/photo11359/_vti_cnf Bargain.jpg
2013.09.01 16:47 B C:\Website\fxl\photogallery\photo11359\_vti_cnf\BeachRoad.jpg --> 68516.42la.com.cn /68516/photogallery/photo11359/_vti_cnf BeachRoad.jpg
2013.09.01 16:47 B C:\Website\fxl\photogallery\photo11359\_vti_cnf\BetweenPilors.jpg --> 68516.42la.com.cn /68516/photogallery/photo11359/_vti_cnf BetweenPilors.jpg
2013.09.01 16:47 B C:\Website\fxl\photogallery\photo11359\_vti_cnf\BottomsUp.jpg --> 68516.42la.com.cn /68516/photogallery/photo11359/_vti_cnf BottomsUp.jpg
2013.09.01 16:47 B C:\Website\fxl\photogallery\photo11359\_vti_cnf\CherryPicking.jpg --> 68516.42la.com.cn /68516/photogallery/photo11359/_vti_cnf CherryPicking.jpg
2013.09.01 16:47 B C:\Website\fxl\photogallery\photo11359\_vti_cnf\CherryPickingMore.jpg --> 68516.42la.com.cn /68516/photogallery/photo11359/_vti_cnf CherryPickingMore.jpg
2013.09.01 16:47 B C:\Website\fxl\photogallery\photo11359\_vti_cnf\Climbing.jpg --> 68516.42la.com.cn /68516/photogallery/photo11359/_vti_cnf Climbing.jpg
2013.09.01 16:47 B C:\Website\fxl\photogallery\photo11359\_vti_cnf\ClimbMore.jpg --> 68516.42la.com.cn /68516/photogallery/photo11359/_vti_cnf ClimbMore.jpg
2013.09.01 16:47 B C:\Website\fxl\photogallery\photo11359\_vti_cnf\CocoonDish.jpg --> 68516.42la.com.cn /68516/photogallery/photo11359/_vti_cnf CocoonDish.jpg
2013.09.01 16:47 B C:\Website\fxl\photogallery\photo11359\_vti_cnf\CountryGirlsOnMotorBikes.jpg --> 68516.42la.com.cn /68516/photogallery/photo11359/_vti_cnf CountryGirlsOnMotorBikes.jpg
2013.09.01 16:47 B C:\Website\fxl\photogallery\photo11359\_vti_cnf\CultureRevolutionRestaurant.jpg --> 68516.42la.com.cn /68516/photogallery/photo11359/_vti_cnf CultureRevolutionRestaurant.jpg
2013.09.01 16:47 B C:\Website\fxl\photogallery\photo11359\_vti_cnf\DidntTheyCountedWrong.jpg --> 68516.42la.com.cn /68516/photogallery/photo11359/_vti_cnf DidntTheyCountedWrong.jpg
2013.09.01 16:47 B C:\Website\fxl\photogallery\photo11359\_vti_cnf\FishAndSteamedBread.jpg --> 68516.42la.com.cn /68516/photogallery/photo11359/_vti_cnf FishAndSteamedBread.jpg
2013.09.01 16:47 B C:\Website\fxl\photogallery\photo11359\_vti_cnf\FreeMarket.jpg --> 68516.42la.com.cn /68516/photogallery/photo11359/_vti_cnf FreeMarket.jpg
2013.09.01 16:47 B C:\Website\fxl\photogallery\photo11359\_vti_cnf\GroupHorse.jpg --> 68516.42la.com.cn /68516/photogallery/photo11359/_vti_cnf GroupHorse.jpg
2013.09.01 16:47 B C:\Website\fxl\photogallery\photo11359\_vti_cnf\GroupOnWindmilHill.jpg --> 68516.42la.com.cn /68516/photogallery/photo11359/_vti_cnf GroupOnWindmilHill.jpg
2013.09.01 16:47 B C:\Website\fxl\photogallery\photo11359\_vti_cnf\Lakeside.jpg --> 68516.42la.com.cn /68516/photogallery/photo11359/_vti_cnf Lakeside.jpg
2013.09.01 16:47 B C:\Website\fxl\photogallery\photo11359\_vti_cnf\MountainReflections.jpg --> 68516.42la.com.cn /68516/photogallery/photo11359/_vti_cnf MountainReflections.jpg
2013.09.01 16:47 B C:\Website\fxl\photogallery\photo11359\_vti_cnf\NewDishReaction.jpg --> 68516.42la.com.cn /68516/photogallery/photo11359/_vti_cnf NewDishReaction.jpg
2013.09.01 16:47 B C:\Website\fxl\photogallery\photo11359\_vti_cnf\next.gif --> 68516.42la.com.cn /68516/photogallery/photo11359/_vti_cnf next.gif
2013.09.01 16:47 B C:\Website\fxl\photogallery\photo11359\_vti_cnf\nextdis.gif --> 68516.42la.com.cn /68516/photogallery/photo11359/_vti_cnf nextdis.gif
2013.09.01 16:47 B C:\Website\fxl\photogallery\photo11359\_vti_cnf\OnFarmersRoof.jpg --> 68516.42la.com.cn /68516/photogallery/photo11359/_vti_cnf OnFarmersRoof.jpg
2013.09.01 16:47 B C:\Website\fxl\photogallery\photo11359\_vti_cnf\Pavilion.jpg --> 68516.42la.com.cn /68516/photogallery/photo11359/_vti_cnf Pavilion.jpg
2013.09.01 16:47 B C:\Website\fxl\photogallery\photo11359\_vti_cnf\Photogragher.jpg --> 68516.42la.com.cn /68516/photogallery/photo11359/_vti_cnf Photogragher.jpg
2013.09.01 16:48 B C:\Website\fxl\photogallery\photo11359\_vti_cnf\prev.gif --> 68516.42la.com.cn /68516/photogallery/photo11359/_vti_cnf prev.gif
2013.09.01 16:48 B C:\Website\fxl\photogallery\photo11359\_vti_cnf\prevdis.gif --> 68516.42la.com.cn /68516/photogallery/photo11359/_vti_cnf prevdis.gif
2013.09.01 16:48 B C:\Website\fxl\photogallery\photo11359\_vti_cnf\QingEmperorStatue.jpg --> 68516.42la.com.cn /68516/photogallery/photo11359/_vti_cnf QingEmperorStatue.jpg
2013.09.01 16:48 B C:\Website\fxl\photogallery\photo11359\_vti_cnf\QinRenHouse.jpg --> 68516.42la.com.cn /68516/photogallery/photo11359/_vti_cnf QinRenHouse.jpg
2013.09.01 16:48 B C:\Website\fxl\photogallery\photo11359\_vti_cnf\real.htm --> 68516.42la.com.cn /68516/photogallery/photo11359/_vti_cnf real.htm
2013.09.01 16:48 B C:\Website\fxl\photogallery\photo11359\_vti_cnf\real_p.htm --> 68516.42la.com.cn /68516/photogallery/photo11359/_vti_cnf real_p.htm
2013.09.01 16:48 B C:\Website\fxl\photogallery\photo11359\_vti_cnf\real_x.htm --> 68516.42la.com.cn /68516/photogallery/photo11359/_vti_cnf real_x.htm
2013.09.01 16:48 B C:\Website\fxl\photogallery\photo11359\_vti_cnf\RedGuardWaitress.jpg --> 68516.42la.com.cn /68516/photogallery/photo11359/_vti_cnf RedGuardWaitress.jpg
2013.09.01 16:48 B C:\Website\fxl\photogallery\photo11359\_vti_cnf\RevolutionaryRestaurant.jpg --> 68516.42la.com.cn /68516/photogallery/photo11359/_vti_cnf RevolutionaryRestaurant.jpg
2013.09.01 16:48 B C:\Website\fxl\photogallery\photo11359\_vti_cnf\RootingIntoTheCountryDinner.jpg --> 68516.42la.com.cn /68516/photogallery/photo11359/_vti_cnf RootingIntoTheCountryDinner.jpg
2013.09.01 16:48 B C:\Website\fxl\photogallery\photo11359\_vti_cnf\SaunterContryRoad.jpg --> 68516.42la.com.cn /68516/photogallery/photo11359/_vti_cnf SaunterContryRoad.jpg
2013.09.01 16:48 B C:\Website\fxl\photogallery\photo11359\_vti_cnf\SaunterInCountryRoad.jpg --> 68516.42la.com.cn /68516/photogallery/photo11359/_vti_cnf SaunterInCountryRoad.jpg
2013.09.01 16:48 B C:\Website\fxl\photogallery\photo11359\_vti_cnf\SeafoodDinner.jpg --> 68516.42la.com.cn /68516/photogallery/photo11359/_vti_cnf SeafoodDinner.jpg
2013.09.01 16:48 B C:\Website\fxl\photogallery\photo11359\_vti_cnf\SeasideBeauties.jpg --> 68516.42la.com.cn /68516/photogallery/photo11359/_vti_cnf SeasideBeauties.jpg
2013.09.01 16:48 B C:\Website\fxl\photogallery\photo11359\_vti_cnf\SitInARow.jpg --> 68516.42la.com.cn /68516/photogallery/photo11359/_vti_cnf SitInARow.jpg
2013.09.01 16:48 B C:\Website\fxl\photogallery\photo11359\_vti_cnf\sldshow.js --> 68516.42la.com.cn /68516/photogallery/photo11359/_vti_cnf sldshow.js
2013.09.01 16:48 B C:\Website\fxl\photogallery\photo11359\_vti_cnf\StoneForest.jpg --> 68516.42la.com.cn /68516/photogallery/photo11359/_vti_cnf StoneForest.jpg
2013.09.01 16:48 B C:\Website\fxl\photogallery\photo11359\_vti_cnf\StoryTellerChen.jpg --> 68516.42la.com.cn /68516/photogallery/photo11359/_vti_cnf StoryTellerChen.jpg
2013.09.01 16:48 B C:\Website\fxl\photogallery\photo11359\_vti_cnf\TownSquare.jpg --> 68516.42la.com.cn /68516/photogallery/photo11359/_vti_cnf TownSquare.jpg
2013.09.01 16:48 B C:\Website\fxl\photogallery\photo11359\_vti_cnf\WhyMotherLandLastForever.jpg --> 68516.42la.com.cn /68516/photogallery/photo11359/_vti_cnf WhyMotherLandLastForever.jpg
2013.09.01 16:48 B C:\Website\fxl\photogallery\photo11359\_vti_cnf\WS_FTP.LOG --> 68516.42la.com.cn /68516/photogallery/photo11359/_vti_cnf WS_FTP.LOG
