2010.08.22 15:49 B C:\user\nick\Website\Class1966\photogallery\photo6540\cls09_01.jpg --> ftp.nickfeng.com /fxl/photogallery/photo6540 cls09_01.jpg
2010.08.22 15:49 B C:\user\nick\Website\Class1966\photogallery\photo6540\cls09_02.jpg --> ftp.nickfeng.com /fxl/photogallery/photo6540 cls09_02.jpg
2010.08.22 15:49 B C:\user\nick\Website\Class1966\photogallery\photo6540\cls09_03.jpg --> ftp.nickfeng.com /fxl/photogallery/photo6540 cls09_03.jpg
2010.08.22 15:49 B C:\user\nick\Website\Class1966\photogallery\photo6540\cls09_04.jpg --> ftp.nickfeng.com /fxl/photogallery/photo6540 cls09_04.jpg
2010.08.22 15:49 B C:\user\nick\Website\Class1966\photogallery\photo6540\next.gif --> ftp.nickfeng.com /fxl/photogallery/photo6540 next.gif
2010.08.22 15:49 B C:\user\nick\Website\Class1966\photogallery\photo6540\nextdis.gif --> ftp.nickfeng.com /fxl/photogallery/photo6540 nextdis.gif
2010.08.22 15:49 B C:\user\nick\Website\Class1966\photogallery\photo6540\prev.gif --> ftp.nickfeng.com /fxl/photogallery/photo6540 prev.gif
2010.08.22 15:49 B C:\user\nick\Website\Class1966\photogallery\photo6540\prevdis.gif --> ftp.nickfeng.com /fxl/photogallery/photo6540 prevdis.gif
2010.08.22 15:49 B C:\user\nick\Website\Class1966\photogallery\photo6540\real.htm --> ftp.nickfeng.com /fxl/photogallery/photo6540 real.htm
2010.08.22 15:49 B C:\user\nick\Website\Class1966\photogallery\photo6540\real_p.htm --> ftp.nickfeng.com /fxl/photogallery/photo6540 real_p.htm
2010.08.22 15:49 B C:\user\nick\Website\Class1966\photogallery\photo6540\real_x.htm --> ftp.nickfeng.com /fxl/photogallery/photo6540 real_x.htm
2010.08.22 15:49 B C:\user\nick\Website\Class1966\photogallery\photo6540\sldshow.js --> ftp.nickfeng.com /fxl/photogallery/photo6540 sldshow.js
2012.10.18 10:23 B C:\Website\fxl\photogallery\photo6540\cls09_01.jpg --> 68516.42la.com.cn /68516/photogallery/photo6540 cls09_01.jpg
2012.10.18 10:23 B C:\Website\fxl\photogallery\photo6540\cls09_02.jpg --> 68516.42la.com.cn /68516/photogallery/photo6540 cls09_02.jpg
2012.10.18 10:23 B C:\Website\fxl\photogallery\photo6540\cls09_03.jpg --> 68516.42la.com.cn /68516/photogallery/photo6540 cls09_03.jpg
2012.10.18 10:23 B C:\Website\fxl\photogallery\photo6540\cls09_04.jpg --> 68516.42la.com.cn /68516/photogallery/photo6540 cls09_04.jpg
2012.10.18 10:23 B C:\Website\fxl\photogallery\photo6540\next.gif --> 68516.42la.com.cn /68516/photogallery/photo6540 next.gif
2012.10.18 10:23 B C:\Website\fxl\photogallery\photo6540\nextdis.gif --> 68516.42la.com.cn /68516/photogallery/photo6540 nextdis.gif
2012.10.18 10:23 B C:\Website\fxl\photogallery\photo6540\prev.gif --> 68516.42la.com.cn /68516/photogallery/photo6540 prev.gif
2012.10.18 10:23 B C:\Website\fxl\photogallery\photo6540\prevdis.gif --> 68516.42la.com.cn /68516/photogallery/photo6540 prevdis.gif
2012.10.18 10:23 B C:\Website\fxl\photogallery\photo6540\real.htm --> 68516.42la.com.cn /68516/photogallery/photo6540 real.htm
2012.10.18 10:23 B C:\Website\fxl\photogallery\photo6540\real_p.htm --> 68516.42la.com.cn /68516/photogallery/photo6540 real_p.htm
2012.10.18 10:23 B C:\Website\fxl\photogallery\photo6540\real_x.htm --> 68516.42la.com.cn /68516/photogallery/photo6540 real_x.htm
2012.10.18 10:23 B C:\Website\fxl\photogallery\photo6540\sldshow.js --> 68516.42la.com.cn /68516/photogallery/photo6540 sldshow.js
2012.10.18 10:23 B C:\Website\fxl\photogallery\photo6540\WS_FTP.LOG --> 68516.42la.com.cn /68516/photogallery/photo6540 WS_FTP.LOG
2013.09.01 16:53 B C:\Website\fxl\photogallery\photo6540\cls09_01.jpg --> 68516.42la.com.cn /68516/photogallery/photo6540 cls09_01.jpg
2013.09.01 16:53 B C:\Website\fxl\photogallery\photo6540\cls09_02.jpg --> 68516.42la.com.cn /68516/photogallery/photo6540 cls09_02.jpg
2013.09.01 16:53 B C:\Website\fxl\photogallery\photo6540\cls09_03.jpg --> 68516.42la.com.cn /68516/photogallery/photo6540 cls09_03.jpg
2013.09.01 16:53 B C:\Website\fxl\photogallery\photo6540\cls09_04.jpg --> 68516.42la.com.cn /68516/photogallery/photo6540 cls09_04.jpg
2013.09.01 16:53 B C:\Website\fxl\photogallery\photo6540\next.gif --> 68516.42la.com.cn /68516/photogallery/photo6540 next.gif
2013.09.01 16:53 B C:\Website\fxl\photogallery\photo6540\nextdis.gif --> 68516.42la.com.cn /68516/photogallery/photo6540 nextdis.gif
2013.09.01 16:53 B C:\Website\fxl\photogallery\photo6540\prev.gif --> 68516.42la.com.cn /68516/photogallery/photo6540 prev.gif
2013.09.01 16:53 B C:\Website\fxl\photogallery\photo6540\prevdis.gif --> 68516.42la.com.cn /68516/photogallery/photo6540 prevdis.gif
2013.09.01 16:53 B C:\Website\fxl\photogallery\photo6540\real.htm --> 68516.42la.com.cn /68516/photogallery/photo6540 real.htm
2013.09.01 16:53 B C:\Website\fxl\photogallery\photo6540\real_p.htm --> 68516.42la.com.cn /68516/photogallery/photo6540 real_p.htm
2013.09.01 16:53 B C:\Website\fxl\photogallery\photo6540\real_x.htm --> 68516.42la.com.cn /68516/photogallery/photo6540 real_x.htm
2013.09.01 16:53 B C:\Website\fxl\photogallery\photo6540\sldshow.js --> 68516.42la.com.cn /68516/photogallery/photo6540 sldshow.js
2013.09.01 16:53 B C:\Website\fxl\photogallery\photo6540\WS_FTP.LOG --> 68516.42la.com.cn /68516/photogallery/photo6540 WS_FTP.LOG
