2007.05.15 19:21 B c:\webpage\class1966\photogallery\photo24355\cls07_01.jpg --> ftp.AnitasOcarinas.com /public_html/class1966/photogallery/photo24355 cls07_01.jpg
2007.05.15 19:21 B c:\webpage\class1966\photogallery\photo24355\cls07_02.jpg --> ftp.AnitasOcarinas.com /public_html/class1966/photogallery/photo24355 cls07_02.jpg
2007.05.15 19:21 B c:\webpage\class1966\photogallery\photo24355\cls07_03.jpg --> ftp.AnitasOcarinas.com /public_html/class1966/photogallery/photo24355 cls07_03.jpg
2007.05.15 19:21 B c:\webpage\class1966\photogallery\photo24355\cls07_04.jpg --> ftp.AnitasOcarinas.com /public_html/class1966/photogallery/photo24355 cls07_04.jpg
2007.05.15 19:21 B c:\webpage\class1966\photogallery\photo24355\cls07_05.jpg --> ftp.AnitasOcarinas.com /public_html/class1966/photogallery/photo24355 cls07_05.jpg
2007.05.15 19:21 B c:\webpage\class1966\photogallery\photo24355\cls07_06.jpg --> ftp.AnitasOcarinas.com /public_html/class1966/photogallery/photo24355 cls07_06.jpg
2007.05.15 19:22 B c:\webpage\class1966\photogallery\photo24355\cls07_09.jpg --> ftp.AnitasOcarinas.com /public_html/class1966/photogallery/photo24355 cls07_09.jpg
2007.05.15 19:22 B c:\webpage\class1966\photogallery\photo24355\cls07_10.jpg --> ftp.AnitasOcarinas.com /public_html/class1966/photogallery/photo24355 cls07_10.jpg
2007.05.15 19:22 B c:\webpage\class1966\photogallery\photo24355\cls07_11.jpg --> ftp.AnitasOcarinas.com /public_html/class1966/photogallery/photo24355 cls07_11.jpg
2007.05.15 19:22 B c:\webpage\class1966\photogallery\photo24355\cls07_13.jpg --> ftp.AnitasOcarinas.com /public_html/class1966/photogallery/photo24355 cls07_13.jpg
2007.05.15 19:22 B c:\webpage\class1966\photogallery\photo24355\next.gif --> ftp.AnitasOcarinas.com /public_html/class1966/photogallery/photo24355 next.gif
2007.05.15 19:22 B c:\webpage\class1966\photogallery\photo24355\nextdis.gif --> ftp.AnitasOcarinas.com /public_html/class1966/photogallery/photo24355 nextdis.gif
2007.05.15 19:22 B c:\webpage\class1966\photogallery\photo24355\prev.gif --> ftp.AnitasOcarinas.com /public_html/class1966/photogallery/photo24355 prev.gif
2007.05.15 19:22 B c:\webpage\class1966\photogallery\photo24355\prevdis.gif --> ftp.AnitasOcarinas.com /public_html/class1966/photogallery/photo24355 prevdis.gif
2007.05.15 19:22 B c:\webpage\class1966\photogallery\photo24355\real.htm --> ftp.AnitasOcarinas.com /public_html/class1966/photogallery/photo24355 real.htm
2007.05.15 19:22 B c:\webpage\class1966\photogallery\photo24355\real_p.htm --> ftp.AnitasOcarinas.com /public_html/class1966/photogallery/photo24355 real_p.htm
2007.05.15 19:22 B c:\webpage\class1966\photogallery\photo24355\real_x.htm --> ftp.AnitasOcarinas.com /public_html/class1966/photogallery/photo24355 real_x.htm
2007.05.15 19:22 B c:\webpage\class1966\photogallery\photo24355\sldshow.js --> ftp.AnitasOcarinas.com /public_html/class1966/photogallery/photo24355 sldshow.js
2010.08.22 15:47 B C:\user\nick\Website\Class1966\photogallery\photo24355\cls07_01.jpg --> ftp.nickfeng.com /fxl/photogallery/photo24355 cls07_01.jpg
2010.08.22 15:47 B C:\user\nick\Website\Class1966\photogallery\photo24355\cls07_02.jpg --> ftp.nickfeng.com /fxl/photogallery/photo24355 cls07_02.jpg
2010.08.22 15:47 B C:\user\nick\Website\Class1966\photogallery\photo24355\cls07_03.jpg --> ftp.nickfeng.com /fxl/photogallery/photo24355 cls07_03.jpg
2010.08.22 15:47 B C:\user\nick\Website\Class1966\photogallery\photo24355\cls07_04.jpg --> ftp.nickfeng.com /fxl/photogallery/photo24355 cls07_04.jpg
2010.08.22 15:47 B C:\user\nick\Website\Class1966\photogallery\photo24355\cls07_05.jpg --> ftp.nickfeng.com /fxl/photogallery/photo24355 cls07_05.jpg
2010.08.22 15:47 B C:\user\nick\Website\Class1966\photogallery\photo24355\cls07_06.jpg --> ftp.nickfeng.com /fxl/photogallery/photo24355 cls07_06.jpg
2010.08.22 15:47 B C:\user\nick\Website\Class1966\photogallery\photo24355\cls07_09.jpg --> ftp.nickfeng.com /fxl/photogallery/photo24355 cls07_09.jpg
2010.08.22 15:47 B C:\user\nick\Website\Class1966\photogallery\photo24355\cls07_10.jpg --> ftp.nickfeng.com /fxl/photogallery/photo24355 cls07_10.jpg
2010.08.22 15:47 B C:\user\nick\Website\Class1966\photogallery\photo24355\cls07_11.jpg --> ftp.nickfeng.com /fxl/photogallery/photo24355 cls07_11.jpg
2010.08.22 15:47 B C:\user\nick\Website\Class1966\photogallery\photo24355\cls07_13.jpg --> ftp.nickfeng.com /fxl/photogallery/photo24355 cls07_13.jpg
2010.08.22 15:47 B C:\user\nick\Website\Class1966\photogallery\photo24355\next.gif --> ftp.nickfeng.com /fxl/photogallery/photo24355 next.gif
2010.08.22 15:47 B C:\user\nick\Website\Class1966\photogallery\photo24355\nextdis.gif --> ftp.nickfeng.com /fxl/photogallery/photo24355 nextdis.gif
2010.08.22 15:47 B C:\user\nick\Website\Class1966\photogallery\photo24355\prev.gif --> ftp.nickfeng.com /fxl/photogallery/photo24355 prev.gif
2010.08.22 15:47 B C:\user\nick\Website\Class1966\photogallery\photo24355\prevdis.gif --> ftp.nickfeng.com /fxl/photogallery/photo24355 prevdis.gif
2010.08.22 15:47 B C:\user\nick\Website\Class1966\photogallery\photo24355\real.htm --> ftp.nickfeng.com /fxl/photogallery/photo24355 real.htm
2010.08.22 15:47 B C:\user\nick\Website\Class1966\photogallery\photo24355\real_p.htm --> ftp.nickfeng.com /fxl/photogallery/photo24355 real_p.htm
2010.08.22 15:47 B C:\user\nick\Website\Class1966\photogallery\photo24355\real_x.htm --> ftp.nickfeng.com /fxl/photogallery/photo24355 real_x.htm
2010.08.22 15:47 B C:\user\nick\Website\Class1966\photogallery\photo24355\sldshow.js --> ftp.nickfeng.com /fxl/photogallery/photo24355 sldshow.js
2010.08.22 15:47 B C:\user\nick\Website\Class1966\photogallery\photo24355\WS_FTP.LOG --> ftp.nickfeng.com /fxl/photogallery/photo24355 WS_FTP.LOG
2012.10.18 10:21 B C:\Website\fxl\photogallery\photo24355\cls07_01.jpg --> 68516.42la.com.cn /68516/photogallery/photo24355 cls07_01.jpg
2012.10.18 10:21 B C:\Website\fxl\photogallery\photo24355\cls07_02.jpg --> 68516.42la.com.cn /68516/photogallery/photo24355 cls07_02.jpg
2012.10.18 10:21 B C:\Website\fxl\photogallery\photo24355\cls07_03.jpg --> 68516.42la.com.cn /68516/photogallery/photo24355 cls07_03.jpg
2012.10.18 10:21 B C:\Website\fxl\photogallery\photo24355\cls07_04.jpg --> 68516.42la.com.cn /68516/photogallery/photo24355 cls07_04.jpg
2012.10.18 10:21 B C:\Website\fxl\photogallery\photo24355\cls07_05.jpg --> 68516.42la.com.cn /68516/photogallery/photo24355 cls07_05.jpg
2012.10.18 10:21 B C:\Website\fxl\photogallery\photo24355\cls07_06.jpg --> 68516.42la.com.cn /68516/photogallery/photo24355 cls07_06.jpg
2012.10.18 10:21 B C:\Website\fxl\photogallery\photo24355\cls07_09.jpg --> 68516.42la.com.cn /68516/photogallery/photo24355 cls07_09.jpg
2012.10.18 10:21 B C:\Website\fxl\photogallery\photo24355\cls07_10.jpg --> 68516.42la.com.cn /68516/photogallery/photo24355 cls07_10.jpg
2012.10.18 10:21 B C:\Website\fxl\photogallery\photo24355\cls07_11.jpg --> 68516.42la.com.cn /68516/photogallery/photo24355 cls07_11.jpg
2012.10.18 10:21 B C:\Website\fxl\photogallery\photo24355\cls07_13.jpg --> 68516.42la.com.cn /68516/photogallery/photo24355 cls07_13.jpg
2012.10.18 10:21 B C:\Website\fxl\photogallery\photo24355\next.gif --> 68516.42la.com.cn /68516/photogallery/photo24355 next.gif
2012.10.18 10:21 B C:\Website\fxl\photogallery\photo24355\nextdis.gif --> 68516.42la.com.cn /68516/photogallery/photo24355 nextdis.gif
2012.10.18 10:21 B C:\Website\fxl\photogallery\photo24355\prev.gif --> 68516.42la.com.cn /68516/photogallery/photo24355 prev.gif
2012.10.18 10:21 B C:\Website\fxl\photogallery\photo24355\prevdis.gif --> 68516.42la.com.cn /68516/photogallery/photo24355 prevdis.gif
2012.10.18 10:21 B C:\Website\fxl\photogallery\photo24355\real.htm --> 68516.42la.com.cn /68516/photogallery/photo24355 real.htm
2012.10.18 10:21 B C:\Website\fxl\photogallery\photo24355\real_p.htm --> 68516.42la.com.cn /68516/photogallery/photo24355 real_p.htm
2012.10.18 10:21 B C:\Website\fxl\photogallery\photo24355\real_x.htm --> 68516.42la.com.cn /68516/photogallery/photo24355 real_x.htm
2012.10.18 10:21 B C:\Website\fxl\photogallery\photo24355\sldshow.js --> 68516.42la.com.cn /68516/photogallery/photo24355 sldshow.js
2012.10.18 10:22 B C:\Website\fxl\photogallery\photo24355\WS_FTP.LOG --> 68516.42la.com.cn /68516/photogallery/photo24355 WS_FTP.LOG
2013.09.01 16:51 B C:\Website\fxl\photogallery\photo24355\cls07_01.jpg --> 68516.42la.com.cn /68516/photogallery/photo24355 cls07_01.jpg
2013.09.01 16:51 B C:\Website\fxl\photogallery\photo24355\cls07_02.jpg --> 68516.42la.com.cn /68516/photogallery/photo24355 cls07_02.jpg
2013.09.01 16:51 B C:\Website\fxl\photogallery\photo24355\cls07_03.jpg --> 68516.42la.com.cn /68516/photogallery/photo24355 cls07_03.jpg
2013.09.01 16:51 B C:\Website\fxl\photogallery\photo24355\cls07_04.jpg --> 68516.42la.com.cn /68516/photogallery/photo24355 cls07_04.jpg
2013.09.01 16:51 B C:\Website\fxl\photogallery\photo24355\cls07_05.jpg --> 68516.42la.com.cn /68516/photogallery/photo24355 cls07_05.jpg
2013.09.01 16:51 B C:\Website\fxl\photogallery\photo24355\cls07_06.jpg --> 68516.42la.com.cn /68516/photogallery/photo24355 cls07_06.jpg
2013.09.01 16:51 B C:\Website\fxl\photogallery\photo24355\cls07_09.jpg --> 68516.42la.com.cn /68516/photogallery/photo24355 cls07_09.jpg
2013.09.01 16:51 B C:\Website\fxl\photogallery\photo24355\cls07_10.jpg --> 68516.42la.com.cn /68516/photogallery/photo24355 cls07_10.jpg
2013.09.01 16:51 B C:\Website\fxl\photogallery\photo24355\cls07_11.jpg --> 68516.42la.com.cn /68516/photogallery/photo24355 cls07_11.jpg
2013.09.01 16:51 B C:\Website\fxl\photogallery\photo24355\cls07_13.jpg --> 68516.42la.com.cn /68516/photogallery/photo24355 cls07_13.jpg
2013.09.01 16:51 B C:\Website\fxl\photogallery\photo24355\next.gif --> 68516.42la.com.cn /68516/photogallery/photo24355 next.gif
2013.09.01 16:51 B C:\Website\fxl\photogallery\photo24355\nextdis.gif --> 68516.42la.com.cn /68516/photogallery/photo24355 nextdis.gif
2013.09.01 16:51 B C:\Website\fxl\photogallery\photo24355\prev.gif --> 68516.42la.com.cn /68516/photogallery/photo24355 prev.gif
2013.09.01 16:51 B C:\Website\fxl\photogallery\photo24355\prevdis.gif --> 68516.42la.com.cn /68516/photogallery/photo24355 prevdis.gif
2013.09.01 16:51 B C:\Website\fxl\photogallery\photo24355\real.htm --> 68516.42la.com.cn /68516/photogallery/photo24355 real.htm
2013.09.01 16:51 B C:\Website\fxl\photogallery\photo24355\real_p.htm --> 68516.42la.com.cn /68516/photogallery/photo24355 real_p.htm
2013.09.01 16:51 B C:\Website\fxl\photogallery\photo24355\real_x.htm --> 68516.42la.com.cn /68516/photogallery/photo24355 real_x.htm
2013.09.01 16:51 B C:\Website\fxl\photogallery\photo24355\sldshow.js --> 68516.42la.com.cn /68516/photogallery/photo24355 sldshow.js
2013.09.01 16:51 B C:\Website\fxl\photogallery\photo24355\WS_FTP.LOG --> 68516.42la.com.cn /68516/photogallery/photo24355 WS_FTP.LOG
