2010.08.22 15:28 B C:\user\nick\Website\Class1966\images\2010\_vti_cnf\artbul1a.gif --> ftp.nickfeng.com /fxl/images/2010/_vti_cnf artbul1a.gif
2010.08.22 15:28 B C:\user\nick\Website\Class1966\images\2010\_vti_cnf\artbul2a.gif --> ftp.nickfeng.com /fxl/images/2010/_vti_cnf artbul2a.gif
2010.08.22 15:28 B C:\user\nick\Website\Class1966\images\2010\_vti_cnf\artbul3a.gif --> ftp.nickfeng.com /fxl/images/2010/_vti_cnf artbul3a.gif
2010.08.22 15:28 B C:\user\nick\Website\Class1966\images\2010\_vti_cnf\arthsepa.gif --> ftp.nickfeng.com /fxl/images/2010/_vti_cnf arthsepa.gif
2010.08.22 15:28 B C:\user\nick\Website\Class1966\images\2010\_vti_cnf\arttilea.jpg --> ftp.nickfeng.com /fxl/images/2010/_vti_cnf arttilea.jpg
2010.08.22 15:28 B C:\user\nick\Website\Class1966\images\2010\_vti_cnf\Reu10_FemaleGroup.jpg --> ftp.nickfeng.com /fxl/images/2010/_vti_cnf Reu10_FemaleGroup.jpg
2010.08.22 15:28 B C:\user\nick\Website\Class1966\images\2010\_vti_cnf\Reu10_Group.jpg --> ftp.nickfeng.com /fxl/images/2010/_vti_cnf Reu10_Group.jpg
2010.08.22 15:28 B C:\user\nick\Website\Class1966\images\2010\_vti_cnf\Reu10_InsideChenHouse.jpg --> ftp.nickfeng.com /fxl/images/2010/_vti_cnf Reu10_InsideChenHouse.jpg
2010.08.22 15:28 B C:\user\nick\Website\Class1966\images\2010\_vti_cnf\Reu10_LaoLinAndFemale.jpg --> ftp.nickfeng.com /fxl/images/2010/_vti_cnf Reu10_LaoLinAndFemale.jpg
2012.10.18 10:03 B C:\Website\fxl\images\2010\_vti_cnf\artbul1a.gif --> 68516.42la.com.cn /68516/images/2010/_vti_cnf artbul1a.gif
2012.10.18 10:03 B C:\Website\fxl\images\2010\_vti_cnf\artbul2a.gif --> 68516.42la.com.cn /68516/images/2010/_vti_cnf artbul2a.gif
2012.10.18 10:03 B C:\Website\fxl\images\2010\_vti_cnf\artbul3a.gif --> 68516.42la.com.cn /68516/images/2010/_vti_cnf artbul3a.gif
2012.10.18 10:03 B C:\Website\fxl\images\2010\_vti_cnf\arthsepa.gif --> 68516.42la.com.cn /68516/images/2010/_vti_cnf arthsepa.gif
2012.10.18 10:03 B C:\Website\fxl\images\2010\_vti_cnf\arttilea.jpg --> 68516.42la.com.cn /68516/images/2010/_vti_cnf arttilea.jpg
2012.10.18 10:03 B C:\Website\fxl\images\2010\_vti_cnf\Reu10_FemaleGroup.jpg --> 68516.42la.com.cn /68516/images/2010/_vti_cnf Reu10_FemaleGroup.jpg
2012.10.18 10:03 B C:\Website\fxl\images\2010\_vti_cnf\Reu10_Group.jpg --> 68516.42la.com.cn /68516/images/2010/_vti_cnf Reu10_Group.jpg
2012.10.18 10:03 B C:\Website\fxl\images\2010\_vti_cnf\Reu10_InsideChenHouse.jpg --> 68516.42la.com.cn /68516/images/2010/_vti_cnf Reu10_InsideChenHouse.jpg
2012.10.18 10:03 B C:\Website\fxl\images\2010\_vti_cnf\Reu10_LaoLinAndFemale.jpg --> 68516.42la.com.cn /68516/images/2010/_vti_cnf Reu10_LaoLinAndFemale.jpg
2012.10.18 10:03 B C:\Website\fxl\images\2010\_vti_cnf\WS_FTP.LOG --> 68516.42la.com.cn /68516/images/2010/_vti_cnf WS_FTP.LOG
2013.09.01 16:27 B C:\Website\fxl\images\2010\_vti_cnf\artbul1a.gif --> 68516.42la.com.cn /68516/images/2010/_vti_cnf artbul1a.gif
2013.09.01 16:27 B C:\Website\fxl\images\2010\_vti_cnf\artbul2a.gif --> 68516.42la.com.cn /68516/images/2010/_vti_cnf artbul2a.gif
2013.09.01 16:27 B C:\Website\fxl\images\2010\_vti_cnf\artbul3a.gif --> 68516.42la.com.cn /68516/images/2010/_vti_cnf artbul3a.gif
2013.09.01 16:27 B C:\Website\fxl\images\2010\_vti_cnf\arthsepa.gif --> 68516.42la.com.cn /68516/images/2010/_vti_cnf arthsepa.gif
2013.09.01 16:27 B C:\Website\fxl\images\2010\_vti_cnf\arttilea.jpg --> 68516.42la.com.cn /68516/images/2010/_vti_cnf arttilea.jpg
2013.09.01 16:27 B C:\Website\fxl\images\2010\_vti_cnf\Reu10_FemaleGroup.jpg --> 68516.42la.com.cn /68516/images/2010/_vti_cnf Reu10_FemaleGroup.jpg
2013.09.01 16:27 B C:\Website\fxl\images\2010\_vti_cnf\Reu10_Group.jpg --> 68516.42la.com.cn /68516/images/2010/_vti_cnf Reu10_Group.jpg
2013.09.01 16:28 B C:\Website\fxl\images\2010\_vti_cnf\Reu10_InsideChenHouse.jpg --> 68516.42la.com.cn /68516/images/2010/_vti_cnf Reu10_InsideChenHouse.jpg
2013.09.01 16:28 B C:\Website\fxl\images\2010\_vti_cnf\Reu10_LaoLinAndFemale.jpg --> 68516.42la.com.cn /68516/images/2010/_vti_cnf Reu10_LaoLinAndFemale.jpg
2013.09.01 16:28 B C:\Website\fxl\images\2010\_vti_cnf\WS_FTP.LOG --> 68516.42la.com.cn /68516/images/2010/_vti_cnf WS_FTP.LOG
