2010.08.22 15:59 B C:\user\nick\Website\Class1966\photogallery\Original\2006\HeXJSpeech.jpg --> ftp.nickfeng.com /fxl/photogallery/Original/2006 HeXJSpeech.jpg
2010.08.22 15:59 B C:\user\nick\Website\Class1966\photogallery\Original\2006\Listener1.jpg --> ftp.nickfeng.com /fxl/photogallery/Original/2006 Listener1.jpg
2010.08.22 15:59 B C:\user\nick\Website\Class1966\photogallery\Original\2006\Listener2.jpg --> ftp.nickfeng.com /fxl/photogallery/Original/2006 Listener2.jpg
2010.08.22 15:59 B C:\user\nick\Website\Class1966\photogallery\Original\2006\Listener3.jpg --> ftp.nickfeng.com /fxl/photogallery/Original/2006 Listener3.jpg
2010.08.22 15:59 B C:\user\nick\Website\Class1966\photogallery\Original\2006\Listener4.jpg --> ftp.nickfeng.com /fxl/photogallery/Original/2006 Listener4.jpg
2010.08.22 15:59 B C:\user\nick\Website\Class1966\photogallery\Original\2006\Listener5.jpg --> ftp.nickfeng.com /fxl/photogallery/Original/2006 Listener5.jpg
2010.08.22 15:59 B C:\user\nick\Website\Class1966\photogallery\Original\2006\Listener6.jpg --> ftp.nickfeng.com /fxl/photogallery/Original/2006 Listener6.jpg
2012.10.18 10:09 B C:\Website\fxl\photogallery\Original\2006\HeXJSpeech.jpg --> 68516.42la.com.cn /68516/photogallery/Original/2006 HeXJSpeech.jpg
2012.10.18 10:09 B C:\Website\fxl\photogallery\Original\2006\Listener1.jpg --> 68516.42la.com.cn /68516/photogallery/Original/2006 Listener1.jpg
2012.10.18 10:09 B C:\Website\fxl\photogallery\Original\2006\Listener2.jpg --> 68516.42la.com.cn /68516/photogallery/Original/2006 Listener2.jpg
2012.10.18 10:09 B C:\Website\fxl\photogallery\Original\2006\Listener3.jpg --> 68516.42la.com.cn /68516/photogallery/Original/2006 Listener3.jpg
2012.10.18 10:09 B C:\Website\fxl\photogallery\Original\2006\Listener4.jpg --> 68516.42la.com.cn /68516/photogallery/Original/2006 Listener4.jpg
2012.10.18 10:09 B C:\Website\fxl\photogallery\Original\2006\Listener5.jpg --> 68516.42la.com.cn /68516/photogallery/Original/2006 Listener5.jpg
2012.10.18 10:09 B C:\Website\fxl\photogallery\Original\2006\Listener6.jpg --> 68516.42la.com.cn /68516/photogallery/Original/2006 Listener6.jpg
2012.10.18 10:09 B C:\Website\fxl\photogallery\Original\2006\WS_FTP.LOG --> 68516.42la.com.cn /68516/photogallery/Original/2006 WS_FTP.LOG
2012.10.18 11:05 B C:\Website\fxl\photogallery\Original\2006\HeXJSpeech.jpg --> 68516.42la.com.cn /68516/photogallery/Original/2006 HeXJSpeech.jpg
2012.10.18 11:05 B C:\Website\fxl\photogallery\Original\2006\Listener1.jpg --> 68516.42la.com.cn /68516/photogallery/Original/2006 Listener1.jpg
2012.10.18 11:05 B C:\Website\fxl\photogallery\Original\2006\Listener2.jpg --> 68516.42la.com.cn /68516/photogallery/Original/2006 Listener2.jpg
2012.10.18 11:05 B C:\Website\fxl\photogallery\Original\2006\Listener3.jpg --> 68516.42la.com.cn /68516/photogallery/Original/2006 Listener3.jpg
2012.10.18 11:05 B C:\Website\fxl\photogallery\Original\2006\Listener4.jpg --> 68516.42la.com.cn /68516/photogallery/Original/2006 Listener4.jpg
2012.10.18 11:05 B C:\Website\fxl\photogallery\Original\2006\Listener5.jpg --> 68516.42la.com.cn /68516/photogallery/Original/2006 Listener5.jpg
2012.10.18 11:05 B C:\Website\fxl\photogallery\Original\2006\Listener6.jpg --> 68516.42la.com.cn /68516/photogallery/Original/2006 Listener6.jpg
2012.10.18 11:05 B C:\Website\fxl\photogallery\Original\2006\WS_FTP.LOG --> 68516.42la.com.cn /68516/photogallery/Original/2006 WS_FTP.LOG
2013.09.01 16:36 B C:\Website\fxl\photogallery\Original\2006\HeXJSpeech.jpg --> 68516.42la.com.cn /68516/photogallery/Original/2006 HeXJSpeech.jpg
2013.09.01 16:36 B C:\Website\fxl\photogallery\Original\2006\Listener1.jpg --> 68516.42la.com.cn /68516/photogallery/Original/2006 Listener1.jpg
2013.09.01 16:36 B C:\Website\fxl\photogallery\Original\2006\Listener2.jpg --> 68516.42la.com.cn /68516/photogallery/Original/2006 Listener2.jpg
2013.09.01 16:36 B C:\Website\fxl\photogallery\Original\2006\Listener3.jpg --> 68516.42la.com.cn /68516/photogallery/Original/2006 Listener3.jpg
2013.09.01 16:36 B C:\Website\fxl\photogallery\Original\2006\Listener4.jpg --> 68516.42la.com.cn /68516/photogallery/Original/2006 Listener4.jpg
2013.09.01 16:36 B C:\Website\fxl\photogallery\Original\2006\Listener5.jpg --> 68516.42la.com.cn /68516/photogallery/Original/2006 Listener5.jpg
2013.09.01 16:36 B C:\Website\fxl\photogallery\Original\2006\Listener6.jpg --> 68516.42la.com.cn /68516/photogallery/Original/2006 Listener6.jpg
2013.09.01 16:36 B C:\Website\fxl\photogallery\Original\2006\WS_FTP.LOG --> 68516.42la.com.cn /68516/photogallery/Original/2006 WS_FTP.LOG
