2010.08.22 16:13 B C:\user\nick\Website\Class1966\photogallery\Original\Youth\FiveGirls1969.jpg --> ftp.nickfeng.com /fxl/photogallery/Original/Youth FiveGirls1969.jpg
2010.08.22 16:13 B C:\user\nick\Website\Class1966\photogallery\Original\Youth\GangOf3_sm.jpg --> ftp.nickfeng.com /fxl/photogallery/Original/Youth GangOf3_sm.jpg
2010.08.22 16:13 B C:\user\nick\Website\Class1966\photogallery\Original\Youth\GirlsMetAgain.jpg --> ftp.nickfeng.com /fxl/photogallery/Original/Youth GirlsMetAgain.jpg
2010.08.22 16:13 B C:\user\nick\Website\Class1966\photogallery\Original\Youth\GirlsMetAgain2.jpg --> ftp.nickfeng.com /fxl/photogallery/Original/Youth GirlsMetAgain2.jpg
2010.08.22 16:13 B C:\user\nick\Website\Class1966\photogallery\Original\Youth\HeMei01_sm.jpg --> ftp.nickfeng.com /fxl/photogallery/Original/Youth HeMei01_sm.jpg
2012.10.18 10:17 B C:\Website\fxl\photogallery\Original\Youth\FiveGirls1969.jpg --> 68516.42la.com.cn /68516/photogallery/Original/Youth FiveGirls1969.jpg
2012.10.18 10:17 B C:\Website\fxl\photogallery\Original\Youth\GangOf3_sm.jpg --> 68516.42la.com.cn /68516/photogallery/Original/Youth GangOf3_sm.jpg
2012.10.18 10:17 B C:\Website\fxl\photogallery\Original\Youth\GirlsMetAgain.jpg --> 68516.42la.com.cn /68516/photogallery/Original/Youth GirlsMetAgain.jpg
2012.10.18 10:17 B C:\Website\fxl\photogallery\Original\Youth\GirlsMetAgain2.jpg --> 68516.42la.com.cn /68516/photogallery/Original/Youth GirlsMetAgain2.jpg
2012.10.18 10:17 B C:\Website\fxl\photogallery\Original\Youth\HeMei01_sm.jpg --> 68516.42la.com.cn /68516/photogallery/Original/Youth HeMei01_sm.jpg
2012.10.18 10:17 B C:\Website\fxl\photogallery\Original\Youth\WS_FTP.LOG --> 68516.42la.com.cn /68516/photogallery/Original/Youth WS_FTP.LOG
2012.10.18 11:13 B C:\Website\fxl\photogallery\Original\Youth\FiveGirls1969.jpg --> 68516.42la.com.cn /68516/photogallery/Original/Youth FiveGirls1969.jpg
2012.10.18 11:13 B C:\Website\fxl\photogallery\Original\Youth\GangOf3_sm.jpg --> 68516.42la.com.cn /68516/photogallery/Original/Youth GangOf3_sm.jpg
2012.10.18 11:13 B C:\Website\fxl\photogallery\Original\Youth\GirlsMetAgain.jpg --> 68516.42la.com.cn /68516/photogallery/Original/Youth GirlsMetAgain.jpg
2012.10.18 11:13 B C:\Website\fxl\photogallery\Original\Youth\GirlsMetAgain2.jpg --> 68516.42la.com.cn /68516/photogallery/Original/Youth GirlsMetAgain2.jpg
2012.10.18 11:13 B C:\Website\fxl\photogallery\Original\Youth\HeMei01_sm.jpg --> 68516.42la.com.cn /68516/photogallery/Original/Youth HeMei01_sm.jpg
2012.10.18 11:13 B C:\Website\fxl\photogallery\Original\Youth\WS_FTP.LOG --> 68516.42la.com.cn /68516/photogallery/Original/Youth WS_FTP.LOG
2013.09.01 16:45 B C:\Website\fxl\photogallery\Original\Youth\FiveGirls1969.jpg --> 68516.42la.com.cn /68516/photogallery/Original/Youth FiveGirls1969.jpg
2013.09.01 16:46 B C:\Website\fxl\photogallery\Original\Youth\GangOf3_sm.jpg --> 68516.42la.com.cn /68516/photogallery/Original/Youth GangOf3_sm.jpg
2013.09.01 16:46 B C:\Website\fxl\photogallery\Original\Youth\GirlsMetAgain.jpg --> 68516.42la.com.cn /68516/photogallery/Original/Youth GirlsMetAgain.jpg
2013.09.01 16:46 B C:\Website\fxl\photogallery\Original\Youth\GirlsMetAgain2.jpg --> 68516.42la.com.cn /68516/photogallery/Original/Youth GirlsMetAgain2.jpg
2013.09.01 16:46 B C:\Website\fxl\photogallery\Original\Youth\HeMei01_sm.jpg --> 68516.42la.com.cn /68516/photogallery/Original/Youth HeMei01_sm.jpg
2013.09.01 16:46 B C:\Website\fxl\photogallery\Original\Youth\WS_FTP.LOG --> 68516.42la.com.cn /68516/photogallery/Original/Youth WS_FTP.LOG
