2012.10.18 10:04 B C:\Website\fxl\images\2011\brushFight.jpg --> 68516.42la.com.cn /68516/images/2011 brushFight.jpg
2012.10.18 10:04 B C:\Website\fxl\images\2011\female.jpg --> 68516.42la.com.cn /68516/images/2011 female.jpg
2012.10.18 10:04 B C:\Website\fxl\images\2011\male.jpg --> 68516.42la.com.cn /68516/images/2011 male.jpg
2012.10.18 10:04 B C:\Website\fxl\images\2011\Pic001.jpg --> 68516.42la.com.cn /68516/images/2011 Pic001.jpg
2012.10.18 10:04 B C:\Website\fxl\images\2011\Pic002.jpg --> 68516.42la.com.cn /68516/images/2011 Pic002.jpg
2012.10.18 10:04 B C:\Website\fxl\images\2011\Pic003.jpg --> 68516.42la.com.cn /68516/images/2011 Pic003.jpg
2012.10.18 10:05 B C:\Website\fxl\images\2011\Pic004.jpg --> 68516.42la.com.cn /68516/images/2011 Pic004.jpg
2012.10.18 10:05 B C:\Website\fxl\images\2011\Pic005.jpg --> 68516.42la.com.cn /68516/images/2011 Pic005.jpg
2012.10.18 10:05 B C:\Website\fxl\images\2011\reunion2011.jpg --> 68516.42la.com.cn /68516/images/2011 reunion2011.jpg
2012.10.18 10:05 B C:\Website\fxl\images\2011\Thumbs.db --> 68516.42la.com.cn /68516/images/2011 Thumbs.db
2013.09.01 16:29 B C:\Website\fxl\images\2011\brushFight.jpg --> 68516.42la.com.cn /68516/images/2011 brushFight.jpg
2013.09.01 16:29 B C:\Website\fxl\images\2011\female.jpg --> 68516.42la.com.cn /68516/images/2011 female.jpg
2013.09.01 16:29 B C:\Website\fxl\images\2011\male.jpg --> 68516.42la.com.cn /68516/images/2011 male.jpg
2013.09.01 16:29 B C:\Website\fxl\images\2011\Pic001.jpg --> 68516.42la.com.cn /68516/images/2011 Pic001.jpg
2013.09.01 16:29 B C:\Website\fxl\images\2011\Pic002.jpg --> 68516.42la.com.cn /68516/images/2011 Pic002.jpg
2013.09.01 16:29 B C:\Website\fxl\images\2011\Pic003.jpg --> 68516.42la.com.cn /68516/images/2011 Pic003.jpg
2013.09.01 16:29 B C:\Website\fxl\images\2011\Pic004.jpg --> 68516.42la.com.cn /68516/images/2011 Pic004.jpg
2013.09.01 16:29 B C:\Website\fxl\images\2011\Pic005.jpg --> 68516.42la.com.cn /68516/images/2011 Pic005.jpg
2013.09.01 16:30 B C:\Website\fxl\images\2011\reunion2011.jpg --> 68516.42la.com.cn /68516/images/2011 reunion2011.jpg
2013.09.01 16:30 B C:\Website\fxl\images\2011\Thumbs.db --> 68516.42la.com.cn /68516/images/2011 Thumbs.db
2013.09.01 16:30 B C:\Website\fxl\images\2011\WS_FTP.LOG --> 68516.42la.com.cn /68516/images/2011 WS_FTP.LOG
