2010.08.22 15:30 B C:\user\nick\Website\Class1966\images\Memo\ChenYunFang_catoon.jpg --> ftp.nickfeng.com /fxl/images/Memo ChenYunFang_catoon.jpg
2010.08.22 15:30 B C:\user\nick\Website\Class1966\images\Memo\GuanJingHong_Catoon.jpg --> ftp.nickfeng.com /fxl/images/Memo GuanJingHong_Catoon.jpg
2010.08.22 15:30 B C:\user\nick\Website\Class1966\images\Memo\Mei_CutOut.jpg --> ftp.nickfeng.com /fxl/images/Memo Mei_CutOut.jpg
2010.08.22 15:30 B C:\user\nick\Website\Class1966\images\Memo\Nick_Catoon.jpg --> ftp.nickfeng.com /fxl/images/Memo Nick_Catoon.jpg
2010.08.22 15:30 B C:\user\nick\Website\Class1966\images\Memo\Nick_sm.jpg --> ftp.nickfeng.com /fxl/images/Memo Nick_sm.jpg
2010.08.22 15:30 B C:\user\nick\Website\Class1966\images\Memo\NingTong_Catoon.jpg --> ftp.nickfeng.com /fxl/images/Memo NingTong_Catoon.jpg
2010.08.22 15:30 B C:\user\nick\Website\Class1966\images\Memo\ShuiZhiYi_Cartoon.jpg --> ftp.nickfeng.com /fxl/images/Memo ShuiZhiYi_Cartoon.jpg
2012.10.18 10:07 B C:\Website\fxl\images\Memo\ChenYunFang_catoon.jpg --> 68516.42la.com.cn /68516/images/Memo ChenYunFang_catoon.jpg
2012.10.18 10:07 B C:\Website\fxl\images\Memo\GuanJingHong_Catoon.jpg --> 68516.42la.com.cn /68516/images/Memo GuanJingHong_Catoon.jpg
2012.10.18 10:07 B C:\Website\fxl\images\Memo\Mei_CutOut.jpg --> 68516.42la.com.cn /68516/images/Memo Mei_CutOut.jpg
2012.10.18 10:07 B C:\Website\fxl\images\Memo\Nick_Catoon.jpg --> 68516.42la.com.cn /68516/images/Memo Nick_Catoon.jpg
2012.10.18 10:07 B C:\Website\fxl\images\Memo\Nick_sm.jpg --> 68516.42la.com.cn /68516/images/Memo Nick_sm.jpg
2012.10.18 10:07 B C:\Website\fxl\images\Memo\NingTong_Catoon.jpg --> 68516.42la.com.cn /68516/images/Memo NingTong_Catoon.jpg
2012.10.18 10:07 B C:\Website\fxl\images\Memo\ShuiZhiYi_Cartoon.jpg --> 68516.42la.com.cn /68516/images/Memo ShuiZhiYi_Cartoon.jpg
2012.10.18 10:07 B C:\Website\fxl\images\Memo\WS_FTP.LOG --> 68516.42la.com.cn /68516/images/Memo WS_FTP.LOG
2013.09.01 16:34 B C:\Website\fxl\images\Memo\ChenYunFang_catoon.jpg --> 68516.42la.com.cn /68516/images/Memo ChenYunFang_catoon.jpg
2013.09.01 16:34 B C:\Website\fxl\images\Memo\GuanJingHong_Catoon.jpg --> 68516.42la.com.cn /68516/images/Memo GuanJingHong_Catoon.jpg
2013.09.01 16:34 B C:\Website\fxl\images\Memo\Mei_CutOut.jpg --> 68516.42la.com.cn /68516/images/Memo Mei_CutOut.jpg
2013.09.01 16:34 B C:\Website\fxl\images\Memo\Nick_Catoon.jpg --> 68516.42la.com.cn /68516/images/Memo Nick_Catoon.jpg
2013.09.01 16:34 B C:\Website\fxl\images\Memo\Nick_sm.jpg --> 68516.42la.com.cn /68516/images/Memo Nick_sm.jpg
2013.09.01 16:34 B C:\Website\fxl\images\Memo\NingTong_Catoon.jpg --> 68516.42la.com.cn /68516/images/Memo NingTong_Catoon.jpg
2013.09.01 16:34 B C:\Website\fxl\images\Memo\ShuiZhiYi_Cartoon.jpg --> 68516.42la.com.cn /68516/images/Memo ShuiZhiYi_Cartoon.jpg
2013.09.01 16:34 B C:\Website\fxl\images\Memo\WS_FTP.LOG --> 68516.42la.com.cn /68516/images/Memo WS_FTP.LOG
