2010.08.22 16:02 B C:\user\nick\Website\Class1966\photogallery\Original\2008\2008ByTheLake01_sm.jpg --> ftp.nickfeng.com /fxl/photogallery/Original/2008 2008ByTheLake01_sm.jpg
2010.08.22 16:02 B C:\user\nick\Website\Class1966\photogallery\Original\2008\2008ByTheLake02_sm.jpg --> ftp.nickfeng.com /fxl/photogallery/Original/2008 2008ByTheLake02_sm.jpg
2010.08.22 16:02 B C:\user\nick\Website\Class1966\photogallery\Original\2008\2008ByTheLake05_sm.jpg --> ftp.nickfeng.com /fxl/photogallery/Original/2008 2008ByTheLake05_sm.jpg
2010.08.22 16:02 B C:\user\nick\Website\Class1966\photogallery\Original\2008\2008FemaleAudience_sm.jpg --> ftp.nickfeng.com /fxl/photogallery/Original/2008 2008FemaleAudience_sm.jpg
2010.08.22 16:02 B C:\user\nick\Website\Class1966\photogallery\Original\2008\2008ListenToDrSun_sm.jpg --> ftp.nickfeng.com /fxl/photogallery/Original/2008 2008ListenToDrSun_sm.jpg
2010.08.22 16:02 B C:\user\nick\Website\Class1966\photogallery\Original\2008\2008NewBook_sm.jpg --> ftp.nickfeng.com /fxl/photogallery/Original/2008 2008NewBook_sm.jpg
2010.08.22 16:03 B C:\user\nick\Website\Class1966\photogallery\Original\2008\2008Restrant01_sm.jpg --> ftp.nickfeng.com /fxl/photogallery/Original/2008 2008Restrant01_sm.jpg
2010.08.22 16:03 B C:\user\nick\Website\Class1966\photogallery\Original\2008\2008Restrant10.jpg --> ftp.nickfeng.com /fxl/photogallery/Original/2008 2008Restrant10.jpg
2010.08.22 16:03 B C:\user\nick\Website\Class1966\photogallery\Original\2008\2008Restrant13.jpg --> ftp.nickfeng.com /fxl/photogallery/Original/2008 2008Restrant13.jpg
2010.08.22 16:03 B C:\user\nick\Website\Class1966\photogallery\Original\2008\2008Restrant15.jpg --> ftp.nickfeng.com /fxl/photogallery/Original/2008 2008Restrant15.jpg
2010.08.22 16:03 B C:\user\nick\Website\Class1966\photogallery\Original\2008\2008Restrant16.jpg --> ftp.nickfeng.com /fxl/photogallery/Original/2008 2008Restrant16.jpg
2010.08.22 16:03 B C:\user\nick\Website\Class1966\photogallery\Original\2008\2008TheBook_sm.jpg --> ftp.nickfeng.com /fxl/photogallery/Original/2008 2008TheBook_sm.jpg
2010.08.22 16:03 B C:\user\nick\Website\Class1966\photogallery\Original\2008\2008WeHaveQuestion_sm.jpg --> ftp.nickfeng.com /fxl/photogallery/Original/2008 2008WeHaveQuestion_sm.jpg
2012.10.18 10:11 B C:\Website\fxl\photogallery\Original\2008\2008ByTheLake01_sm.jpg --> 68516.42la.com.cn /68516/photogallery/Original/2008 2008ByTheLake01_sm.jpg
2012.10.18 10:11 B C:\Website\fxl\photogallery\Original\2008\2008ByTheLake02_sm.jpg --> 68516.42la.com.cn /68516/photogallery/Original/2008 2008ByTheLake02_sm.jpg
2012.10.18 10:11 B C:\Website\fxl\photogallery\Original\2008\2008ByTheLake05_sm.jpg --> 68516.42la.com.cn /68516/photogallery/Original/2008 2008ByTheLake05_sm.jpg
2012.10.18 10:11 B C:\Website\fxl\photogallery\Original\2008\2008FemaleAudience_sm.jpg --> 68516.42la.com.cn /68516/photogallery/Original/2008 2008FemaleAudience_sm.jpg
2012.10.18 10:11 B C:\Website\fxl\photogallery\Original\2008\2008ListenToDrSun_sm.jpg --> 68516.42la.com.cn /68516/photogallery/Original/2008 2008ListenToDrSun_sm.jpg
2012.10.18 10:11 B C:\Website\fxl\photogallery\Original\2008\2008NewBook_sm.jpg --> 68516.42la.com.cn /68516/photogallery/Original/2008 2008NewBook_sm.jpg
2012.10.18 10:12 B C:\Website\fxl\photogallery\Original\2008\2008Restrant01_sm.jpg --> 68516.42la.com.cn /68516/photogallery/Original/2008 2008Restrant01_sm.jpg
2012.10.18 10:12 B C:\Website\fxl\photogallery\Original\2008\2008Restrant10.jpg --> 68516.42la.com.cn /68516/photogallery/Original/2008 2008Restrant10.jpg
2012.10.18 10:12 B C:\Website\fxl\photogallery\Original\2008\2008Restrant13.jpg --> 68516.42la.com.cn /68516/photogallery/Original/2008 2008Restrant13.jpg
2012.10.18 10:12 B C:\Website\fxl\photogallery\Original\2008\2008Restrant15.jpg --> 68516.42la.com.cn /68516/photogallery/Original/2008 2008Restrant15.jpg
2012.10.18 10:12 B C:\Website\fxl\photogallery\Original\2008\2008Restrant16.jpg --> 68516.42la.com.cn /68516/photogallery/Original/2008 2008Restrant16.jpg
2012.10.18 10:12 B C:\Website\fxl\photogallery\Original\2008\2008TheBook_sm.jpg --> 68516.42la.com.cn /68516/photogallery/Original/2008 2008TheBook_sm.jpg
2012.10.18 10:12 B C:\Website\fxl\photogallery\Original\2008\2008WeHaveQuestion_sm.jpg --> 68516.42la.com.cn /68516/photogallery/Original/2008 2008WeHaveQuestion_sm.jpg
2012.10.18 10:12 B C:\Website\fxl\photogallery\Original\2008\WS_FTP.LOG --> 68516.42la.com.cn /68516/photogallery/Original/2008 WS_FTP.LOG
2012.10.18 11:08 B C:\Website\fxl\photogallery\Original\2008\2008ByTheLake01_sm.jpg --> 68516.42la.com.cn /68516/photogallery/Original/2008 2008ByTheLake01_sm.jpg
2012.10.18 11:08 B C:\Website\fxl\photogallery\Original\2008\2008ByTheLake02_sm.jpg --> 68516.42la.com.cn /68516/photogallery/Original/2008 2008ByTheLake02_sm.jpg
2012.10.18 11:08 B C:\Website\fxl\photogallery\Original\2008\2008ByTheLake05_sm.jpg --> 68516.42la.com.cn /68516/photogallery/Original/2008 2008ByTheLake05_sm.jpg
2012.10.18 11:08 B C:\Website\fxl\photogallery\Original\2008\2008FemaleAudience_sm.jpg --> 68516.42la.com.cn /68516/photogallery/Original/2008 2008FemaleAudience_sm.jpg
2012.10.18 11:08 B C:\Website\fxl\photogallery\Original\2008\2008ListenToDrSun_sm.jpg --> 68516.42la.com.cn /68516/photogallery/Original/2008 2008ListenToDrSun_sm.jpg
2012.10.18 11:08 B C:\Website\fxl\photogallery\Original\2008\2008NewBook_sm.jpg --> 68516.42la.com.cn /68516/photogallery/Original/2008 2008NewBook_sm.jpg
2012.10.18 11:08 B C:\Website\fxl\photogallery\Original\2008\2008Restrant01_sm.jpg --> 68516.42la.com.cn /68516/photogallery/Original/2008 2008Restrant01_sm.jpg
2012.10.18 11:08 B C:\Website\fxl\photogallery\Original\2008\2008Restrant10.jpg --> 68516.42la.com.cn /68516/photogallery/Original/2008 2008Restrant10.jpg
2012.10.18 11:08 B C:\Website\fxl\photogallery\Original\2008\2008Restrant13.jpg --> 68516.42la.com.cn /68516/photogallery/Original/2008 2008Restrant13.jpg
2012.10.18 11:08 B C:\Website\fxl\photogallery\Original\2008\2008Restrant15.jpg --> 68516.42la.com.cn /68516/photogallery/Original/2008 2008Restrant15.jpg
2012.10.18 11:08 B C:\Website\fxl\photogallery\Original\2008\2008Restrant16.jpg --> 68516.42la.com.cn /68516/photogallery/Original/2008 2008Restrant16.jpg
2012.10.18 11:08 B C:\Website\fxl\photogallery\Original\2008\2008TheBook_sm.jpg --> 68516.42la.com.cn /68516/photogallery/Original/2008 2008TheBook_sm.jpg
2012.10.18 11:08 B C:\Website\fxl\photogallery\Original\2008\2008WeHaveQuestion_sm.jpg --> 68516.42la.com.cn /68516/photogallery/Original/2008 2008WeHaveQuestion_sm.jpg
2012.10.18 11:08 B C:\Website\fxl\photogallery\Original\2008\WS_FTP.LOG --> 68516.42la.com.cn /68516/photogallery/Original/2008 WS_FTP.LOG
2013.09.01 16:38 B C:\Website\fxl\photogallery\Original\2008\2008ByTheLake01_sm.jpg --> 68516.42la.com.cn /68516/photogallery/Original/2008 2008ByTheLake01_sm.jpg
2013.09.01 16:39 B C:\Website\fxl\photogallery\Original\2008\2008ByTheLake02_sm.jpg --> 68516.42la.com.cn /68516/photogallery/Original/2008 2008ByTheLake02_sm.jpg
2013.09.01 16:39 B C:\Website\fxl\photogallery\Original\2008\2008ByTheLake05_sm.jpg --> 68516.42la.com.cn /68516/photogallery/Original/2008 2008ByTheLake05_sm.jpg
2013.09.01 16:39 B C:\Website\fxl\photogallery\Original\2008\2008FemaleAudience_sm.jpg --> 68516.42la.com.cn /68516/photogallery/Original/2008 2008FemaleAudience_sm.jpg
2013.09.01 16:39 B C:\Website\fxl\photogallery\Original\2008\2008ListenToDrSun_sm.jpg --> 68516.42la.com.cn /68516/photogallery/Original/2008 2008ListenToDrSun_sm.jpg
2013.09.01 16:39 B C:\Website\fxl\photogallery\Original\2008\2008NewBook_sm.jpg --> 68516.42la.com.cn /68516/photogallery/Original/2008 2008NewBook_sm.jpg
2013.09.01 16:39 B C:\Website\fxl\photogallery\Original\2008\2008Restrant01_sm.jpg --> 68516.42la.com.cn /68516/photogallery/Original/2008 2008Restrant01_sm.jpg
2013.09.01 16:39 B C:\Website\fxl\photogallery\Original\2008\2008Restrant10.jpg --> 68516.42la.com.cn /68516/photogallery/Original/2008 2008Restrant10.jpg
2013.09.01 16:39 B C:\Website\fxl\photogallery\Original\2008\2008Restrant13.jpg --> 68516.42la.com.cn /68516/photogallery/Original/2008 2008Restrant13.jpg
2013.09.01 16:39 B C:\Website\fxl\photogallery\Original\2008\2008Restrant15.jpg --> 68516.42la.com.cn /68516/photogallery/Original/2008 2008Restrant15.jpg
2013.09.01 16:39 B C:\Website\fxl\photogallery\Original\2008\2008Restrant16.jpg --> 68516.42la.com.cn /68516/photogallery/Original/2008 2008Restrant16.jpg
2013.09.01 16:39 B C:\Website\fxl\photogallery\Original\2008\2008TheBook_sm.jpg --> 68516.42la.com.cn /68516/photogallery/Original/2008 2008TheBook_sm.jpg
2013.09.01 16:40 B C:\Website\fxl\photogallery\Original\2008\2008WeHaveQuestion_sm.jpg --> 68516.42la.com.cn /68516/photogallery/Original/2008 2008WeHaveQuestion_sm.jpg
2013.09.01 16:40 B C:\Website\fxl\photogallery\Original\2008\WS_FTP.LOG --> 68516.42la.com.cn /68516/photogallery/Original/2008 WS_FTP.LOG
