2010.08.22 15:47 B C:\user\nick\Website\Class1966\photogallery\photo13518\HeXJSpeech.jpg --> ftp.nickfeng.com /fxl/photogallery/photo13518 HeXJSpeech.jpg
2010.08.22 15:47 B C:\user\nick\Website\Class1966\photogallery\photo13518\Listener1.jpg --> ftp.nickfeng.com /fxl/photogallery/photo13518 Listener1.jpg
2010.08.22 15:47 B C:\user\nick\Website\Class1966\photogallery\photo13518\Listener2.jpg --> ftp.nickfeng.com /fxl/photogallery/photo13518 Listener2.jpg
2010.08.22 15:47 B C:\user\nick\Website\Class1966\photogallery\photo13518\Listener3.jpg --> ftp.nickfeng.com /fxl/photogallery/photo13518 Listener3.jpg
2010.08.22 15:47 B C:\user\nick\Website\Class1966\photogallery\photo13518\Listener4.jpg --> ftp.nickfeng.com /fxl/photogallery/photo13518 Listener4.jpg
2010.08.22 15:47 B C:\user\nick\Website\Class1966\photogallery\photo13518\Listener5.jpg --> ftp.nickfeng.com /fxl/photogallery/photo13518 Listener5.jpg
2010.08.22 15:47 B C:\user\nick\Website\Class1966\photogallery\photo13518\Listener6.jpg --> ftp.nickfeng.com /fxl/photogallery/photo13518 Listener6.jpg
2010.08.22 15:47 B C:\user\nick\Website\Class1966\photogallery\photo13518\next.gif --> ftp.nickfeng.com /fxl/photogallery/photo13518 next.gif
2010.08.22 15:47 B C:\user\nick\Website\Class1966\photogallery\photo13518\nextdis.gif --> ftp.nickfeng.com /fxl/photogallery/photo13518 nextdis.gif
2010.08.22 15:47 B C:\user\nick\Website\Class1966\photogallery\photo13518\prev.gif --> ftp.nickfeng.com /fxl/photogallery/photo13518 prev.gif
2010.08.22 15:47 B C:\user\nick\Website\Class1966\photogallery\photo13518\prevdis.gif --> ftp.nickfeng.com /fxl/photogallery/photo13518 prevdis.gif
2010.08.22 15:47 B C:\user\nick\Website\Class1966\photogallery\photo13518\real.htm --> ftp.nickfeng.com /fxl/photogallery/photo13518 real.htm
2010.08.22 15:47 B C:\user\nick\Website\Class1966\photogallery\photo13518\real_p.htm --> ftp.nickfeng.com /fxl/photogallery/photo13518 real_p.htm
2010.08.22 15:47 B C:\user\nick\Website\Class1966\photogallery\photo13518\real_x.htm --> ftp.nickfeng.com /fxl/photogallery/photo13518 real_x.htm
2010.08.22 15:47 B C:\user\nick\Website\Class1966\photogallery\photo13518\sldshow.js --> ftp.nickfeng.com /fxl/photogallery/photo13518 sldshow.js
2012.10.18 10:20 B C:\Website\fxl\photogallery\photo13518\HeXJSpeech.jpg --> 68516.42la.com.cn /68516/photogallery/photo13518 HeXJSpeech.jpg
2012.10.18 10:20 B C:\Website\fxl\photogallery\photo13518\Listener1.jpg --> 68516.42la.com.cn /68516/photogallery/photo13518 Listener1.jpg
2012.10.18 10:21 B C:\Website\fxl\photogallery\photo13518\Listener2.jpg --> 68516.42la.com.cn /68516/photogallery/photo13518 Listener2.jpg
2012.10.18 10:21 B C:\Website\fxl\photogallery\photo13518\Listener3.jpg --> 68516.42la.com.cn /68516/photogallery/photo13518 Listener3.jpg
2012.10.18 10:21 B C:\Website\fxl\photogallery\photo13518\Listener4.jpg --> 68516.42la.com.cn /68516/photogallery/photo13518 Listener4.jpg
2012.10.18 10:21 B C:\Website\fxl\photogallery\photo13518\Listener5.jpg --> 68516.42la.com.cn /68516/photogallery/photo13518 Listener5.jpg
2012.10.18 10:21 B C:\Website\fxl\photogallery\photo13518\Listener6.jpg --> 68516.42la.com.cn /68516/photogallery/photo13518 Listener6.jpg
2012.10.18 10:21 B C:\Website\fxl\photogallery\photo13518\next.gif --> 68516.42la.com.cn /68516/photogallery/photo13518 next.gif
2012.10.18 10:21 B C:\Website\fxl\photogallery\photo13518\nextdis.gif --> 68516.42la.com.cn /68516/photogallery/photo13518 nextdis.gif
2012.10.18 10:21 B C:\Website\fxl\photogallery\photo13518\prev.gif --> 68516.42la.com.cn /68516/photogallery/photo13518 prev.gif
2012.10.18 10:21 B C:\Website\fxl\photogallery\photo13518\prevdis.gif --> 68516.42la.com.cn /68516/photogallery/photo13518 prevdis.gif
2012.10.18 10:21 B C:\Website\fxl\photogallery\photo13518\real.htm --> 68516.42la.com.cn /68516/photogallery/photo13518 real.htm
2012.10.18 10:21 B C:\Website\fxl\photogallery\photo13518\real_p.htm --> 68516.42la.com.cn /68516/photogallery/photo13518 real_p.htm
2012.10.18 10:21 B C:\Website\fxl\photogallery\photo13518\real_x.htm --> 68516.42la.com.cn /68516/photogallery/photo13518 real_x.htm
2012.10.18 10:21 B C:\Website\fxl\photogallery\photo13518\sldshow.js --> 68516.42la.com.cn /68516/photogallery/photo13518 sldshow.js
2012.10.18 10:21 B C:\Website\fxl\photogallery\photo13518\WS_FTP.LOG --> 68516.42la.com.cn /68516/photogallery/photo13518 WS_FTP.LOG
2013.09.01 16:50 B C:\Website\fxl\photogallery\photo13518\HeXJSpeech.jpg --> 68516.42la.com.cn /68516/photogallery/photo13518 HeXJSpeech.jpg
2013.09.01 16:50 B C:\Website\fxl\photogallery\photo13518\Listener1.jpg --> 68516.42la.com.cn /68516/photogallery/photo13518 Listener1.jpg
2013.09.01 16:50 B C:\Website\fxl\photogallery\photo13518\Listener2.jpg --> 68516.42la.com.cn /68516/photogallery/photo13518 Listener2.jpg
2013.09.01 16:50 B C:\Website\fxl\photogallery\photo13518\Listener3.jpg --> 68516.42la.com.cn /68516/photogallery/photo13518 Listener3.jpg
2013.09.01 16:50 B C:\Website\fxl\photogallery\photo13518\Listener4.jpg --> 68516.42la.com.cn /68516/photogallery/photo13518 Listener4.jpg
2013.09.01 16:50 B C:\Website\fxl\photogallery\photo13518\Listener5.jpg --> 68516.42la.com.cn /68516/photogallery/photo13518 Listener5.jpg
2013.09.01 16:50 B C:\Website\fxl\photogallery\photo13518\Listener6.jpg --> 68516.42la.com.cn /68516/photogallery/photo13518 Listener6.jpg
2013.09.01 16:50 B C:\Website\fxl\photogallery\photo13518\next.gif --> 68516.42la.com.cn /68516/photogallery/photo13518 next.gif
2013.09.01 16:50 B C:\Website\fxl\photogallery\photo13518\nextdis.gif --> 68516.42la.com.cn /68516/photogallery/photo13518 nextdis.gif
2013.09.01 16:50 B C:\Website\fxl\photogallery\photo13518\prev.gif --> 68516.42la.com.cn /68516/photogallery/photo13518 prev.gif
2013.09.01 16:50 B C:\Website\fxl\photogallery\photo13518\prevdis.gif --> 68516.42la.com.cn /68516/photogallery/photo13518 prevdis.gif
2013.09.01 16:50 B C:\Website\fxl\photogallery\photo13518\real.htm --> 68516.42la.com.cn /68516/photogallery/photo13518 real.htm
2013.09.01 16:50 B C:\Website\fxl\photogallery\photo13518\real_p.htm --> 68516.42la.com.cn /68516/photogallery/photo13518 real_p.htm
2013.09.01 16:50 B C:\Website\fxl\photogallery\photo13518\real_x.htm --> 68516.42la.com.cn /68516/photogallery/photo13518 real_x.htm
2013.09.01 16:50 B C:\Website\fxl\photogallery\photo13518\sldshow.js --> 68516.42la.com.cn /68516/photogallery/photo13518 sldshow.js
2013.09.01 16:50 B C:\Website\fxl\photogallery\photo13518\WS_FTP.LOG --> 68516.42la.com.cn /68516/photogallery/photo13518 WS_FTP.LOG
