2010.08.22 15:46 B C:\user\nick\Website\Class1966\photogallery\photo11359\AfterPickingCherry.jpg --> ftp.nickfeng.com /fxl/photogallery/photo11359 AfterPickingCherry.jpg
2010.08.22 15:46 B C:\user\nick\Website\Class1966\photogallery\photo11359\AuthenticPeasantDinner.jpg --> ftp.nickfeng.com /fxl/photogallery/photo11359 AuthenticPeasantDinner.jpg
2010.08.22 15:46 B C:\user\nick\Website\Class1966\photogallery\photo11359\BareBackChickens.jpg --> ftp.nickfeng.com /fxl/photogallery/photo11359 BareBackChickens.jpg
2010.08.22 15:46 B C:\user\nick\Website\Class1966\photogallery\photo11359\Bargain.jpg --> ftp.nickfeng.com /fxl/photogallery/photo11359 Bargain.jpg
2010.08.22 15:46 B C:\user\nick\Website\Class1966\photogallery\photo11359\BeachRoad.jpg --> ftp.nickfeng.com /fxl/photogallery/photo11359 BeachRoad.jpg
2010.08.22 15:46 B C:\user\nick\Website\Class1966\photogallery\photo11359\BetweenPilors.jpg --> ftp.nickfeng.com /fxl/photogallery/photo11359 BetweenPilors.jpg
2010.08.22 15:46 B C:\user\nick\Website\Class1966\photogallery\photo11359\BottomsUp.jpg --> ftp.nickfeng.com /fxl/photogallery/photo11359 BottomsUp.jpg
2010.08.22 15:46 B C:\user\nick\Website\Class1966\photogallery\photo11359\CherryPicking.jpg --> ftp.nickfeng.com /fxl/photogallery/photo11359 CherryPicking.jpg
2010.08.22 15:46 B C:\user\nick\Website\Class1966\photogallery\photo11359\CherryPickingMore.jpg --> ftp.nickfeng.com /fxl/photogallery/photo11359 CherryPickingMore.jpg
2010.08.22 15:46 B C:\user\nick\Website\Class1966\photogallery\photo11359\Climbing.jpg --> ftp.nickfeng.com /fxl/photogallery/photo11359 Climbing.jpg
2010.08.22 15:46 B C:\user\nick\Website\Class1966\photogallery\photo11359\ClimbMore.jpg --> ftp.nickfeng.com /fxl/photogallery/photo11359 ClimbMore.jpg
2010.08.22 15:46 B C:\user\nick\Website\Class1966\photogallery\photo11359\CocoonDish.jpg --> ftp.nickfeng.com /fxl/photogallery/photo11359 CocoonDish.jpg
2010.08.22 15:46 B C:\user\nick\Website\Class1966\photogallery\photo11359\CountryGirlsOnMotorBikes.jpg --> ftp.nickfeng.com /fxl/photogallery/photo11359 CountryGirlsOnMotorBikes.jpg
2010.08.22 15:46 B C:\user\nick\Website\Class1966\photogallery\photo11359\CultureRevolutionRestaurant.jpg --> ftp.nickfeng.com /fxl/photogallery/photo11359 CultureRevolutionRestaurant.jpg
2010.08.22 15:46 B C:\user\nick\Website\Class1966\photogallery\photo11359\DidntTheyCountedWrong.jpg --> ftp.nickfeng.com /fxl/photogallery/photo11359 DidntTheyCountedWrong.jpg
2010.08.22 15:46 B C:\user\nick\Website\Class1966\photogallery\photo11359\FishAndSteamedBread.jpg --> ftp.nickfeng.com /fxl/photogallery/photo11359 FishAndSteamedBread.jpg
2010.08.22 15:46 B C:\user\nick\Website\Class1966\photogallery\photo11359\FreeMarket.jpg --> ftp.nickfeng.com /fxl/photogallery/photo11359 FreeMarket.jpg
2010.08.22 15:46 B C:\user\nick\Website\Class1966\photogallery\photo11359\GroupHorse.jpg --> ftp.nickfeng.com /fxl/photogallery/photo11359 GroupHorse.jpg
2010.08.22 15:46 B C:\user\nick\Website\Class1966\photogallery\photo11359\GroupOnWindmilHill.jpg --> ftp.nickfeng.com /fxl/photogallery/photo11359 GroupOnWindmilHill.jpg
2010.08.22 15:46 B C:\user\nick\Website\Class1966\photogallery\photo11359\Lakeside.jpg --> ftp.nickfeng.com /fxl/photogallery/photo11359 Lakeside.jpg
2010.08.22 15:46 B C:\user\nick\Website\Class1966\photogallery\photo11359\MountainReflections.jpg --> ftp.nickfeng.com /fxl/photogallery/photo11359 MountainReflections.jpg
2010.08.22 15:46 B C:\user\nick\Website\Class1966\photogallery\photo11359\NewDishReaction.jpg --> ftp.nickfeng.com /fxl/photogallery/photo11359 NewDishReaction.jpg
2010.08.22 15:46 B C:\user\nick\Website\Class1966\photogallery\photo11359\next.gif --> ftp.nickfeng.com /fxl/photogallery/photo11359 next.gif
2010.08.22 15:46 B C:\user\nick\Website\Class1966\photogallery\photo11359\nextdis.gif --> ftp.nickfeng.com /fxl/photogallery/photo11359 nextdis.gif
2010.08.22 15:46 B C:\user\nick\Website\Class1966\photogallery\photo11359\OnFarmersRoof.jpg --> ftp.nickfeng.com /fxl/photogallery/photo11359 OnFarmersRoof.jpg
2010.08.22 15:46 B C:\user\nick\Website\Class1966\photogallery\photo11359\Pavilion.jpg --> ftp.nickfeng.com /fxl/photogallery/photo11359 Pavilion.jpg
2010.08.22 15:46 B C:\user\nick\Website\Class1966\photogallery\photo11359\prev.gif --> ftp.nickfeng.com /fxl/photogallery/photo11359 prev.gif
2010.08.22 15:46 B C:\user\nick\Website\Class1966\photogallery\photo11359\prevdis.gif --> ftp.nickfeng.com /fxl/photogallery/photo11359 prevdis.gif
2010.08.22 15:46 B C:\user\nick\Website\Class1966\photogallery\photo11359\QingEmperorStatue.jpg --> ftp.nickfeng.com /fxl/photogallery/photo11359 QingEmperorStatue.jpg
2010.08.22 15:46 B C:\user\nick\Website\Class1966\photogallery\photo11359\QinRenHouse.jpg --> ftp.nickfeng.com /fxl/photogallery/photo11359 QinRenHouse.jpg
2010.08.22 15:46 B C:\user\nick\Website\Class1966\photogallery\photo11359\real.htm --> ftp.nickfeng.com /fxl/photogallery/photo11359 real.htm
2010.08.22 15:46 B C:\user\nick\Website\Class1966\photogallery\photo11359\real_p.htm --> ftp.nickfeng.com /fxl/photogallery/photo11359 real_p.htm
2010.08.22 15:46 B C:\user\nick\Website\Class1966\photogallery\photo11359\real_x.htm --> ftp.nickfeng.com /fxl/photogallery/photo11359 real_x.htm
2010.08.22 15:46 B C:\user\nick\Website\Class1966\photogallery\photo11359\RedGuardWaitress.jpg --> ftp.nickfeng.com /fxl/photogallery/photo11359 RedGuardWaitress.jpg
2010.08.22 15:46 B C:\user\nick\Website\Class1966\photogallery\photo11359\RevolutionaryRestaurant.jpg --> ftp.nickfeng.com /fxl/photogallery/photo11359 RevolutionaryRestaurant.jpg
2010.08.22 15:46 B C:\user\nick\Website\Class1966\photogallery\photo11359\RootingIntoTheCountryDinner.jpg --> ftp.nickfeng.com /fxl/photogallery/photo11359 RootingIntoTheCountryDinner.jpg
2010.08.22 15:46 B C:\user\nick\Website\Class1966\photogallery\photo11359\SaunterContryRoad.jpg --> ftp.nickfeng.com /fxl/photogallery/photo11359 SaunterContryRoad.jpg
2010.08.22 15:46 B C:\user\nick\Website\Class1966\photogallery\photo11359\SaunterInCountryRoad.jpg --> ftp.nickfeng.com /fxl/photogallery/photo11359 SaunterInCountryRoad.jpg
2010.08.22 15:46 B C:\user\nick\Website\Class1966\photogallery\photo11359\SeafoodDinner.jpg --> ftp.nickfeng.com /fxl/photogallery/photo11359 SeafoodDinner.jpg
2010.08.22 15:46 B C:\user\nick\Website\Class1966\photogallery\photo11359\SeasideBeauties.jpg --> ftp.nickfeng.com /fxl/photogallery/photo11359 SeasideBeauties.jpg
2010.08.22 15:47 B C:\user\nick\Website\Class1966\photogallery\photo11359\SitInARow.jpg --> ftp.nickfeng.com /fxl/photogallery/photo11359 SitInARow.jpg
2010.08.22 15:47 B C:\user\nick\Website\Class1966\photogallery\photo11359\sldshow.js --> ftp.nickfeng.com /fxl/photogallery/photo11359 sldshow.js
2010.08.22 15:47 B C:\user\nick\Website\Class1966\photogallery\photo11359\StoneForest.jpg --> ftp.nickfeng.com /fxl/photogallery/photo11359 StoneForest.jpg
2010.08.22 15:47 B C:\user\nick\Website\Class1966\photogallery\photo11359\StoryTellerChen.jpg --> ftp.nickfeng.com /fxl/photogallery/photo11359 StoryTellerChen.jpg
2010.08.22 15:47 B C:\user\nick\Website\Class1966\photogallery\photo11359\TownSquare.jpg --> ftp.nickfeng.com /fxl/photogallery/photo11359 TownSquare.jpg
2010.08.22 15:47 B C:\user\nick\Website\Class1966\photogallery\photo11359\WhyMotherLandLastForever.jpg --> ftp.nickfeng.com /fxl/photogallery/photo11359 WhyMotherLandLastForever.jpg
2010.08.24 19:07 B C:\user\nick\Website\Class1966\photogallery\photo11359\real_x.htm --> ftp.nickfeng.com /fxl/photogallery/photo11359 real_x.htm
2010.08.24 19:07 B C:\user\nick\Website\Class1966\photogallery\photo11359\real_p.htm --> ftp.nickfeng.com /fxl/photogallery/photo11359 real_p.htm
2010.08.24 19:07 B C:\user\nick\Website\Class1966\photogallery\photo11359\real.htm --> ftp.nickfeng.com /fxl/photogallery/photo11359 real.htm
2010.08.24 19:07 B C:\user\nick\Website\Class1966\photogallery\photo11359\Photogragher.jpg --> ftp.nickfeng.com /fxl/photogallery/photo11359 Photogragher.jpg
2010.09.06 10:27 B C:\user\nick\Website\Class1966\photogallery\photo11359\DidntTheyCountedWrong.jpg --> ftp.nickfeng.com /fxl/photogallery/photo11359 DidntTheyCountedWrong.jpg
2012.10.18 10:19 B C:\Website\fxl\photogallery\photo11359\AuthenticPeasantDinner.jpg --> 68516.42la.com.cn /68516/photogallery/photo11359 AuthenticPeasantDinner.jpg
2012.10.18 10:19 B C:\Website\fxl\photogallery\photo11359\BareBackChickens.jpg --> 68516.42la.com.cn /68516/photogallery/photo11359 BareBackChickens.jpg
2012.10.18 10:19 B C:\Website\fxl\photogallery\photo11359\Bargain.jpg --> 68516.42la.com.cn /68516/photogallery/photo11359 Bargain.jpg
2012.10.18 10:19 B C:\Website\fxl\photogallery\photo11359\BeachRoad.jpg --> 68516.42la.com.cn /68516/photogallery/photo11359 BeachRoad.jpg
2012.10.18 10:19 B C:\Website\fxl\photogallery\photo11359\BetweenPilors.jpg --> 68516.42la.com.cn /68516/photogallery/photo11359 BetweenPilors.jpg
2012.10.18 10:19 B C:\Website\fxl\photogallery\photo11359\BottomsUp.jpg --> 68516.42la.com.cn /68516/photogallery/photo11359 BottomsUp.jpg
2012.10.18 10:19 B C:\Website\fxl\photogallery\photo11359\CherryPicking.jpg --> 68516.42la.com.cn /68516/photogallery/photo11359 CherryPicking.jpg
2012.10.18 10:19 B C:\Website\fxl\photogallery\photo11359\CherryPickingMore.jpg --> 68516.42la.com.cn /68516/photogallery/photo11359 CherryPickingMore.jpg
2012.10.18 10:19 B C:\Website\fxl\photogallery\photo11359\Climbing.jpg --> 68516.42la.com.cn /68516/photogallery/photo11359 Climbing.jpg
2012.10.18 10:19 B C:\Website\fxl\photogallery\photo11359\ClimbMore.jpg --> 68516.42la.com.cn /68516/photogallery/photo11359 ClimbMore.jpg
2012.10.18 10:19 B C:\Website\fxl\photogallery\photo11359\CocoonDish.jpg --> 68516.42la.com.cn /68516/photogallery/photo11359 CocoonDish.jpg
2012.10.18 10:19 B C:\Website\fxl\photogallery\photo11359\CountryGirlsOnMotorBikes.jpg --> 68516.42la.com.cn /68516/photogallery/photo11359 CountryGirlsOnMotorBikes.jpg
2012.10.18 10:19 B C:\Website\fxl\photogallery\photo11359\CultureRevolutionRestaurant.jpg --> 68516.42la.com.cn /68516/photogallery/photo11359 CultureRevolutionRestaurant.jpg
2012.10.18 10:19 B C:\Website\fxl\photogallery\photo11359\DidntTheyCountedWrong.jpg --> 68516.42la.com.cn /68516/photogallery/photo11359 DidntTheyCountedWrong.jpg
2012.10.18 10:19 B C:\Website\fxl\photogallery\photo11359\FishAndSteamedBread.jpg --> 68516.42la.com.cn /68516/photogallery/photo11359 FishAndSteamedBread.jpg
2012.10.18 10:19 B C:\Website\fxl\photogallery\photo11359\FreeMarket.jpg --> 68516.42la.com.cn /68516/photogallery/photo11359 FreeMarket.jpg
2012.10.18 10:19 B C:\Website\fxl\photogallery\photo11359\GroupHorse.jpg --> 68516.42la.com.cn /68516/photogallery/photo11359 GroupHorse.jpg
2012.10.18 10:20 B C:\Website\fxl\photogallery\photo11359\GroupOnWindmilHill.jpg --> 68516.42la.com.cn /68516/photogallery/photo11359 GroupOnWindmilHill.jpg
2012.10.18 10:20 B C:\Website\fxl\photogallery\photo11359\Lakeside.jpg --> 68516.42la.com.cn /68516/photogallery/photo11359 Lakeside.jpg
2012.10.18 10:20 B C:\Website\fxl\photogallery\photo11359\MountainReflections.jpg --> 68516.42la.com.cn /68516/photogallery/photo11359 MountainReflections.jpg
2012.10.18 10:20 B C:\Website\fxl\photogallery\photo11359\NewDishReaction.jpg --> 68516.42la.com.cn /68516/photogallery/photo11359 NewDishReaction.jpg
2012.10.18 10:20 B C:\Website\fxl\photogallery\photo11359\next.gif --> 68516.42la.com.cn /68516/photogallery/photo11359 next.gif
2012.10.18 10:20 B C:\Website\fxl\photogallery\photo11359\nextdis.gif --> 68516.42la.com.cn /68516/photogallery/photo11359 nextdis.gif
2012.10.18 10:20 B C:\Website\fxl\photogallery\photo11359\OnFarmersRoof.jpg --> 68516.42la.com.cn /68516/photogallery/photo11359 OnFarmersRoof.jpg
2012.10.18 10:20 B C:\Website\fxl\photogallery\photo11359\Pavilion.jpg --> 68516.42la.com.cn /68516/photogallery/photo11359 Pavilion.jpg
2012.10.18 10:20 B C:\Website\fxl\photogallery\photo11359\Photogragher.jpg --> 68516.42la.com.cn /68516/photogallery/photo11359 Photogragher.jpg
2012.10.18 10:20 B C:\Website\fxl\photogallery\photo11359\prev.gif --> 68516.42la.com.cn /68516/photogallery/photo11359 prev.gif
2012.10.18 10:20 B C:\Website\fxl\photogallery\photo11359\prevdis.gif --> 68516.42la.com.cn /68516/photogallery/photo11359 prevdis.gif
2012.10.18 10:20 B C:\Website\fxl\photogallery\photo11359\QingEmperorStatue.jpg --> 68516.42la.com.cn /68516/photogallery/photo11359 QingEmperorStatue.jpg
2012.10.18 10:20 B C:\Website\fxl\photogallery\photo11359\QinRenHouse.jpg --> 68516.42la.com.cn /68516/photogallery/photo11359 QinRenHouse.jpg
2012.10.18 10:20 B C:\Website\fxl\photogallery\photo11359\real.htm --> 68516.42la.com.cn /68516/photogallery/photo11359 real.htm
2012.10.18 10:20 B C:\Website\fxl\photogallery\photo11359\real_p.htm --> 68516.42la.com.cn /68516/photogallery/photo11359 real_p.htm
2012.10.18 10:20 B C:\Website\fxl\photogallery\photo11359\real_x.htm --> 68516.42la.com.cn /68516/photogallery/photo11359 real_x.htm
2012.10.18 10:20 B C:\Website\fxl\photogallery\photo11359\RedGuardWaitress.jpg --> 68516.42la.com.cn /68516/photogallery/photo11359 RedGuardWaitress.jpg
2012.10.18 10:20 B C:\Website\fxl\photogallery\photo11359\RevolutionaryRestaurant.jpg --> 68516.42la.com.cn /68516/photogallery/photo11359 RevolutionaryRestaurant.jpg
2012.10.18 10:20 B C:\Website\fxl\photogallery\photo11359\RootingIntoTheCountryDinner.jpg --> 68516.42la.com.cn /68516/photogallery/photo11359 RootingIntoTheCountryDinner.jpg
2012.10.18 10:20 B C:\Website\fxl\photogallery\photo11359\SaunterContryRoad.jpg --> 68516.42la.com.cn /68516/photogallery/photo11359 SaunterContryRoad.jpg
2012.10.18 10:20 B C:\Website\fxl\photogallery\photo11359\SaunterInCountryRoad.jpg --> 68516.42la.com.cn /68516/photogallery/photo11359 SaunterInCountryRoad.jpg
2012.10.18 10:20 B C:\Website\fxl\photogallery\photo11359\SeafoodDinner.jpg --> 68516.42la.com.cn /68516/photogallery/photo11359 SeafoodDinner.jpg
2012.10.18 10:20 B C:\Website\fxl\photogallery\photo11359\SeasideBeauties.jpg --> 68516.42la.com.cn /68516/photogallery/photo11359 SeasideBeauties.jpg
2012.10.18 10:20 B C:\Website\fxl\photogallery\photo11359\SitInARow.jpg --> 68516.42la.com.cn /68516/photogallery/photo11359 SitInARow.jpg
2012.10.18 10:20 B C:\Website\fxl\photogallery\photo11359\sldshow.js --> 68516.42la.com.cn /68516/photogallery/photo11359 sldshow.js
2012.10.18 10:20 B C:\Website\fxl\photogallery\photo11359\StoneForest.jpg --> 68516.42la.com.cn /68516/photogallery/photo11359 StoneForest.jpg
2012.10.18 10:20 B C:\Website\fxl\photogallery\photo11359\StoryTellerChen.jpg --> 68516.42la.com.cn /68516/photogallery/photo11359 StoryTellerChen.jpg
2012.10.18 10:20 B C:\Website\fxl\photogallery\photo11359\TownSquare.jpg --> 68516.42la.com.cn /68516/photogallery/photo11359 TownSquare.jpg
2012.10.18 10:20 B C:\Website\fxl\photogallery\photo11359\WhyMotherLandLastForever.jpg --> 68516.42la.com.cn /68516/photogallery/photo11359 WhyMotherLandLastForever.jpg
2012.10.18 10:20 B C:\Website\fxl\photogallery\photo11359\WS_FTP.LOG --> 68516.42la.com.cn /68516/photogallery/photo11359 WS_FTP.LOG
2013.09.01 16:48 B C:\Website\fxl\photogallery\photo11359\AuthenticPeasantDinner.jpg --> 68516.42la.com.cn /68516/photogallery/photo11359 AuthenticPeasantDinner.jpg
2013.09.01 16:48 B C:\Website\fxl\photogallery\photo11359\BareBackChickens.jpg --> 68516.42la.com.cn /68516/photogallery/photo11359 BareBackChickens.jpg
2013.09.01 16:48 B C:\Website\fxl\photogallery\photo11359\Bargain.jpg --> 68516.42la.com.cn /68516/photogallery/photo11359 Bargain.jpg
2013.09.01 16:48 B C:\Website\fxl\photogallery\photo11359\BeachRoad.jpg --> 68516.42la.com.cn /68516/photogallery/photo11359 BeachRoad.jpg
2013.09.01 16:49 B C:\Website\fxl\photogallery\photo11359\BetweenPilors.jpg --> 68516.42la.com.cn /68516/photogallery/photo11359 BetweenPilors.jpg
2013.09.01 16:49 B C:\Website\fxl\photogallery\photo11359\BottomsUp.jpg --> 68516.42la.com.cn /68516/photogallery/photo11359 BottomsUp.jpg
2013.09.01 16:49 B C:\Website\fxl\photogallery\photo11359\CherryPicking.jpg --> 68516.42la.com.cn /68516/photogallery/photo11359 CherryPicking.jpg
2013.09.01 16:49 B C:\Website\fxl\photogallery\photo11359\CherryPickingMore.jpg --> 68516.42la.com.cn /68516/photogallery/photo11359 CherryPickingMore.jpg
2013.09.01 16:49 B C:\Website\fxl\photogallery\photo11359\Climbing.jpg --> 68516.42la.com.cn /68516/photogallery/photo11359 Climbing.jpg
2013.09.01 16:49 B C:\Website\fxl\photogallery\photo11359\ClimbMore.jpg --> 68516.42la.com.cn /68516/photogallery/photo11359 ClimbMore.jpg
2013.09.01 16:49 B C:\Website\fxl\photogallery\photo11359\CocoonDish.jpg --> 68516.42la.com.cn /68516/photogallery/photo11359 CocoonDish.jpg
2013.09.01 16:49 B C:\Website\fxl\photogallery\photo11359\CountryGirlsOnMotorBikes.jpg --> 68516.42la.com.cn /68516/photogallery/photo11359 CountryGirlsOnMotorBikes.jpg
2013.09.01 16:49 B C:\Website\fxl\photogallery\photo11359\CultureRevolutionRestaurant.jpg --> 68516.42la.com.cn /68516/photogallery/photo11359 CultureRevolutionRestaurant.jpg
2013.09.01 16:49 B C:\Website\fxl\photogallery\photo11359\DidntTheyCountedWrong.jpg --> 68516.42la.com.cn /68516/photogallery/photo11359 DidntTheyCountedWrong.jpg
2013.09.01 16:49 B C:\Website\fxl\photogallery\photo11359\FishAndSteamedBread.jpg --> 68516.42la.com.cn /68516/photogallery/photo11359 FishAndSteamedBread.jpg
2013.09.01 16:49 B C:\Website\fxl\photogallery\photo11359\FreeMarket.jpg --> 68516.42la.com.cn /68516/photogallery/photo11359 FreeMarket.jpg
2013.09.01 16:49 B C:\Website\fxl\photogallery\photo11359\GroupHorse.jpg --> 68516.42la.com.cn /68516/photogallery/photo11359 GroupHorse.jpg
2013.09.01 16:49 B C:\Website\fxl\photogallery\photo11359\GroupOnWindmilHill.jpg --> 68516.42la.com.cn /68516/photogallery/photo11359 GroupOnWindmilHill.jpg
2013.09.01 16:49 B C:\Website\fxl\photogallery\photo11359\Lakeside.jpg --> 68516.42la.com.cn /68516/photogallery/photo11359 Lakeside.jpg
2013.09.01 16:49 B C:\Website\fxl\photogallery\photo11359\MountainReflections.jpg --> 68516.42la.com.cn /68516/photogallery/photo11359 MountainReflections.jpg
2013.09.01 16:49 B C:\Website\fxl\photogallery\photo11359\NewDishReaction.jpg --> 68516.42la.com.cn /68516/photogallery/photo11359 NewDishReaction.jpg
2013.09.01 16:49 B C:\Website\fxl\photogallery\photo11359\next.gif --> 68516.42la.com.cn /68516/photogallery/photo11359 next.gif
2013.09.01 16:49 B C:\Website\fxl\photogallery\photo11359\nextdis.gif --> 68516.42la.com.cn /68516/photogallery/photo11359 nextdis.gif
2013.09.01 16:49 B C:\Website\fxl\photogallery\photo11359\OnFarmersRoof.jpg --> 68516.42la.com.cn /68516/photogallery/photo11359 OnFarmersRoof.jpg
2013.09.01 16:49 B C:\Website\fxl\photogallery\photo11359\Pavilion.jpg --> 68516.42la.com.cn /68516/photogallery/photo11359 Pavilion.jpg
2013.09.01 16:49 B C:\Website\fxl\photogallery\photo11359\Photogragher.jpg --> 68516.42la.com.cn /68516/photogallery/photo11359 Photogragher.jpg
2013.09.01 16:49 B C:\Website\fxl\photogallery\photo11359\prev.gif --> 68516.42la.com.cn /68516/photogallery/photo11359 prev.gif
2013.09.01 16:49 B C:\Website\fxl\photogallery\photo11359\prevdis.gif --> 68516.42la.com.cn /68516/photogallery/photo11359 prevdis.gif
2013.09.01 16:49 B C:\Website\fxl\photogallery\photo11359\QingEmperorStatue.jpg --> 68516.42la.com.cn /68516/photogallery/photo11359 QingEmperorStatue.jpg
2013.09.01 16:49 B C:\Website\fxl\photogallery\photo11359\QinRenHouse.jpg --> 68516.42la.com.cn /68516/photogallery/photo11359 QinRenHouse.jpg
2013.09.01 16:49 B C:\Website\fxl\photogallery\photo11359\real.htm --> 68516.42la.com.cn /68516/photogallery/photo11359 real.htm
2013.09.01 16:49 B C:\Website\fxl\photogallery\photo11359\real_p.htm --> 68516.42la.com.cn /68516/photogallery/photo11359 real_p.htm
2013.09.01 16:49 B C:\Website\fxl\photogallery\photo11359\real_x.htm --> 68516.42la.com.cn /68516/photogallery/photo11359 real_x.htm
2013.09.01 16:49 B C:\Website\fxl\photogallery\photo11359\RedGuardWaitress.jpg --> 68516.42la.com.cn /68516/photogallery/photo11359 RedGuardWaitress.jpg
2013.09.01 16:49 B C:\Website\fxl\photogallery\photo11359\RevolutionaryRestaurant.jpg --> 68516.42la.com.cn /68516/photogallery/photo11359 RevolutionaryRestaurant.jpg
2013.09.01 16:49 B C:\Website\fxl\photogallery\photo11359\RootingIntoTheCountryDinner.jpg --> 68516.42la.com.cn /68516/photogallery/photo11359 RootingIntoTheCountryDinner.jpg
2013.09.01 16:49 B C:\Website\fxl\photogallery\photo11359\SaunterContryRoad.jpg --> 68516.42la.com.cn /68516/photogallery/photo11359 SaunterContryRoad.jpg
2013.09.01 16:49 B C:\Website\fxl\photogallery\photo11359\SaunterInCountryRoad.jpg --> 68516.42la.com.cn /68516/photogallery/photo11359 SaunterInCountryRoad.jpg
2013.09.01 16:49 B C:\Website\fxl\photogallery\photo11359\SeafoodDinner.jpg --> 68516.42la.com.cn /68516/photogallery/photo11359 SeafoodDinner.jpg
2013.09.01 16:49 B C:\Website\fxl\photogallery\photo11359\SeasideBeauties.jpg --> 68516.42la.com.cn /68516/photogallery/photo11359 SeasideBeauties.jpg
2013.09.01 16:49 B C:\Website\fxl\photogallery\photo11359\SitInARow.jpg --> 68516.42la.com.cn /68516/photogallery/photo11359 SitInARow.jpg
2013.09.01 16:49 B C:\Website\fxl\photogallery\photo11359\sldshow.js --> 68516.42la.com.cn /68516/photogallery/photo11359 sldshow.js
2013.09.01 16:49 B C:\Website\fxl\photogallery\photo11359\StoneForest.jpg --> 68516.42la.com.cn /68516/photogallery/photo11359 StoneForest.jpg
2013.09.01 16:49 B C:\Website\fxl\photogallery\photo11359\StoryTellerChen.jpg --> 68516.42la.com.cn /68516/photogallery/photo11359 StoryTellerChen.jpg
2013.09.01 16:49 B C:\Website\fxl\photogallery\photo11359\TownSquare.jpg --> 68516.42la.com.cn /68516/photogallery/photo11359 TownSquare.jpg
2013.09.01 16:49 B C:\Website\fxl\photogallery\photo11359\WhyMotherLandLastForever.jpg --> 68516.42la.com.cn /68516/photogallery/photo11359 WhyMotherLandLastForever.jpg
2013.09.01 16:49 B C:\Website\fxl\photogallery\photo11359\WS_FTP.LOG --> 68516.42la.com.cn /68516/photogallery/photo11359 WS_FTP.LOG
