2010.08.22 15:51 B C:\user\nick\Website\Class1966\photogallery\photo778\FiveGirls1969.jpg --> ftp.nickfeng.com /fxl/photogallery/photo778 FiveGirls1969.jpg
2010.08.22 15:51 B C:\user\nick\Website\Class1966\photogallery\photo778\GangOf3_sm.jpg --> ftp.nickfeng.com /fxl/photogallery/photo778 GangOf3_sm.jpg
2010.08.22 15:51 B C:\user\nick\Website\Class1966\photogallery\photo778\GirlsMetAgain.jpg --> ftp.nickfeng.com /fxl/photogallery/photo778 GirlsMetAgain.jpg
2010.08.22 15:51 B C:\user\nick\Website\Class1966\photogallery\photo778\GirlsMetAgain2.jpg --> ftp.nickfeng.com /fxl/photogallery/photo778 GirlsMetAgain2.jpg
2010.08.22 15:51 B C:\user\nick\Website\Class1966\photogallery\photo778\HeMei01_sm.jpg --> ftp.nickfeng.com /fxl/photogallery/photo778 HeMei01_sm.jpg
2010.08.22 15:51 B C:\user\nick\Website\Class1966\photogallery\photo778\next.gif --> ftp.nickfeng.com /fxl/photogallery/photo778 next.gif
2010.08.22 15:51 B C:\user\nick\Website\Class1966\photogallery\photo778\nextdis.gif --> ftp.nickfeng.com /fxl/photogallery/photo778 nextdis.gif
2010.08.22 15:51 B C:\user\nick\Website\Class1966\photogallery\photo778\prev.gif --> ftp.nickfeng.com /fxl/photogallery/photo778 prev.gif
2010.08.22 15:51 B C:\user\nick\Website\Class1966\photogallery\photo778\prevdis.gif --> ftp.nickfeng.com /fxl/photogallery/photo778 prevdis.gif
2010.08.22 15:51 B C:\user\nick\Website\Class1966\photogallery\photo778\real.htm --> ftp.nickfeng.com /fxl/photogallery/photo778 real.htm
2010.08.22 15:51 B C:\user\nick\Website\Class1966\photogallery\photo778\real_p.htm --> ftp.nickfeng.com /fxl/photogallery/photo778 real_p.htm
2010.08.22 15:51 B C:\user\nick\Website\Class1966\photogallery\photo778\real_x.htm --> ftp.nickfeng.com /fxl/photogallery/photo778 real_x.htm
2010.08.22 15:51 B C:\user\nick\Website\Class1966\photogallery\photo778\sldshow.js --> ftp.nickfeng.com /fxl/photogallery/photo778 sldshow.js
2012.10.18 10:23 B C:\Website\fxl\photogallery\photo778\FiveGirls1969.jpg --> 68516.42la.com.cn /68516/photogallery/photo778 FiveGirls1969.jpg
2012.10.18 10:23 B C:\Website\fxl\photogallery\photo778\GangOf3_sm.jpg --> 68516.42la.com.cn /68516/photogallery/photo778 GangOf3_sm.jpg
2012.10.18 10:23 B C:\Website\fxl\photogallery\photo778\GirlsMetAgain.jpg --> 68516.42la.com.cn /68516/photogallery/photo778 GirlsMetAgain.jpg
2012.10.18 10:23 B C:\Website\fxl\photogallery\photo778\GirlsMetAgain2.jpg --> 68516.42la.com.cn /68516/photogallery/photo778 GirlsMetAgain2.jpg
2012.10.18 10:23 B C:\Website\fxl\photogallery\photo778\HeMei01_sm.jpg --> 68516.42la.com.cn /68516/photogallery/photo778 HeMei01_sm.jpg
2012.10.18 10:23 B C:\Website\fxl\photogallery\photo778\next.gif --> 68516.42la.com.cn /68516/photogallery/photo778 next.gif
2012.10.18 10:23 B C:\Website\fxl\photogallery\photo778\nextdis.gif --> 68516.42la.com.cn /68516/photogallery/photo778 nextdis.gif
2012.10.18 10:23 B C:\Website\fxl\photogallery\photo778\prev.gif --> 68516.42la.com.cn /68516/photogallery/photo778 prev.gif
2012.10.18 10:23 B C:\Website\fxl\photogallery\photo778\prevdis.gif --> 68516.42la.com.cn /68516/photogallery/photo778 prevdis.gif
2012.10.18 10:23 B C:\Website\fxl\photogallery\photo778\real.htm --> 68516.42la.com.cn /68516/photogallery/photo778 real.htm
2012.10.18 10:23 B C:\Website\fxl\photogallery\photo778\real_p.htm --> 68516.42la.com.cn /68516/photogallery/photo778 real_p.htm
2012.10.18 10:23 B C:\Website\fxl\photogallery\photo778\real_x.htm --> 68516.42la.com.cn /68516/photogallery/photo778 real_x.htm
2012.10.18 10:23 B C:\Website\fxl\photogallery\photo778\sldshow.js --> 68516.42la.com.cn /68516/photogallery/photo778 sldshow.js
2012.10.18 10:23 B C:\Website\fxl\photogallery\photo778\WS_FTP.LOG --> 68516.42la.com.cn /68516/photogallery/photo778 WS_FTP.LOG
2013.09.01 16:53 B C:\Website\fxl\photogallery\photo778\FiveGirls1969.jpg --> 68516.42la.com.cn /68516/photogallery/photo778 FiveGirls1969.jpg
2013.09.01 16:53 B C:\Website\fxl\photogallery\photo778\GangOf3_sm.jpg --> 68516.42la.com.cn /68516/photogallery/photo778 GangOf3_sm.jpg
2013.09.01 16:53 B C:\Website\fxl\photogallery\photo778\GirlsMetAgain.jpg --> 68516.42la.com.cn /68516/photogallery/photo778 GirlsMetAgain.jpg
2013.09.01 16:53 B C:\Website\fxl\photogallery\photo778\GirlsMetAgain2.jpg --> 68516.42la.com.cn /68516/photogallery/photo778 GirlsMetAgain2.jpg
2013.09.01 16:53 B C:\Website\fxl\photogallery\photo778\HeMei01_sm.jpg --> 68516.42la.com.cn /68516/photogallery/photo778 HeMei01_sm.jpg
2013.09.01 16:53 B C:\Website\fxl\photogallery\photo778\next.gif --> 68516.42la.com.cn /68516/photogallery/photo778 next.gif
2013.09.01 16:53 B C:\Website\fxl\photogallery\photo778\nextdis.gif --> 68516.42la.com.cn /68516/photogallery/photo778 nextdis.gif
2013.09.01 16:53 B C:\Website\fxl\photogallery\photo778\prev.gif --> 68516.42la.com.cn /68516/photogallery/photo778 prev.gif
2013.09.01 16:53 B C:\Website\fxl\photogallery\photo778\prevdis.gif --> 68516.42la.com.cn /68516/photogallery/photo778 prevdis.gif
2013.09.01 16:53 B C:\Website\fxl\photogallery\photo778\real.htm --> 68516.42la.com.cn /68516/photogallery/photo778 real.htm
2013.09.01 16:53 B C:\Website\fxl\photogallery\photo778\real_p.htm --> 68516.42la.com.cn /68516/photogallery/photo778 real_p.htm
2013.09.01 16:53 B C:\Website\fxl\photogallery\photo778\real_x.htm --> 68516.42la.com.cn /68516/photogallery/photo778 real_x.htm
2013.09.01 16:53 B C:\Website\fxl\photogallery\photo778\sldshow.js --> 68516.42la.com.cn /68516/photogallery/photo778 sldshow.js
2013.09.01 16:53 B C:\Website\fxl\photogallery\photo778\WS_FTP.LOG --> 68516.42la.com.cn /68516/photogallery/photo778 WS_FTP.LOG
