2010.08.22 15:47 B C:\user\nick\Website\Class1966\photogallery\photo13518\_vti_cnf\HeXJSpeech.jpg --> ftp.nickfeng.com /fxl/photogallery/photo13518/_vti_cnf HeXJSpeech.jpg
2010.08.22 15:47 B C:\user\nick\Website\Class1966\photogallery\photo13518\_vti_cnf\Listener1.jpg --> ftp.nickfeng.com /fxl/photogallery/photo13518/_vti_cnf Listener1.jpg
2010.08.22 15:47 B C:\user\nick\Website\Class1966\photogallery\photo13518\_vti_cnf\Listener2.jpg --> ftp.nickfeng.com /fxl/photogallery/photo13518/_vti_cnf Listener2.jpg
2010.08.22 15:47 B C:\user\nick\Website\Class1966\photogallery\photo13518\_vti_cnf\Listener3.jpg --> ftp.nickfeng.com /fxl/photogallery/photo13518/_vti_cnf Listener3.jpg
2010.08.22 15:47 B C:\user\nick\Website\Class1966\photogallery\photo13518\_vti_cnf\Listener4.jpg --> ftp.nickfeng.com /fxl/photogallery/photo13518/_vti_cnf Listener4.jpg
2010.08.22 15:47 B C:\user\nick\Website\Class1966\photogallery\photo13518\_vti_cnf\Listener5.jpg --> ftp.nickfeng.com /fxl/photogallery/photo13518/_vti_cnf Listener5.jpg
2010.08.22 15:47 B C:\user\nick\Website\Class1966\photogallery\photo13518\_vti_cnf\Listener6.jpg --> ftp.nickfeng.com /fxl/photogallery/photo13518/_vti_cnf Listener6.jpg
2010.08.22 15:47 B C:\user\nick\Website\Class1966\photogallery\photo13518\_vti_cnf\next.gif --> ftp.nickfeng.com /fxl/photogallery/photo13518/_vti_cnf next.gif
2010.08.22 15:47 B C:\user\nick\Website\Class1966\photogallery\photo13518\_vti_cnf\nextdis.gif --> ftp.nickfeng.com /fxl/photogallery/photo13518/_vti_cnf nextdis.gif
2010.08.22 15:47 B C:\user\nick\Website\Class1966\photogallery\photo13518\_vti_cnf\prev.gif --> ftp.nickfeng.com /fxl/photogallery/photo13518/_vti_cnf prev.gif
2010.08.22 15:47 B C:\user\nick\Website\Class1966\photogallery\photo13518\_vti_cnf\prevdis.gif --> ftp.nickfeng.com /fxl/photogallery/photo13518/_vti_cnf prevdis.gif
2010.08.22 15:47 B C:\user\nick\Website\Class1966\photogallery\photo13518\_vti_cnf\real.htm --> ftp.nickfeng.com /fxl/photogallery/photo13518/_vti_cnf real.htm
2010.08.22 15:47 B C:\user\nick\Website\Class1966\photogallery\photo13518\_vti_cnf\real_p.htm --> ftp.nickfeng.com /fxl/photogallery/photo13518/_vti_cnf real_p.htm
2010.08.22 15:47 B C:\user\nick\Website\Class1966\photogallery\photo13518\_vti_cnf\real_x.htm --> ftp.nickfeng.com /fxl/photogallery/photo13518/_vti_cnf real_x.htm
2010.08.22 15:47 B C:\user\nick\Website\Class1966\photogallery\photo13518\_vti_cnf\sldshow.js --> ftp.nickfeng.com /fxl/photogallery/photo13518/_vti_cnf sldshow.js
2012.10.18 10:20 B C:\Website\fxl\photogallery\photo13518\_vti_cnf\HeXJSpeech.jpg --> 68516.42la.com.cn /68516/photogallery/photo13518/_vti_cnf HeXJSpeech.jpg
2012.10.18 10:20 B C:\Website\fxl\photogallery\photo13518\_vti_cnf\Listener1.jpg --> 68516.42la.com.cn /68516/photogallery/photo13518/_vti_cnf Listener1.jpg
2012.10.18 10:20 B C:\Website\fxl\photogallery\photo13518\_vti_cnf\Listener2.jpg --> 68516.42la.com.cn /68516/photogallery/photo13518/_vti_cnf Listener2.jpg
2012.10.18 10:20 B C:\Website\fxl\photogallery\photo13518\_vti_cnf\Listener3.jpg --> 68516.42la.com.cn /68516/photogallery/photo13518/_vti_cnf Listener3.jpg
2012.10.18 10:20 B C:\Website\fxl\photogallery\photo13518\_vti_cnf\Listener4.jpg --> 68516.42la.com.cn /68516/photogallery/photo13518/_vti_cnf Listener4.jpg
2012.10.18 10:20 B C:\Website\fxl\photogallery\photo13518\_vti_cnf\Listener5.jpg --> 68516.42la.com.cn /68516/photogallery/photo13518/_vti_cnf Listener5.jpg
2012.10.18 10:20 B C:\Website\fxl\photogallery\photo13518\_vti_cnf\Listener6.jpg --> 68516.42la.com.cn /68516/photogallery/photo13518/_vti_cnf Listener6.jpg
2012.10.18 10:20 B C:\Website\fxl\photogallery\photo13518\_vti_cnf\next.gif --> 68516.42la.com.cn /68516/photogallery/photo13518/_vti_cnf next.gif
2012.10.18 10:20 B C:\Website\fxl\photogallery\photo13518\_vti_cnf\nextdis.gif --> 68516.42la.com.cn /68516/photogallery/photo13518/_vti_cnf nextdis.gif
2012.10.18 10:20 B C:\Website\fxl\photogallery\photo13518\_vti_cnf\prev.gif --> 68516.42la.com.cn /68516/photogallery/photo13518/_vti_cnf prev.gif
2012.10.18 10:20 B C:\Website\fxl\photogallery\photo13518\_vti_cnf\prevdis.gif --> 68516.42la.com.cn /68516/photogallery/photo13518/_vti_cnf prevdis.gif
2012.10.18 10:20 B C:\Website\fxl\photogallery\photo13518\_vti_cnf\real.htm --> 68516.42la.com.cn /68516/photogallery/photo13518/_vti_cnf real.htm
2012.10.18 10:20 B C:\Website\fxl\photogallery\photo13518\_vti_cnf\real_p.htm --> 68516.42la.com.cn /68516/photogallery/photo13518/_vti_cnf real_p.htm
2012.10.18 10:20 B C:\Website\fxl\photogallery\photo13518\_vti_cnf\real_x.htm --> 68516.42la.com.cn /68516/photogallery/photo13518/_vti_cnf real_x.htm
2012.10.18 10:20 B C:\Website\fxl\photogallery\photo13518\_vti_cnf\sldshow.js --> 68516.42la.com.cn /68516/photogallery/photo13518/_vti_cnf sldshow.js
2012.10.18 10:20 B C:\Website\fxl\photogallery\photo13518\_vti_cnf\WS_FTP.LOG --> 68516.42la.com.cn /68516/photogallery/photo13518/_vti_cnf WS_FTP.LOG
2013.09.01 16:50 B C:\Website\fxl\photogallery\photo13518\_vti_cnf\HeXJSpeech.jpg --> 68516.42la.com.cn /68516/photogallery/photo13518/_vti_cnf HeXJSpeech.jpg
2013.09.01 16:50 B C:\Website\fxl\photogallery\photo13518\_vti_cnf\Listener1.jpg --> 68516.42la.com.cn /68516/photogallery/photo13518/_vti_cnf Listener1.jpg
2013.09.01 16:50 B C:\Website\fxl\photogallery\photo13518\_vti_cnf\Listener2.jpg --> 68516.42la.com.cn /68516/photogallery/photo13518/_vti_cnf Listener2.jpg
2013.09.01 16:50 B C:\Website\fxl\photogallery\photo13518\_vti_cnf\Listener3.jpg --> 68516.42la.com.cn /68516/photogallery/photo13518/_vti_cnf Listener3.jpg
2013.09.01 16:50 B C:\Website\fxl\photogallery\photo13518\_vti_cnf\Listener4.jpg --> 68516.42la.com.cn /68516/photogallery/photo13518/_vti_cnf Listener4.jpg
2013.09.01 16:50 B C:\Website\fxl\photogallery\photo13518\_vti_cnf\Listener5.jpg --> 68516.42la.com.cn /68516/photogallery/photo13518/_vti_cnf Listener5.jpg
2013.09.01 16:50 B C:\Website\fxl\photogallery\photo13518\_vti_cnf\Listener6.jpg --> 68516.42la.com.cn /68516/photogallery/photo13518/_vti_cnf Listener6.jpg
2013.09.01 16:50 B C:\Website\fxl\photogallery\photo13518\_vti_cnf\next.gif --> 68516.42la.com.cn /68516/photogallery/photo13518/_vti_cnf next.gif
2013.09.01 16:50 B C:\Website\fxl\photogallery\photo13518\_vti_cnf\nextdis.gif --> 68516.42la.com.cn /68516/photogallery/photo13518/_vti_cnf nextdis.gif
2013.09.01 16:50 B C:\Website\fxl\photogallery\photo13518\_vti_cnf\prev.gif --> 68516.42la.com.cn /68516/photogallery/photo13518/_vti_cnf prev.gif
2013.09.01 16:50 B C:\Website\fxl\photogallery\photo13518\_vti_cnf\prevdis.gif --> 68516.42la.com.cn /68516/photogallery/photo13518/_vti_cnf prevdis.gif
2013.09.01 16:50 B C:\Website\fxl\photogallery\photo13518\_vti_cnf\real.htm --> 68516.42la.com.cn /68516/photogallery/photo13518/_vti_cnf real.htm
2013.09.01 16:50 B C:\Website\fxl\photogallery\photo13518\_vti_cnf\real_p.htm --> 68516.42la.com.cn /68516/photogallery/photo13518/_vti_cnf real_p.htm
2013.09.01 16:50 B C:\Website\fxl\photogallery\photo13518\_vti_cnf\real_x.htm --> 68516.42la.com.cn /68516/photogallery/photo13518/_vti_cnf real_x.htm
2013.09.01 16:50 B C:\Website\fxl\photogallery\photo13518\_vti_cnf\sldshow.js --> 68516.42la.com.cn /68516/photogallery/photo13518/_vti_cnf sldshow.js
2013.09.01 16:50 B C:\Website\fxl\photogallery\photo13518\_vti_cnf\WS_FTP.LOG --> 68516.42la.com.cn /68516/photogallery/photo13518/_vti_cnf WS_FTP.LOG
