vti_encoding:SR|utf8-nl
vti_timelastmodified:TR|07 Feb 2010 06:30:45 -0000
vti_extenderversion:SR|5.0.2.6790
vti_lineageid:SR|{9E47236A-E4F7-4887-84BC-C357ACA8B9C8}
vti_cacheddtm:TX|07 Feb 2010 06:30:45 -0000
vti_filesize:IR|10677
vti_backlinkinfo:VX|
2010.08.22 15:29 B C:\user\nick\Website\Class1966\images\_vti_cnf\2002Ladies.jpg --> ftp.nickfeng.com /fxl/images/_vti_cnf 2002Ladies.jpg
2010.08.22 15:29 B C:\user\nick\Website\Class1966\images\_vti_cnf\2002Reunion.jpg --> ftp.nickfeng.com /fxl/images/_vti_cnf 2002Reunion.jpg
2010.08.22 15:29 B C:\user\nick\Website\Class1966\images\_vti_cnf\artbannd.gif --> ftp.nickfeng.com /fxl/images/_vti_cnf artbannd.gif
2010.08.22 15:29 B C:\user\nick\Website\Class1966\images\_vti_cnf\artbul1a.gif --> ftp.nickfeng.com /fxl/images/_vti_cnf artbul1a.gif
2010.08.22 15:29 B C:\user\nick\Website\Class1966\images\_vti_cnf\artbul2a.gif --> ftp.nickfeng.com /fxl/images/_vti_cnf artbul2a.gif
2010.08.22 15:29 B C:\user\nick\Website\Class1966\images\_vti_cnf\artbul3a.gif --> ftp.nickfeng.com /fxl/images/_vti_cnf artbul3a.gif
2010.08.22 15:29 B C:\user\nick\Website\Class1966\images\_vti_cnf\arthsepa.gif --> ftp.nickfeng.com /fxl/images/_vti_cnf arthsepa.gif
2010.08.22 15:29 B C:\user\nick\Website\Class1966\images\_vti_cnf\arttilea.jpg --> ftp.nickfeng.com /fxl/images/_vti_cnf arttilea.jpg
2010.08.22 15:29 B C:\user\nick\Website\Class1966\images\_vti_cnf\bkg.gif --> ftp.nickfeng.com /fxl/images/_vti_cnf bkg.gif
2010.08.22 15:29 B C:\user\nick\Website\Class1966\images\_vti_cnf\ChenRongGuang1966_sm.jpg --> ftp.nickfeng.com /fxl/images/_vti_cnf ChenRongGuang1966_sm.jpg
2010.08.22 15:29 B C:\user\nick\Website\Class1966\images\_vti_cnf\ChenYunFang1966_sm.jpg --> ftp.nickfeng.com /fxl/images/_vti_cnf ChenYunFang1966_sm.jpg
2010.08.22 15:29 B C:\user\nick\Website\Class1966\images\_vti_cnf\ChenYunFang_catoon.jpg --> ftp.nickfeng.com /fxl/images/_vti_cnf ChenYunFang_catoon.jpg
2010.08.22 15:29 B C:\user\nick\Website\Class1966\images\_vti_cnf\GangOf3_art.jpg --> ftp.nickfeng.com /fxl/images/_vti_cnf GangOf3_art.jpg
2010.08.22 15:29 B C:\user\nick\Website\Class1966\images\_vti_cnf\GuanJingHong_Catoon.jpg --> ftp.nickfeng.com /fxl/images/_vti_cnf GuanJingHong_Catoon.jpg
2010.08.22 15:29 B C:\user\nick\Website\Class1966\images\_vti_cnf\GuanJinHua1966_sm.jpg --> ftp.nickfeng.com /fxl/images/_vti_cnf GuanJinHua1966_sm.jpg
2010.08.22 15:29 B C:\user\nick\Website\Class1966\images\_vti_cnf\HeMeiGradeSchool_sm.jpg --> ftp.nickfeng.com /fxl/images/_vti_cnf HeMeiGradeSchool_sm.jpg
2010.08.22 15:29 B C:\user\nick\Website\Class1966\images\_vti_cnf\LianXiaoAn1966_sm.jpg --> ftp.nickfeng.com /fxl/images/_vti_cnf LianXiaoAn1966_sm.jpg
2010.08.22 15:29 B C:\user\nick\Website\Class1966\images\_vti_cnf\LiBaoShu1966_sm.jpg --> ftp.nickfeng.com /fxl/images/_vti_cnf LiBaoShu1966_sm.jpg
2010.08.22 15:29 B C:\user\nick\Website\Class1966\images\_vti_cnf\LiuWei1966_sm.jpg --> ftp.nickfeng.com /fxl/images/_vti_cnf LiuWei1966_sm.jpg
2010.08.22 15:29 B C:\user\nick\Website\Class1966\images\_vti_cnf\MaleSpearTeam.jpg --> ftp.nickfeng.com /fxl/images/_vti_cnf MaleSpearTeam.jpg
2010.08.22 15:29 B C:\user\nick\Website\Class1966\images\_vti_cnf\Mei.JPG --> ftp.nickfeng.com /fxl/images/_vti_cnf Mei.JPG
2010.08.22 15:29 B C:\user\nick\Website\Class1966\images\_vti_cnf\Mei_CutOut.jpg --> ftp.nickfeng.com /fxl/images/_vti_cnf Mei_CutOut.jpg
2010.08.22 15:29 B C:\user\nick\Website\Class1966\images\_vti_cnf\Mei_NewHair.JPG --> ftp.nickfeng.com /fxl/images/_vti_cnf Mei_NewHair.JPG
2010.08.22 15:29 B C:\user\nick\Website\Class1966\images\_vti_cnf\MinQi1969_sm.jpg --> ftp.nickfeng.com /fxl/images/_vti_cnf MinQi1969_sm.jpg
2010.08.22 15:29 B C:\user\nick\Website\Class1966\images\_vti_cnf\Nick_Catoon.jpg --> ftp.nickfeng.com /fxl/images/_vti_cnf Nick_Catoon.jpg
2010.08.22 15:29 B C:\user\nick\Website\Class1966\images\_vti_cnf\Nick_sm.jpg --> ftp.nickfeng.com /fxl/images/_vti_cnf Nick_sm.jpg
2010.08.22 15:29 B C:\user\nick\Website\Class1966\images\_vti_cnf\NingTong_Catoon.jpg --> ftp.nickfeng.com /fxl/images/_vti_cnf NingTong_Catoon.jpg
2010.08.22 15:29 B C:\user\nick\Website\Class1966\images\_vti_cnf\Reunion2000_sm.jpg --> ftp.nickfeng.com /fxl/images/_vti_cnf Reunion2000_sm.jpg
2010.08.22 15:29 B C:\user\nick\Website\Class1966\images\_vti_cnf\Reunion2001_sm.jpg --> ftp.nickfeng.com /fxl/images/_vti_cnf Reunion2001_sm.jpg
2010.08.22 15:29 B C:\user\nick\Website\Class1966\images\_vti_cnf\Reunion92_sm.jpg --> ftp.nickfeng.com /fxl/images/_vti_cnf Reunion92_sm.jpg
2010.08.22 15:29 B C:\user\nick\Website\Class1966\images\_vti_cnf\Rstrant07_Grp10.jpg --> ftp.nickfeng.com /fxl/images/_vti_cnf Rstrant07_Grp10.jpg
2010.08.22 15:29 B C:\user\nick\Website\Class1966\images\_vti_cnf\ShuiZhiYi1966_sm.jpg --> ftp.nickfeng.com /fxl/images/_vti_cnf ShuiZhiYi1966_sm.jpg
2010.08.22 15:29 B C:\user\nick\Website\Class1966\images\_vti_cnf\ShuiZhiYi_Cartoon.jpg --> ftp.nickfeng.com /fxl/images/_vti_cnf ShuiZhiYi_Cartoon.jpg
2010.08.22 15:29 B C:\user\nick\Website\Class1966\images\_vti_cnf\SongXiaoPing1969_sm.jpg --> ftp.nickfeng.com /fxl/images/_vti_cnf SongXiaoPing1969_sm.jpg
2010.08.22 15:29 B C:\user\nick\Website\Class1966\images\_vti_cnf\Spear.jpg --> ftp.nickfeng.com /fxl/images/_vti_cnf Spear.jpg
2010.08.22 15:29 B C:\user\nick\Website\Class1966\images\_vti_cnf\SpearTeamFemale.jpg --> ftp.nickfeng.com /fxl/images/_vti_cnf SpearTeamFemale.jpg
2010.08.22 15:29 B C:\user\nick\Website\Class1966\images\_vti_cnf\SunNingLing1969_sm.jpg --> ftp.nickfeng.com /fxl/images/_vti_cnf SunNingLing1969_sm.jpg
2010.08.22 15:29 B C:\user\nick\Website\Class1966\images\_vti_cnf\TitleBaner.jpg --> ftp.nickfeng.com /fxl/images/_vti_cnf TitleBaner.jpg
2010.08.22 15:29 B C:\user\nick\Website\Class1966\images\_vti_cnf\WS_FTP.LOG --> ftp.nickfeng.com /fxl/images/_vti_cnf WS_FTP.LOG
2010.08.22 15:29 B C:\user\nick\Website\Class1966\images\_vti_cnf\YaoXingWei66_sm.jpg --> ftp.nickfeng.com /fxl/images/_vti_cnf YaoXingWei66_sm.jpg
2010.08.22 15:29 B C:\user\nick\Website\Class1966\images\_vti_cnf\YingXuYan1969_sm.jpg --> ftp.nickfeng.com /fxl/images/_vti_cnf YingXuYan1969_sm.jpg
2010.08.22 15:29 B C:\user\nick\Website\Class1966\images\_vti_cnf\ZhangXuePing1966_sm.jpg --> ftp.nickfeng.com /fxl/images/_vti_cnf ZhangXuePing1966_sm.jpg
2012.10.18 10:05 B C:\Website\fxl\images\_vti_cnf\2002Ladies.jpg --> 68516.42la.com.cn /68516/images/_vti_cnf 2002Ladies.jpg
2012.10.18 10:05 B C:\Website\fxl\images\_vti_cnf\2002Reunion.jpg --> 68516.42la.com.cn /68516/images/_vti_cnf 2002Reunion.jpg
2012.10.18 10:05 B C:\Website\fxl\images\_vti_cnf\artbannd.gif --> 68516.42la.com.cn /68516/images/_vti_cnf artbannd.gif
2012.10.18 10:05 B C:\Website\fxl\images\_vti_cnf\artbul1a.gif --> 68516.42la.com.cn /68516/images/_vti_cnf artbul1a.gif
2012.10.18 10:05 B C:\Website\fxl\images\_vti_cnf\artbul2a.gif --> 68516.42la.com.cn /68516/images/_vti_cnf artbul2a.gif
2012.10.18 10:05 B C:\Website\fxl\images\_vti_cnf\artbul3a.gif --> 68516.42la.com.cn /68516/images/_vti_cnf artbul3a.gif
2012.10.18 10:05 B C:\Website\fxl\images\_vti_cnf\arthsepa.gif --> 68516.42la.com.cn /68516/images/_vti_cnf arthsepa.gif
2012.10.18 10:05 B C:\Website\fxl\images\_vti_cnf\arttilea.jpg --> 68516.42la.com.cn /68516/images/_vti_cnf arttilea.jpg
2012.10.18 10:05 B C:\Website\fxl\images\_vti_cnf\bkg.gif --> 68516.42la.com.cn /68516/images/_vti_cnf bkg.gif
2012.10.18 10:05 B C:\Website\fxl\images\_vti_cnf\ChenRongGuang1966_sm.jpg --> 68516.42la.com.cn /68516/images/_vti_cnf ChenRongGuang1966_sm.jpg
2012.10.18 10:05 B C:\Website\fxl\images\_vti_cnf\ChenYunFang1966_sm.jpg --> 68516.42la.com.cn /68516/images/_vti_cnf ChenYunFang1966_sm.jpg
2012.10.18 10:05 B C:\Website\fxl\images\_vti_cnf\ChenYunFang_catoon.jpg --> 68516.42la.com.cn /68516/images/_vti_cnf ChenYunFang_catoon.jpg
2012.10.18 10:05 B C:\Website\fxl\images\_vti_cnf\GangOf3_art.jpg --> 68516.42la.com.cn /68516/images/_vti_cnf GangOf3_art.jpg
2012.10.18 10:05 B C:\Website\fxl\images\_vti_cnf\GuanJingHong_Catoon.jpg --> 68516.42la.com.cn /68516/images/_vti_cnf GuanJingHong_Catoon.jpg
2012.10.18 10:05 B C:\Website\fxl\images\_vti_cnf\GuanJinHua1966_sm.jpg --> 68516.42la.com.cn /68516/images/_vti_cnf GuanJinHua1966_sm.jpg
2012.10.18 10:05 B C:\Website\fxl\images\_vti_cnf\HeMeiGradeSchool_sm.jpg --> 68516.42la.com.cn /68516/images/_vti_cnf HeMeiGradeSchool_sm.jpg
2012.10.18 10:05 B C:\Website\fxl\images\_vti_cnf\LianXiaoAn1966_sm.jpg --> 68516.42la.com.cn /68516/images/_vti_cnf LianXiaoAn1966_sm.jpg
2012.10.18 10:05 B C:\Website\fxl\images\_vti_cnf\LiBaoShu1966_sm.jpg --> 68516.42la.com.cn /68516/images/_vti_cnf LiBaoShu1966_sm.jpg
2012.10.18 10:05 B C:\Website\fxl\images\_vti_cnf\LiuWei1966_sm.jpg --> 68516.42la.com.cn /68516/images/_vti_cnf LiuWei1966_sm.jpg
2012.10.18 10:05 B C:\Website\fxl\images\_vti_cnf\MaleSpearTeam.jpg --> 68516.42la.com.cn /68516/images/_vti_cnf MaleSpearTeam.jpg
2012.10.18 10:05 B C:\Website\fxl\images\_vti_cnf\Mei.JPG --> 68516.42la.com.cn /68516/images/_vti_cnf Mei.JPG
2012.10.18 10:05 B C:\Website\fxl\images\_vti_cnf\Mei_CutOut.jpg --> 68516.42la.com.cn /68516/images/_vti_cnf Mei_CutOut.jpg
2012.10.18 10:05 B C:\Website\fxl\images\_vti_cnf\Mei_NewHair.JPG --> 68516.42la.com.cn /68516/images/_vti_cnf Mei_NewHair.JPG
2012.10.18 10:05 B C:\Website\fxl\images\_vti_cnf\MinQi1969_sm.jpg --> 68516.42la.com.cn /68516/images/_vti_cnf MinQi1969_sm.jpg
2012.10.18 10:05 B C:\Website\fxl\images\_vti_cnf\Nick_Catoon.jpg --> 68516.42la.com.cn /68516/images/_vti_cnf Nick_Catoon.jpg
2012.10.18 10:05 B C:\Website\fxl\images\_vti_cnf\Nick_sm.jpg --> 68516.42la.com.cn /68516/images/_vti_cnf Nick_sm.jpg
2012.10.18 10:05 B C:\Website\fxl\images\_vti_cnf\NingTong_Catoon.jpg --> 68516.42la.com.cn /68516/images/_vti_cnf NingTong_Catoon.jpg
2012.10.18 10:05 B C:\Website\fxl\images\_vti_cnf\Reunion2000_sm.jpg --> 68516.42la.com.cn /68516/images/_vti_cnf Reunion2000_sm.jpg
2012.10.18 10:05 B C:\Website\fxl\images\_vti_cnf\Reunion2001_sm.jpg --> 68516.42la.com.cn /68516/images/_vti_cnf Reunion2001_sm.jpg
2012.10.18 10:05 B C:\Website\fxl\images\_vti_cnf\Reunion92_sm.jpg --> 68516.42la.com.cn /68516/images/_vti_cnf Reunion92_sm.jpg
2012.10.18 10:05 B C:\Website\fxl\images\_vti_cnf\Rstrant07_Grp10.jpg --> 68516.42la.com.cn /68516/images/_vti_cnf Rstrant07_Grp10.jpg
2012.10.18 10:05 B C:\Website\fxl\images\_vti_cnf\ShuiZhiYi1966_sm.jpg --> 68516.42la.com.cn /68516/images/_vti_cnf ShuiZhiYi1966_sm.jpg
2012.10.18 10:05 B C:\Website\fxl\images\_vti_cnf\ShuiZhiYi_Cartoon.jpg --> 68516.42la.com.cn /68516/images/_vti_cnf ShuiZhiYi_Cartoon.jpg
2012.10.18 10:06 B C:\Website\fxl\images\_vti_cnf\SongXiaoPing1969_sm.jpg --> 68516.42la.com.cn /68516/images/_vti_cnf SongXiaoPing1969_sm.jpg
2012.10.18 10:06 B C:\Website\fxl\images\_vti_cnf\Spear.jpg --> 68516.42la.com.cn /68516/images/_vti_cnf Spear.jpg
2012.10.18 10:06 B C:\Website\fxl\images\_vti_cnf\SpearTeamFemale.jpg --> 68516.42la.com.cn /68516/images/_vti_cnf SpearTeamFemale.jpg
2012.10.18 10:06 B C:\Website\fxl\images\_vti_cnf\SunNingLing1969_sm.jpg --> 68516.42la.com.cn /68516/images/_vti_cnf SunNingLing1969_sm.jpg
2012.10.18 10:06 B C:\Website\fxl\images\_vti_cnf\TitleBaner.jpg --> 68516.42la.com.cn /68516/images/_vti_cnf TitleBaner.jpg
2012.10.18 10:06 B C:\Website\fxl\images\_vti_cnf\WS_FTP.LOG --> 68516.42la.com.cn /68516/images/_vti_cnf WS_FTP.LOG
2012.10.18 10:06 B C:\Website\fxl\images\_vti_cnf\YaoXingWei66_sm.jpg --> 68516.42la.com.cn /68516/images/_vti_cnf YaoXingWei66_sm.jpg
2012.10.18 10:06 B C:\Website\fxl\images\_vti_cnf\YingXuYan1969_sm.jpg --> 68516.42la.com.cn /68516/images/_vti_cnf YingXuYan1969_sm.jpg
2012.10.18 10:06 B C:\Website\fxl\images\_vti_cnf\ZhangXuePing1966_sm.jpg --> 68516.42la.com.cn /68516/images/_vti_cnf ZhangXuePing1966_sm.jpg
2013.09.01 16:32 B C:\Website\fxl\images\_vti_cnf\2002Ladies.jpg --> 68516.42la.com.cn /68516/images/_vti_cnf 2002Ladies.jpg
2013.09.01 16:32 B C:\Website\fxl\images\_vti_cnf\2002Reunion.jpg --> 68516.42la.com.cn /68516/images/_vti_cnf 2002Reunion.jpg
2013.09.01 16:32 B C:\Website\fxl\images\_vti_cnf\artbannd.gif --> 68516.42la.com.cn /68516/images/_vti_cnf artbannd.gif
2013.09.01 16:32 B C:\Website\fxl\images\_vti_cnf\artbul1a.gif --> 68516.42la.com.cn /68516/images/_vti_cnf artbul1a.gif
2013.09.01 16:32 B C:\Website\fxl\images\_vti_cnf\artbul2a.gif --> 68516.42la.com.cn /68516/images/_vti_cnf artbul2a.gif
2013.09.01 16:32 B C:\Website\fxl\images\_vti_cnf\artbul3a.gif --> 68516.42la.com.cn /68516/images/_vti_cnf artbul3a.gif
2013.09.01 16:32 B C:\Website\fxl\images\_vti_cnf\arthsepa.gif --> 68516.42la.com.cn /68516/images/_vti_cnf arthsepa.gif
2013.09.01 16:32 B C:\Website\fxl\images\_vti_cnf\arttilea.jpg --> 68516.42la.com.cn /68516/images/_vti_cnf arttilea.jpg
2013.09.01 16:32 B C:\Website\fxl\images\_vti_cnf\bkg.gif --> 68516.42la.com.cn /68516/images/_vti_cnf bkg.gif
2013.09.01 16:32 B C:\Website\fxl\images\_vti_cnf\ChenRongGuang1966_sm.jpg --> 68516.42la.com.cn /68516/images/_vti_cnf ChenRongGuang1966_sm.jpg
2013.09.01 16:32 B C:\Website\fxl\images\_vti_cnf\ChenYunFang1966_sm.jpg --> 68516.42la.com.cn /68516/images/_vti_cnf ChenYunFang1966_sm.jpg
2013.09.01 16:32 B C:\Website\fxl\images\_vti_cnf\ChenYunFang_catoon.jpg --> 68516.42la.com.cn /68516/images/_vti_cnf ChenYunFang_catoon.jpg
2013.09.01 16:32 B C:\Website\fxl\images\_vti_cnf\GangOf3_art.jpg --> 68516.42la.com.cn /68516/images/_vti_cnf GangOf3_art.jpg
2013.09.01 16:32 B C:\Website\fxl\images\_vti_cnf\GuanJingHong_Catoon.jpg --> 68516.42la.com.cn /68516/images/_vti_cnf GuanJingHong_Catoon.jpg
2013.09.01 16:32 B C:\Website\fxl\images\_vti_cnf\GuanJinHua1966_sm.jpg --> 68516.42la.com.cn /68516/images/_vti_cnf GuanJinHua1966_sm.jpg
2013.09.01 16:32 B C:\Website\fxl\images\_vti_cnf\HeMeiGradeSchool_sm.jpg --> 68516.42la.com.cn /68516/images/_vti_cnf HeMeiGradeSchool_sm.jpg
2013.09.01 16:32 B C:\Website\fxl\images\_vti_cnf\LianXiaoAn1966_sm.jpg --> 68516.42la.com.cn /68516/images/_vti_cnf LianXiaoAn1966_sm.jpg
2013.09.01 16:32 B C:\Website\fxl\images\_vti_cnf\LiBaoShu1966_sm.jpg --> 68516.42la.com.cn /68516/images/_vti_cnf LiBaoShu1966_sm.jpg
2013.09.01 16:32 B C:\Website\fxl\images\_vti_cnf\LiuWei1966_sm.jpg --> 68516.42la.com.cn /68516/images/_vti_cnf LiuWei1966_sm.jpg
2013.09.01 16:32 B C:\Website\fxl\images\_vti_cnf\MaleSpearTeam.jpg --> 68516.42la.com.cn /68516/images/_vti_cnf MaleSpearTeam.jpg
2013.09.01 16:32 B C:\Website\fxl\images\_vti_cnf\Mei.JPG --> 68516.42la.com.cn /68516/images/_vti_cnf Mei.JPG
2013.09.01 16:32 B C:\Website\fxl\images\_vti_cnf\Mei_CutOut.jpg --> 68516.42la.com.cn /68516/images/_vti_cnf Mei_CutOut.jpg
2013.09.01 16:32 B C:\Website\fxl\images\_vti_cnf\Mei_NewHair.JPG --> 68516.42la.com.cn /68516/images/_vti_cnf Mei_NewHair.JPG
2013.09.01 16:32 B C:\Website\fxl\images\_vti_cnf\MinQi1969_sm.jpg --> 68516.42la.com.cn /68516/images/_vti_cnf MinQi1969_sm.jpg
2013.09.01 16:32 B C:\Website\fxl\images\_vti_cnf\Nick_Catoon.jpg --> 68516.42la.com.cn /68516/images/_vti_cnf Nick_Catoon.jpg
2013.09.01 16:32 B C:\Website\fxl\images\_vti_cnf\Nick_sm.jpg --> 68516.42la.com.cn /68516/images/_vti_cnf Nick_sm.jpg
2013.09.01 16:32 B C:\Website\fxl\images\_vti_cnf\NingTong_Catoon.jpg --> 68516.42la.com.cn /68516/images/_vti_cnf NingTong_Catoon.jpg
2013.09.01 16:32 B C:\Website\fxl\images\_vti_cnf\Reunion2000_sm.jpg --> 68516.42la.com.cn /68516/images/_vti_cnf Reunion2000_sm.jpg
2013.09.01 16:32 B C:\Website\fxl\images\_vti_cnf\Reunion2001_sm.jpg --> 68516.42la.com.cn /68516/images/_vti_cnf Reunion2001_sm.jpg
2013.09.01 16:32 B C:\Website\fxl\images\_vti_cnf\Reunion92_sm.jpg --> 68516.42la.com.cn /68516/images/_vti_cnf Reunion92_sm.jpg
2013.09.01 16:32 B C:\Website\fxl\images\_vti_cnf\Rstrant07_Grp10.jpg --> 68516.42la.com.cn /68516/images/_vti_cnf Rstrant07_Grp10.jpg
2013.09.01 16:32 B C:\Website\fxl\images\_vti_cnf\ShuiZhiYi1966_sm.jpg --> 68516.42la.com.cn /68516/images/_vti_cnf ShuiZhiYi1966_sm.jpg
2013.09.01 16:32 B C:\Website\fxl\images\_vti_cnf\ShuiZhiYi_Cartoon.jpg --> 68516.42la.com.cn /68516/images/_vti_cnf ShuiZhiYi_Cartoon.jpg
2013.09.01 16:32 B C:\Website\fxl\images\_vti_cnf\SongXiaoPing1969_sm.jpg --> 68516.42la.com.cn /68516/images/_vti_cnf SongXiaoPing1969_sm.jpg
2013.09.01 16:32 B C:\Website\fxl\images\_vti_cnf\Spear.jpg --> 68516.42la.com.cn /68516/images/_vti_cnf Spear.jpg
2013.09.01 16:32 B C:\Website\fxl\images\_vti_cnf\SpearTeamFemale.jpg --> 68516.42la.com.cn /68516/images/_vti_cnf SpearTeamFemale.jpg
2013.09.01 16:32 B C:\Website\fxl\images\_vti_cnf\SunNingLing1969_sm.jpg --> 68516.42la.com.cn /68516/images/_vti_cnf SunNingLing1969_sm.jpg
2013.09.01 16:32 B C:\Website\fxl\images\_vti_cnf\TitleBaner.jpg --> 68516.42la.com.cn /68516/images/_vti_cnf TitleBaner.jpg
2013.09.01 16:32 B C:\Website\fxl\images\_vti_cnf\WS_FTP.LOG --> 68516.42la.com.cn /68516/images/_vti_cnf WS_FTP.LOG
2013.09.01 16:32 B C:\Website\fxl\images\_vti_cnf\YaoXingWei66_sm.jpg --> 68516.42la.com.cn /68516/images/_vti_cnf YaoXingWei66_sm.jpg
2013.09.01 16:32 B C:\Website\fxl\images\_vti_cnf\YingXuYan1969_sm.jpg --> 68516.42la.com.cn /68516/images/_vti_cnf YingXuYan1969_sm.jpg
2013.09.01 16:32 B C:\Website\fxl\images\_vti_cnf\ZhangXuePing1966_sm.jpg --> 68516.42la.com.cn /68516/images/_vti_cnf ZhangXuePing1966_sm.jpg
