vti_encoding:SR|utf8-nl
vti_timelastmodified:TR|21 May 2007 14:52:35 -0000
vti_extenderversion:SR|5.0.2.2623
vti_author:SR|Laptop\\Nick
vti_modifiedby:SR|Laptop\\Nick
vti_timecreated:TR|21 May 2007 14:52:35 -0000
2010.08.22 15:47 B C:\user\nick\Website\Class1966\photogallery\photo4169\_vti_cnf\next.gif --> ftp.nickfeng.com /fxl/photogallery/photo4169/_vti_cnf next.gif
2010.08.22 15:47 B C:\user\nick\Website\Class1966\photogallery\photo4169\_vti_cnf\nextdis.gif --> ftp.nickfeng.com /fxl/photogallery/photo4169/_vti_cnf nextdis.gif
2010.08.22 15:47 B C:\user\nick\Website\Class1966\photogallery\photo4169\_vti_cnf\prev.gif --> ftp.nickfeng.com /fxl/photogallery/photo4169/_vti_cnf prev.gif
2010.08.22 15:47 B C:\user\nick\Website\Class1966\photogallery\photo4169\_vti_cnf\prevdis.gif --> ftp.nickfeng.com /fxl/photogallery/photo4169/_vti_cnf prevdis.gif
2010.08.22 15:47 B C:\user\nick\Website\Class1966\photogallery\photo4169\_vti_cnf\real.htm --> ftp.nickfeng.com /fxl/photogallery/photo4169/_vti_cnf real.htm
2010.08.22 15:47 B C:\user\nick\Website\Class1966\photogallery\photo4169\_vti_cnf\real_p.htm --> ftp.nickfeng.com /fxl/photogallery/photo4169/_vti_cnf real_p.htm
2010.08.22 15:47 B C:\user\nick\Website\Class1966\photogallery\photo4169\_vti_cnf\real_x.htm --> ftp.nickfeng.com /fxl/photogallery/photo4169/_vti_cnf real_x.htm
2010.08.22 15:47 B C:\user\nick\Website\Class1966\photogallery\photo4169\_vti_cnf\Rstrant07_03.jpg --> ftp.nickfeng.com /fxl/photogallery/photo4169/_vti_cnf Rstrant07_03.jpg
2010.08.22 15:47 B C:\user\nick\Website\Class1966\photogallery\photo4169\_vti_cnf\Rstrant07_04.jpg --> ftp.nickfeng.com /fxl/photogallery/photo4169/_vti_cnf Rstrant07_04.jpg
2010.08.22 15:47 B C:\user\nick\Website\Class1966\photogallery\photo4169\_vti_cnf\Rstrant07_05.jpg --> ftp.nickfeng.com /fxl/photogallery/photo4169/_vti_cnf Rstrant07_05.jpg
2010.08.22 15:47 B C:\user\nick\Website\Class1966\photogallery\photo4169\_vti_cnf\Rstrant07_06.jpg --> ftp.nickfeng.com /fxl/photogallery/photo4169/_vti_cnf Rstrant07_06.jpg
2010.08.22 15:47 B C:\user\nick\Website\Class1966\photogallery\photo4169\_vti_cnf\Rstrant07_07.jpg --> ftp.nickfeng.com /fxl/photogallery/photo4169/_vti_cnf Rstrant07_07.jpg
2010.08.22 15:47 B C:\user\nick\Website\Class1966\photogallery\photo4169\_vti_cnf\Rstrant07_08.jpg --> ftp.nickfeng.com /fxl/photogallery/photo4169/_vti_cnf Rstrant07_08.jpg
2010.08.22 15:47 B C:\user\nick\Website\Class1966\photogallery\photo4169\_vti_cnf\sldshow.js --> ftp.nickfeng.com /fxl/photogallery/photo4169/_vti_cnf sldshow.js
2010.08.22 15:47 B C:\user\nick\Website\Class1966\photogallery\photo4169\_vti_cnf\WS_FTP.LOG --> ftp.nickfeng.com /fxl/photogallery/photo4169/_vti_cnf WS_FTP.LOG
2012.10.18 10:22 B C:\Website\fxl\photogallery\photo4169\_vti_cnf\next.gif --> 68516.42la.com.cn /68516/photogallery/photo4169/_vti_cnf next.gif
2012.10.18 10:22 B C:\Website\fxl\photogallery\photo4169\_vti_cnf\nextdis.gif --> 68516.42la.com.cn /68516/photogallery/photo4169/_vti_cnf nextdis.gif
2012.10.18 10:22 B C:\Website\fxl\photogallery\photo4169\_vti_cnf\prev.gif --> 68516.42la.com.cn /68516/photogallery/photo4169/_vti_cnf prev.gif
2012.10.18 10:22 B C:\Website\fxl\photogallery\photo4169\_vti_cnf\prevdis.gif --> 68516.42la.com.cn /68516/photogallery/photo4169/_vti_cnf prevdis.gif
2012.10.18 10:22 B C:\Website\fxl\photogallery\photo4169\_vti_cnf\real.htm --> 68516.42la.com.cn /68516/photogallery/photo4169/_vti_cnf real.htm
2012.10.18 10:22 B C:\Website\fxl\photogallery\photo4169\_vti_cnf\real_p.htm --> 68516.42la.com.cn /68516/photogallery/photo4169/_vti_cnf real_p.htm
2012.10.18 10:22 B C:\Website\fxl\photogallery\photo4169\_vti_cnf\real_x.htm --> 68516.42la.com.cn /68516/photogallery/photo4169/_vti_cnf real_x.htm
2012.10.18 10:22 B C:\Website\fxl\photogallery\photo4169\_vti_cnf\Rstrant07_03.jpg --> 68516.42la.com.cn /68516/photogallery/photo4169/_vti_cnf Rstrant07_03.jpg
2012.10.18 10:22 B C:\Website\fxl\photogallery\photo4169\_vti_cnf\Rstrant07_04.jpg --> 68516.42la.com.cn /68516/photogallery/photo4169/_vti_cnf Rstrant07_04.jpg
2012.10.18 10:22 B C:\Website\fxl\photogallery\photo4169\_vti_cnf\Rstrant07_05.jpg --> 68516.42la.com.cn /68516/photogallery/photo4169/_vti_cnf Rstrant07_05.jpg
2012.10.18 10:22 B C:\Website\fxl\photogallery\photo4169\_vti_cnf\Rstrant07_06.jpg --> 68516.42la.com.cn /68516/photogallery/photo4169/_vti_cnf Rstrant07_06.jpg
2012.10.18 10:22 B C:\Website\fxl\photogallery\photo4169\_vti_cnf\Rstrant07_07.jpg --> 68516.42la.com.cn /68516/photogallery/photo4169/_vti_cnf Rstrant07_07.jpg
2012.10.18 10:22 B C:\Website\fxl\photogallery\photo4169\_vti_cnf\Rstrant07_08.jpg --> 68516.42la.com.cn /68516/photogallery/photo4169/_vti_cnf Rstrant07_08.jpg
2012.10.18 10:22 B C:\Website\fxl\photogallery\photo4169\_vti_cnf\sldshow.js --> 68516.42la.com.cn /68516/photogallery/photo4169/_vti_cnf sldshow.js
2012.10.18 10:22 B C:\Website\fxl\photogallery\photo4169\_vti_cnf\WS_FTP.LOG --> 68516.42la.com.cn /68516/photogallery/photo4169/_vti_cnf WS_FTP.LOG
2013.09.01 16:51 B C:\Website\fxl\photogallery\photo4169\_vti_cnf\next.gif --> 68516.42la.com.cn /68516/photogallery/photo4169/_vti_cnf next.gif
2013.09.01 16:51 B C:\Website\fxl\photogallery\photo4169\_vti_cnf\nextdis.gif --> 68516.42la.com.cn /68516/photogallery/photo4169/_vti_cnf nextdis.gif
2013.09.01 16:51 B C:\Website\fxl\photogallery\photo4169\_vti_cnf\prev.gif --> 68516.42la.com.cn /68516/photogallery/photo4169/_vti_cnf prev.gif
2013.09.01 16:51 B C:\Website\fxl\photogallery\photo4169\_vti_cnf\prevdis.gif --> 68516.42la.com.cn /68516/photogallery/photo4169/_vti_cnf prevdis.gif
2013.09.01 16:51 B C:\Website\fxl\photogallery\photo4169\_vti_cnf\real.htm --> 68516.42la.com.cn /68516/photogallery/photo4169/_vti_cnf real.htm
2013.09.01 16:51 B C:\Website\fxl\photogallery\photo4169\_vti_cnf\real_p.htm --> 68516.42la.com.cn /68516/photogallery/photo4169/_vti_cnf real_p.htm
2013.09.01 16:51 B C:\Website\fxl\photogallery\photo4169\_vti_cnf\real_x.htm --> 68516.42la.com.cn /68516/photogallery/photo4169/_vti_cnf real_x.htm
2013.09.01 16:52 B C:\Website\fxl\photogallery\photo4169\_vti_cnf\Rstrant07_03.jpg --> 68516.42la.com.cn /68516/photogallery/photo4169/_vti_cnf Rstrant07_03.jpg
2013.09.01 16:52 B C:\Website\fxl\photogallery\photo4169\_vti_cnf\Rstrant07_04.jpg --> 68516.42la.com.cn /68516/photogallery/photo4169/_vti_cnf Rstrant07_04.jpg
2013.09.01 16:52 B C:\Website\fxl\photogallery\photo4169\_vti_cnf\Rstrant07_05.jpg --> 68516.42la.com.cn /68516/photogallery/photo4169/_vti_cnf Rstrant07_05.jpg
2013.09.01 16:52 B C:\Website\fxl\photogallery\photo4169\_vti_cnf\Rstrant07_06.jpg --> 68516.42la.com.cn /68516/photogallery/photo4169/_vti_cnf Rstrant07_06.jpg
2013.09.01 16:52 B C:\Website\fxl\photogallery\photo4169\_vti_cnf\Rstrant07_07.jpg --> 68516.42la.com.cn /68516/photogallery/photo4169/_vti_cnf Rstrant07_07.jpg
2013.09.01 16:52 B C:\Website\fxl\photogallery\photo4169\_vti_cnf\Rstrant07_08.jpg --> 68516.42la.com.cn /68516/photogallery/photo4169/_vti_cnf Rstrant07_08.jpg
2013.09.01 16:52 B C:\Website\fxl\photogallery\photo4169\_vti_cnf\sldshow.js --> 68516.42la.com.cn /68516/photogallery/photo4169/_vti_cnf sldshow.js
2013.09.01 16:52 B C:\Website\fxl\photogallery\photo4169\_vti_cnf\WS_FTP.LOG --> 68516.42la.com.cn /68516/photogallery/photo4169/_vti_cnf WS_FTP.LOG
